[0.406s] DEBUG:colcon:Command line arguments: ['/usr/bin/colcon', 'build', '--symlink-install']
[0.406s] DEBUG:colcon:Parsed command line arguments: Namespace(log_base=None, log_level=None, verb_name='build', build_base='build', install_base='install', merge_install=False, symlink_install=True, test_result_base=None, continue_on_error=False, executor='parallel', parallel_workers=10, event_handlers=None, ignore_user_meta=False, metas=['./colcon.meta'], base_paths=['.'], packages_ignore=None, packages_ignore_regex=None, paths=None, packages_up_to=None, packages_up_to_regex=None, packages_above=None, packages_above_and_dependencies=None, packages_above_depth=None, packages_select_by_dep=None, packages_skip_by_dep=None, packages_skip_up_to=None, packages_select_build_failed=False, packages_skip_build_finished=False, packages_select_test_failures=False, packages_skip_test_passed=False, packages_select=None, packages_skip=None, packages_select_regex=None, packages_skip_regex=None, packages_start=None, packages_end=None, cmake_args=None, cmake_target=None, cmake_target_skip_unavailable=False, cmake_clean_cache=False, cmake_clean_first=False, cmake_force_configure=False, ament_cmake_args=None, catkin_cmake_args=None, catkin_skip_building_tests=False, mixin_files=None, mixin=None, verb_parser=<colcon_mixin.mixin.mixin_argument.MixinArgumentDecorator object at 0xffff96ad6470>, verb_extension=<colcon_core.verb.build.BuildVerb object at 0xffff96ad5f00>, main=<bound method BuildVerb.main of <colcon_core.verb.build.BuildVerb object at 0xffff96ad5f00>>, mixin_verb=('build',))
[1.033s] Level 1:colcon.colcon_core.package_discovery:discover_packages(colcon_meta) check parameters
[1.035s] INFO:colcon.colcon_metadata.package_discovery.colcon_meta:Using configuration from '/root/.colcon/metadata/default/Gazebo.meta'
[1.036s] INFO:colcon.colcon_metadata.package_discovery.colcon_meta:Using configuration from '/root/.colcon/metadata/default/fastdds.meta'
[1.037s] INFO:colcon.colcon_metadata.package_discovery.colcon_meta:Using configuration from '/root/.colcon/metadata/default/fastrtps.meta'
[1.038s] Level 1:colcon.colcon_core.package_discovery:discover_packages(recursive) check parameters
[1.038s] Level 1:colcon.colcon_core.package_discovery:discover_packages(ignore) check parameters
[1.038s] Level 1:colcon.colcon_core.package_discovery:discover_packages(path) check parameters
[1.039s] Level 1:colcon.colcon_core.package_discovery:discover_packages(colcon_meta) discover
[1.039s] Level 1:colcon.colcon_core.package_discovery:discover_packages(recursive) discover
[1.039s] INFO:colcon.colcon_core.package_discovery:Crawling recursively for packages in '/root/ros2_workspace'
[1.041s] Level 1:colcon.colcon_core.package_identification:_identify(.) by extensions ['ignore', 'ignore_ament_install']
[1.041s] Level 1:colcon.colcon_core.package_identification:_identify(.) by extension 'ignore'
[1.042s] Level 1:colcon.colcon_core.package_identification:_identify(.) by extension 'ignore_ament_install'
[1.042s] Level 1:colcon.colcon_core.package_identification:_identify(.) by extensions ['colcon_pkg']
[1.042s] Level 1:colcon.colcon_core.package_identification:_identify(.) by extension 'colcon_pkg'
[1.043s] Level 1:colcon.colcon_core.package_identification:_identify(.) by extensions ['colcon_meta']
[1.044s] Level 1:colcon.colcon_core.package_identification:_identify(.) by extension 'colcon_meta'
[1.044s] Level 1:colcon.colcon_core.package_identification:_identify(.) by extensions ['ros']
[1.044s] Level 1:colcon.colcon_core.package_identification:_identify(.) by extension 'ros'
[1.084s] Level 1:colcon.colcon_core.package_identification:_identify(.) by extensions ['cmake', 'python']
[1.084s] Level 1:colcon.colcon_core.package_identification:_identify(.) by extension 'cmake'
[1.086s] Level 1:colcon.colcon_core.package_identification:_identify(.) by extension 'python'
[1.087s] Level 1:colcon.colcon_core.package_identification:_identify(.) by extensions ['python_setup_py']
[1.087s] Level 1:colcon.colcon_core.package_identification:_identify(.) by extension 'python_setup_py'
[1.089s] Level 1:colcon.colcon_core.package_identification:_identify(build) by extensions ['ignore', 'ignore_ament_install']
[1.090s] Level 1:colcon.colcon_core.package_identification:_identify(build) by extension 'ignore'
[1.090s] Level 1:colcon.colcon_core.package_identification:_identify(build) ignored
[1.092s] Level 1:colcon.colcon_core.package_identification:_identify(install) by extensions ['ignore', 'ignore_ament_install']
[1.092s] Level 1:colcon.colcon_core.package_identification:_identify(install) by extension 'ignore'
[1.092s] Level 1:colcon.colcon_core.package_identification:_identify(install) ignored
[1.094s] Level 1:colcon.colcon_core.package_identification:_identify(log) by extensions ['ignore', 'ignore_ament_install']
[1.094s] Level 1:colcon.colcon_core.package_identification:_identify(log) by extension 'ignore'
[1.095s] Level 1:colcon.colcon_core.package_identification:_identify(log) ignored
[1.098s] Level 1:colcon.colcon_core.package_identification:_identify(src) by extensions ['ignore', 'ignore_ament_install']
[1.098s] Level 1:colcon.colcon_core.package_identification:_identify(src) by extension 'ignore'
[1.099s] Level 1:colcon.colcon_core.package_identification:_identify(src) by extension 'ignore_ament_install'
[1.100s] Level 1:colcon.colcon_core.package_identification:_identify(src) by extensions ['colcon_pkg']
[1.100s] Level 1:colcon.colcon_core.package_identification:_identify(src) by extension 'colcon_pkg'
[1.101s] Level 1:colcon.colcon_core.package_identification:_identify(src) by extensions ['colcon_meta']
[1.101s] Level 1:colcon.colcon_core.package_identification:_identify(src) by extension 'colcon_meta'
[1.101s] Level 1:colcon.colcon_core.package_identification:_identify(src) by extensions ['ros']
[1.102s] Level 1:colcon.colcon_core.package_identification:_identify(src) by extension 'ros'
[1.104s] Level 1:colcon.colcon_core.package_identification:_identify(src) by extensions ['cmake', 'python']
[1.104s] Level 1:colcon.colcon_core.package_identification:_identify(src) by extension 'cmake'
[1.106s] Level 1:colcon.colcon_core.package_identification:_identify(src) by extension 'python'
[1.106s] Level 1:colcon.colcon_core.package_identification:_identify(src) by extensions ['python_setup_py']
[1.107s] Level 1:colcon.colcon_core.package_identification:_identify(src) by extension 'python_setup_py'
[1.120s] Level 1:colcon.colcon_core.package_identification:_identify(src/px4_msgs) by extensions ['ignore', 'ignore_ament_install']
[1.126s] Level 1:colcon.colcon_core.package_identification:_identify(src/px4_msgs) by extension 'ignore'
[1.128s] Level 1:colcon.colcon_core.package_identification:_identify(src/px4_msgs) by extension 'ignore_ament_install'
[1.129s] Level 1:colcon.colcon_core.package_identification:_identify(src/px4_msgs) by extensions ['colcon_pkg']
[1.130s] Level 1:colcon.colcon_core.package_identification:_identify(src/px4_msgs) by extension 'colcon_pkg'
[1.130s] Level 1:colcon.colcon_core.package_identification:_identify(src/px4_msgs) by extensions ['colcon_meta']
[1.131s] Level 1:colcon.colcon_core.package_identification:_identify(src/px4_msgs) by extension 'colcon_meta'
[1.131s] Level 1:colcon.colcon_core.package_identification:_identify(src/px4_msgs) by extensions ['ros']
[1.132s] Level 1:colcon.colcon_core.package_identification:_identify(src/px4_msgs) by extension 'ros'
[1.153s] DEBUG:colcon.colcon_core.package_identification:Package 'src/px4_msgs' with type 'ros.ament_cmake' and name 'px4_msgs'
[1.154s] Level 1:colcon.colcon_core.package_discovery:discover_packages(recursive) using defaults
[1.154s] Level 1:colcon.colcon_core.package_discovery:discover_packages(ignore) discover
[1.155s] Level 1:colcon.colcon_core.package_discovery:discover_packages(ignore) using defaults
[1.155s] Level 1:colcon.colcon_core.package_discovery:discover_packages(path) discover
[1.155s] Level 1:colcon.colcon_core.package_discovery:discover_packages(path) using defaults
[1.227s] Level 5:colcon.colcon_core.verb:set package 'px4_msgs' build argument 'cmake_args' from command line to 'None'
[1.229s] Level 5:colcon.colcon_core.verb:set package 'px4_msgs' build argument 'cmake_target' from command line to 'None'
[1.230s] Level 5:colcon.colcon_core.verb:set package 'px4_msgs' build argument 'cmake_target_skip_unavailable' from command line to 'False'
[1.230s] Level 5:colcon.colcon_core.verb:set package 'px4_msgs' build argument 'cmake_clean_cache' from command line to 'False'
[1.230s] Level 5:colcon.colcon_core.verb:set package 'px4_msgs' build argument 'cmake_clean_first' from command line to 'False'
[1.231s] Level 5:colcon.colcon_core.verb:set package 'px4_msgs' build argument 'cmake_force_configure' from command line to 'False'
[1.231s] Level 5:colcon.colcon_core.verb:set package 'px4_msgs' build argument 'ament_cmake_args' from command line to 'None'
[1.231s] Level 5:colcon.colcon_core.verb:set package 'px4_msgs' build argument 'catkin_cmake_args' from command line to 'None'
[1.231s] Level 5:colcon.colcon_core.verb:set package 'px4_msgs' build argument 'catkin_skip_building_tests' from command line to 'False'
[1.232s] DEBUG:colcon.colcon_core.verb:Building package 'px4_msgs' with the following arguments: {'ament_cmake_args': None, 'build_base': '/root/ros2_workspace/build/px4_msgs', 'catkin_cmake_args': None, 'catkin_skip_building_tests': False, 'cmake_args': None, 'cmake_clean_cache': False, 'cmake_clean_first': False, 'cmake_force_configure': False, 'cmake_target': None, 'cmake_target_skip_unavailable': False, 'install_base': '/root/ros2_workspace/install/px4_msgs', 'merge_install': False, 'path': '/root/ros2_workspace/src/px4_msgs', 'symlink_install': True, 'test_result_base': None}
[1.232s] INFO:colcon.colcon_core.executor:Executing jobs using 'parallel' executor
[1.235s] DEBUG:colcon.colcon_parallel_executor.executor.parallel:run_until_complete
[1.236s] INFO:colcon.colcon_ros.task.ament_cmake.build:Building ROS package in '/root/ros2_workspace/src/px4_msgs' with build type 'ament_cmake'
[1.237s] INFO:colcon.colcon_cmake.task.cmake.build:Building CMake package in '/root/ros2_workspace/src/px4_msgs'
[1.247s] INFO:colcon.colcon_core.plugin_system:Skipping extension 'colcon_core.shell.bat': Not used on non-Windows systems
[1.248s] INFO:colcon.colcon_core.shell:Skip shell extension 'powershell' for command environment: Not usable outside of PowerShell
[1.248s] DEBUG:colcon.colcon_core.shell:Skip shell extension 'dsv' for command environment
[1.309s] DEBUG:colcon.colcon_core.event_handler.log_command:Invoking command in '/root/ros2_workspace/build/px4_msgs': CMAKE_PREFIX_PATH=/opt/ros/humble /usr/bin/cmake /root/ros2_workspace/src/px4_msgs -DAMENT_CMAKE_SYMLINK_INSTALL=1 -DCMAKE_INSTALL_PREFIX=/root/ros2_workspace/install/px4_msgs
[23.565s] DEBUG:colcon.colcon_core.event_handler.log_command:Invoked command in '/root/ros2_workspace/build/px4_msgs' returned '0': CMAKE_PREFIX_PATH=/opt/ros/humble /usr/bin/cmake /root/ros2_workspace/src/px4_msgs -DAMENT_CMAKE_SYMLINK_INSTALL=1 -DCMAKE_INSTALL_PREFIX=/root/ros2_workspace/install/px4_msgs
[23.575s] DEBUG:colcon.colcon_core.event_handler.log_command:Invoking command in '/root/ros2_workspace/build/px4_msgs': CMAKE_PREFIX_PATH=/opt/ros/humble /usr/bin/cmake --build /root/ros2_workspace/build/px4_msgs -- -j10 -l10
[26.421s] DEBUG:colcon.colcon_core.event_handler.log_command:Invoked command in '/root/ros2_workspace/build/px4_msgs' returned '2': CMAKE_PREFIX_PATH=/opt/ros/humble /usr/bin/cmake --build /root/ros2_workspace/build/px4_msgs -- -j10 -l10
[26.430s] Level 1:colcon.colcon_core.environment:create_environment_scripts_only(px4_msgs)
[26.439s] Level 1:colcon.colcon_core.environment:checking '/root/ros2_workspace/install/px4_msgs' for CMake module files
[26.468s] Level 1:colcon.colcon_core.environment:checking '/root/ros2_workspace/install/px4_msgs' for CMake config files
[26.612s] Level 1:colcon.colcon_core.shell:create_environment_hook('px4_msgs', 'cmake_prefix_path')
[26.613s] INFO:colcon.colcon_core.shell:Creating environment hook '/root/ros2_workspace/install/px4_msgs/share/px4_msgs/hook/cmake_prefix_path.ps1'
[26.622s] INFO:colcon.colcon_core.shell:Creating environment descriptor '/root/ros2_workspace/install/px4_msgs/share/px4_msgs/hook/cmake_prefix_path.dsv'
[26.628s] INFO:colcon.colcon_core.shell:Creating environment hook '/root/ros2_workspace/install/px4_msgs/share/px4_msgs/hook/cmake_prefix_path.sh'
[26.687s] Level 1:colcon.colcon_core.environment:checking '/root/ros2_workspace/install/px4_msgs/lib'
[26.711s] Level 1:colcon.colcon_core.shell:create_environment_hook('px4_msgs', 'ld_library_path_lib')
[26.712s] INFO:colcon.colcon_core.shell:Creating environment hook '/root/ros2_workspace/install/px4_msgs/share/px4_msgs/hook/ld_library_path_lib.ps1'
[26.718s] INFO:colcon.colcon_core.shell:Creating environment descriptor '/root/ros2_workspace/install/px4_msgs/share/px4_msgs/hook/ld_library_path_lib.dsv'
[26.727s] INFO:colcon.colcon_core.shell:Creating environment hook '/root/ros2_workspace/install/px4_msgs/share/px4_msgs/hook/ld_library_path_lib.sh'
[26.742s] Level 1:colcon.colcon_core.environment:checking '/root/ros2_workspace/install/px4_msgs/bin'
[26.746s] Level 1:colcon.colcon_core.environment:checking '/root/ros2_workspace/install/px4_msgs/lib/pkgconfig/px4_msgs.pc'
[26.762s] Level 1:colcon.colcon_core.environment:checking '/root/ros2_workspace/install/px4_msgs/lib/python3.10/site-packages'
[26.768s] Level 1:colcon.colcon_core.environment:checking '/root/ros2_workspace/install/px4_msgs/bin'
[26.775s] INFO:colcon.colcon_core.shell:Creating package script '/root/ros2_workspace/install/px4_msgs/share/px4_msgs/package.ps1'
[26.796s] INFO:colcon.colcon_core.shell:Creating package descriptor '/root/ros2_workspace/install/px4_msgs/share/px4_msgs/package.dsv'
[26.824s] INFO:colcon.colcon_core.shell:Creating package script '/root/ros2_workspace/install/px4_msgs/share/px4_msgs/package.sh'
[26.836s] INFO:colcon.colcon_core.shell:Creating package script '/root/ros2_workspace/install/px4_msgs/share/px4_msgs/package.bash'
[26.846s] INFO:colcon.colcon_core.shell:Creating package script '/root/ros2_workspace/install/px4_msgs/share/px4_msgs/package.zsh'
[26.855s] Level 1:colcon.colcon_core.environment:create_file_with_runtime_dependencies(/root/ros2_workspace/install/px4_msgs/share/colcon-core/packages/px4_msgs)
[26.889s] DEBUG:colcon.colcon_parallel_executor.executor.parallel:closing loop
[26.892s] DEBUG:colcon.colcon_parallel_executor.executor.parallel:loop closed
[26.893s] DEBUG:colcon.colcon_parallel_executor.executor.parallel:run_until_complete finished with '2'
[26.901s] DEBUG:colcon.colcon_core.event_reactor:joining thread
[27.068s] INFO:colcon.colcon_core.plugin_system:Skipping extension 'colcon_notification.desktop_notification.notify_send': Could not find 'notify-send'
[27.069s] INFO:colcon.colcon_core.plugin_system:Skipping extension 'colcon_notification.desktop_notification.terminal_notifier': Not used on non-Darwin systems
[27.070s] INFO:colcon.colcon_core.plugin_system:Skipping extension 'colcon_notification.desktop_notification.win32': Not used on non-Windows systems
[27.070s] INFO:colcon.colcon_notification.desktop_notification:Sending desktop notification using 'notify2'
[27.071s] DEBUG:colcon.colcon_notification.desktop_notification.notify2:Failed to initialize notify2: org.freedesktop.DBus.Error.NotSupported: Unable to autolaunch a dbus-daemon without a $DISPLAY for X11
[27.072s] DEBUG:colcon.colcon_core.event_reactor:joined thread
[27.075s] INFO:colcon.colcon_core.shell:Creating prefix script '/root/ros2_workspace/install/local_setup.ps1'
[27.092s] INFO:colcon.colcon_core.shell:Creating prefix util module '/root/ros2_workspace/install/_local_setup_util_ps1.py'
[27.111s] INFO:colcon.colcon_core.shell:Creating prefix chain script '/root/ros2_workspace/install/setup.ps1'
[27.126s] INFO:colcon.colcon_core.shell:Creating prefix script '/root/ros2_workspace/install/local_setup.sh'
[27.143s] INFO:colcon.colcon_core.shell:Creating prefix util module '/root/ros2_workspace/install/_local_setup_util_sh.py'
[27.156s] INFO:colcon.colcon_core.shell:Creating prefix chain script '/root/ros2_workspace/install/setup.sh'
[27.162s] INFO:colcon.colcon_core.shell:Creating prefix script '/root/ros2_workspace/install/local_setup.bash'
[27.178s] INFO:colcon.colcon_core.shell:Creating prefix chain script '/root/ros2_workspace/install/setup.bash'
[27.184s] INFO:colcon.colcon_core.shell:Creating prefix script '/root/ros2_workspace/install/local_setup.zsh'
[27.195s] INFO:colcon.colcon_core.shell:Creating prefix chain script '/root/ros2_workspace/install/setup.zsh'
