[0.058s] Invoking command in '/root/ros2_workspace/build/ros_gz_bridge': AMENT_PREFIX_PATH=/root/ros2_workspace/install/ros_gz_interfaces:${AMENT_PREFIX_PATH} CMAKE_PREFIX_PATH=/root/ros2_workspace/install/ros_gz_interfaces:/opt/ros/humble LD_LIBRARY_PATH=/root/ros2_workspace/install/ros_gz_interfaces/lib:${LD_LIBRARY_PATH} PYTHONPATH=/root/ros2_workspace/install/ros_gz_interfaces/local/lib/python3.10/dist-packages:${PYTHONPATH} /usr/bin/cmake /root/ros2_workspace/src/ros_gz/ros_gz_bridge -DCMAKE_INSTALL_PREFIX=/root/ros2_workspace/install/ros_gz_bridge
[0.308s] -- The C compiler identification is GNU 11.4.0
[0.576s] -- The CXX compiler identification is GNU 11.4.0
[0.588s] -- Detecting C compiler ABI info
[0.927s] -- Detecting C compiler ABI info - done
[0.946s] -- Check for working C compiler: /usr/bin/cc - skipped
[0.947s] -- Detecting C compile features
[0.948s] -- Detecting C compile features - done
[0.957s] -- Detecting CXX compiler ABI info
[1.416s] -- Detecting CXX compiler ABI info - done
[1.432s] -- Check for working CXX compiler: /usr/bin/c++ - skipped
[1.434s] -- Detecting CXX compile features
[1.436s] -- Detecting CXX compile features - done
[1.463s] -- Found ament_cmake: 1.3.12 (/opt/ros/humble/share/ament_cmake/cmake)
[1.841s] -- Found Python3: /usr/bin/python3 (found version "3.10.12") found components: Interpreter 
[2.145s] -- Found rclcpp: 16.0.17 (/opt/ros/humble/share/rclcpp/cmake)
[2.334s] -- Found rosidl_generator_c: 3.1.8 (/opt/ros/humble/share/rosidl_generator_c/cmake)
[2.376s] -- Found rosidl_adapter: 3.1.8 (/opt/ros/humble/share/rosidl_adapter/cmake)
[2.413s] -- Found rosidl_generator_cpp: 3.1.8 (/opt/ros/humble/share/rosidl_generator_cpp/cmake)
[2.460s] -- Using all available rosidl_typesupport_c: rosidl_typesupport_fastrtps_c;rosidl_typesupport_introspection_c
[2.537s] -- Using all available rosidl_typesupport_cpp: rosidl_typesupport_fastrtps_cpp;rosidl_typesupport_introspection_cpp
[2.810s] -- Found rmw_implementation_cmake: 6.1.2 (/opt/ros/humble/share/rmw_implementation_cmake/cmake)
[2.826s] -- Found rmw_fastrtps_cpp: 6.2.9 (/opt/ros/humble/share/rmw_fastrtps_cpp/cmake)
[2.863s] -- Found OpenSSL: /usr/lib/aarch64-linux-gnu/libcrypto.so (found version "3.0.2")  
[2.864s] -- Found FastRTPS: /opt/ros/humble/include  
[2.865s] -- Using RMW implementation 'rmw_fastrtps_cpp' as default
[2.866s] -- Looking for pthread.h
[3.061s] -- Looking for pthread.h - found
[3.067s] -- Performing Test CMAKE_HAVE_LIBC_PTHREAD
[3.309s] -- Performing Test CMAKE_HAVE_LIBC_PTHREAD - Success
[3.311s] -- Found Threads: TRUE  
[3.405s] -- Found rclcpp_components: 16.0.17 (/opt/ros/humble/share/rclcpp_components/cmake)
[3.447s] -- Found yaml_cpp_vendor: 8.0.2 (/opt/ros/humble/share/yaml_cpp_vendor/cmake)
[3.476s] [31mCMake Error at CMakeLists.txt:20 (find_package):
[3.477s]   By not providing "Findgz_transport_vendor.cmake" in CMAKE_MODULE_PATH this
[3.478s]   project has asked CMake to find a package configuration file provided by
[3.479s]   "gz_transport_vendor", but CMake did not find one.
[3.480s] 
[3.482s]   Could not find a package configuration file provided by
[3.483s]   "gz_transport_vendor" with any of the following names:
[3.484s] 
[3.485s]     gz_transport_vendorConfig.cmake
[3.485s]     gz_transport_vendor-config.cmake
[3.486s] 
[3.486s]   Add the installation prefix of "gz_transport_vendor" to CMAKE_PREFIX_PATH
[3.487s]   or set "gz_transport_vendor_DIR" to a directory containing one of the above
[3.487s]   files.  If "gz_transport_vendor" provides a separate development package or
[3.487s]   SDK, be sure it has been installed.
[3.488s] 
[3.488s] [0m
[3.490s] -- Configuring incomplete, errors occurred!
[3.491s] See also "/root/ros2_workspace/build/ros_gz_bridge/CMakeFiles/CMakeOutput.log".
[3.497s] Invoked command in '/root/ros2_workspace/build/ros_gz_bridge' returned '1': AMENT_PREFIX_PATH=/root/ros2_workspace/install/ros_gz_interfaces:${AMENT_PREFIX_PATH} CMAKE_PREFIX_PATH=/root/ros2_workspace/install/ros_gz_interfaces:/opt/ros/humble LD_LIBRARY_PATH=/root/ros2_workspace/install/ros_gz_interfaces/lib:${LD_LIBRARY_PATH} PYTHONPATH=/root/ros2_workspace/install/ros_gz_interfaces/local/lib/python3.10/dist-packages:${PYTHONPATH} /usr/bin/cmake /root/ros2_workspace/src/ros_gz/ros_gz_bridge -DCMAKE_INSTALL_PREFIX=/root/ros2_workspace/install/ros_gz_bridge
