[0.028s] Invoking command in '/root/ros2_workspace/build/ros_gz_bridge': AMENT_PREFIX_PATH=/root/ros2_workspace/install/ros_gz_interfaces:${AMENT_PREFIX_PATH} CMAKE_PREFIX_PATH=/root/ros2_workspace/install/ros_gz_interfaces:/opt/ros/humble LD_LIBRARY_PATH=/root/ros2_workspace/install/ros_gz_interfaces/lib:${LD_LIBRARY_PATH} PYTHONPATH=/root/ros2_workspace/install/ros_gz_interfaces/local/lib/python3.10/dist-packages:${PYTHONPATH} /usr/bin/cmake /root/ros2_workspace/src/ros_gz/ros_gz_bridge -DCMAKE_INSTALL_PREFIX=/root/ros2_workspace/install/ros_gz_bridge
[0.060s] -- Found ament_cmake: 1.3.12 (/opt/ros/humble/share/ament_cmake/cmake)
[0.226s] -- Found rclcpp: 16.0.17 (/opt/ros/humble/share/rclcpp/cmake)
[0.248s] -- Found rosidl_generator_c: 3.1.8 (/opt/ros/humble/share/rosidl_generator_c/cmake)
[0.249s] -- Found rosidl_adapter: 3.1.8 (/opt/ros/humble/share/rosidl_adapter/cmake)
[0.253s] -- Found rosidl_generator_cpp: 3.1.8 (/opt/ros/humble/share/rosidl_generator_cpp/cmake)
[0.262s] -- Using all available rosidl_typesupport_c: rosidl_typesupport_fastrtps_c;rosidl_typesupport_introspection_c
[0.279s] -- Using all available rosidl_typesupport_cpp: rosidl_typesupport_fastrtps_cpp;rosidl_typesupport_introspection_cpp
[0.320s] -- Found rmw_implementation_cmake: 6.1.2 (/opt/ros/humble/share/rmw_implementation_cmake/cmake)
[0.322s] -- Found rmw_fastrtps_cpp: 6.2.9 (/opt/ros/humble/share/rmw_fastrtps_cpp/cmake)
[0.483s] -- Using RMW implementation 'rmw_fastrtps_cpp' as default
[0.527s] -- Found rclcpp_components: 16.0.17 (/opt/ros/humble/share/rclcpp_components/cmake)
[0.542s] -- Found yaml_cpp_vendor: 8.0.2 (/opt/ros/humble/share/yaml_cpp_vendor/cmake)
[0.573s] [31mCMake Error at CMakeLists.txt:20 (find_package):
[0.574s]   By not providing "Findgz_transport_vendor.cmake" in CMAKE_MODULE_PATH this
[0.575s]   project has asked CMake to find a package configuration file provided by
[0.576s]   "gz_transport_vendor", but CMake did not find one.
[0.576s] 
[0.577s]   Could not find a package configuration file provided by
[0.578s]   "gz_transport_vendor" with any of the following names:
[0.579s] 
[0.582s]     gz_transport_vendorConfig.cmake
[0.583s]     gz_transport_vendor-config.cmake
[0.586s] 
[0.587s]   Add the installation prefix of "gz_transport_vendor" to CMAKE_PREFIX_PATH
[0.588s]   or set "gz_transport_vendor_DIR" to a directory containing one of the above
[0.591s]   files.  If "gz_transport_vendor" provides a separate development package or
[0.591s]   SDK, be sure it has been installed.
[0.592s] 
[0.592s] [0m
[0.592s] -- Configuring incomplete, errors occurred!
[0.592s] See also "/root/ros2_workspace/build/ros_gz_bridge/CMakeFiles/CMakeOutput.log".
[0.593s] Invoked command in '/root/ros2_workspace/build/ros_gz_bridge' returned '1': AMENT_PREFIX_PATH=/root/ros2_workspace/install/ros_gz_interfaces:${AMENT_PREFIX_PATH} CMAKE_PREFIX_PATH=/root/ros2_workspace/install/ros_gz_interfaces:/opt/ros/humble LD_LIBRARY_PATH=/root/ros2_workspace/install/ros_gz_interfaces/lib:${LD_LIBRARY_PATH} PYTHONPATH=/root/ros2_workspace/install/ros_gz_interfaces/local/lib/python3.10/dist-packages:${PYTHONPATH} /usr/bin/cmake /root/ros2_workspace/src/ros_gz/ros_gz_bridge -DCMAKE_INSTALL_PREFIX=/root/ros2_workspace/install/ros_gz_bridge
