[0.017s] Invoking command in '/root/ros2_workspace/build/ros_gz_interfaces': CMAKE_PREFIX_PATH=/opt/ros/humble /usr/bin/cmake --build /root/ros2_workspace/build/ros_gz_interfaces -- -j10 -l10
[0.120s] [  0%] Built target ros_gz_interfaces__cpp
[0.170s] [ 13%] Built target ros_gz_interfaces__rosidl_generator_c
[0.250s] [ 43%] Built target ros_gz_interfaces__rosidl_typesupport_cpp
[0.258s] [ 49%] Built target ros_gz_interfaces__rosidl_typesupport_introspection_cpp
[0.263s] [ 51%] Built target ros_gz_interfaces__rosidl_typesupport_fastrtps_cpp
[0.278s] [ 63%] Built target ros_gz_interfaces__rosidl_typesupport_c
[0.288s] [ 81%] Built target ros_gz_interfaces__rosidl_typesupport_introspection_c
[0.291s] [ 86%] Built target ros_gz_interfaces__rosidl_typesupport_fastrtps_c
[0.309s] [ 86%] Built target ros_gz_interfaces
[0.329s] [ 86%] Built target ros_gz_interfaces__py
[0.375s] [ 97%] Built target ros_gz_interfaces__rosidl_generator_py
[0.404s] [100%] Built target ros_gz_interfaces__rosidl_typesupport_c__pyext
[0.404s] [100%] Built target ros_gz_interfaces__rosidl_typesupport_introspection_c__pyext
[0.405s] [100%] Built target ros_gz_interfaces__rosidl_typesupport_fastrtps_c__pyext
[0.422s] [100%] Built target ament_cmake_python_copy_ros_gz_interfaces
[0.517s] running egg_info
[0.518s] writing ros_gz_interfaces.egg-info/PKG-INFO
[0.518s] writing dependency_links to ros_gz_interfaces.egg-info/dependency_links.txt
[0.519s] writing top-level names to ros_gz_interfaces.egg-info/top_level.txt
[0.524s] reading manifest file 'ros_gz_interfaces.egg-info/SOURCES.txt'
[0.525s] writing manifest file 'ros_gz_interfaces.egg-info/SOURCES.txt'
[0.542s] [100%] Built target ament_cmake_python_build_ros_gz_interfaces_egg
[0.569s] Invoked command in '/root/ros2_workspace/build/ros_gz_interfaces' returned '0': CMAKE_PREFIX_PATH=/opt/ros/humble /usr/bin/cmake --build /root/ros2_workspace/build/ros_gz_interfaces -- -j10 -l10
[0.580s] Invoking command in '/root/ros2_workspace/build/ros_gz_interfaces': CMAKE_PREFIX_PATH=/opt/ros/humble /usr/bin/cmake --install /root/ros2_workspace/build/ros_gz_interfaces
[0.585s] -- Install configuration: ""
[0.585s] -- Up-to-date: /root/ros2_workspace/install/ros_gz_interfaces/share/ament_index/resource_index/rosidl_interfaces/ros_gz_interfaces
[0.586s] -- Up-to-date: /root/ros2_workspace/install/ros_gz_interfaces/include/ros_gz_interfaces/ros_gz_interfaces
[0.587s] -- Up-to-date: /root/ros2_workspace/install/ros_gz_interfaces/include/ros_gz_interfaces/ros_gz_interfaces/msg
[0.588s] -- Up-to-date: /root/ros2_workspace/install/ros_gz_interfaces/include/ros_gz_interfaces/ros_gz_interfaces/msg/sensor_noise.h
[0.588s] -- Up-to-date: /root/ros2_workspace/install/ros_gz_interfaces/include/ros_gz_interfaces/ros_gz_interfaces/msg/gui_camera.h
[0.589s] -- Up-to-date: /root/ros2_workspace/install/ros_gz_interfaces/include/ros_gz_interfaces/ros_gz_interfaces/msg/rosidl_generator_c__visibility_control.h
[0.590s] -- Up-to-date: /root/ros2_workspace/install/ros_gz_interfaces/include/ros_gz_interfaces/ros_gz_interfaces/msg/entity_wrench.h
[0.591s] -- Up-to-date: /root/ros2_workspace/install/ros_gz_interfaces/include/ros_gz_interfaces/ros_gz_interfaces/msg/altimeter.h
[0.591s] -- Up-to-date: /root/ros2_workspace/install/ros_gz_interfaces/include/ros_gz_interfaces/ros_gz_interfaces/msg/light.h
[0.592s] -- Up-to-date: /root/ros2_workspace/install/ros_gz_interfaces/include/ros_gz_interfaces/ros_gz_interfaces/msg/param_vec.h
[0.592s] -- Up-to-date: /root/ros2_workspace/install/ros_gz_interfaces/include/ros_gz_interfaces/ros_gz_interfaces/msg/material_color.h
[0.592s] -- Up-to-date: /root/ros2_workspace/install/ros_gz_interfaces/include/ros_gz_interfaces/ros_gz_interfaces/msg/track_visual.h
[0.593s] -- Up-to-date: /root/ros2_workspace/install/ros_gz_interfaces/include/ros_gz_interfaces/ros_gz_interfaces/msg/string_vec.h
[0.594s] -- Up-to-date: /root/ros2_workspace/install/ros_gz_interfaces/include/ros_gz_interfaces/ros_gz_interfaces/msg/contact.h
[0.595s] -- Up-to-date: /root/ros2_workspace/install/ros_gz_interfaces/include/ros_gz_interfaces/ros_gz_interfaces/msg/detail
[0.596s] -- Up-to-date: /root/ros2_workspace/install/ros_gz_interfaces/include/ros_gz_interfaces/ros_gz_interfaces/msg/detail/world_control__struct.h
[0.596s] -- Up-to-date: /root/ros2_workspace/install/ros_gz_interfaces/include/ros_gz_interfaces/ros_gz_interfaces/msg/detail/video_record__type_support.h
[0.597s] -- Up-to-date: /root/ros2_workspace/install/ros_gz_interfaces/include/ros_gz_interfaces/ros_gz_interfaces/msg/detail/contacts__type_support.h
[0.597s] -- Up-to-date: /root/ros2_workspace/install/ros_gz_interfaces/include/ros_gz_interfaces/ros_gz_interfaces/msg/detail/float32_array__functions.h
[0.598s] -- Up-to-date: /root/ros2_workspace/install/ros_gz_interfaces/include/ros_gz_interfaces/ros_gz_interfaces/msg/detail/light__functions.h
[0.598s] -- Up-to-date: /root/ros2_workspace/install/ros_gz_interfaces/include/ros_gz_interfaces/ros_gz_interfaces/msg/detail/contacts__functions.h
[0.599s] -- Up-to-date: /root/ros2_workspace/install/ros_gz_interfaces/include/ros_gz_interfaces/ros_gz_interfaces/msg/detail/logical_camera_image__type_support.h
[0.600s] -- Up-to-date: /root/ros2_workspace/install/ros_gz_interfaces/include/ros_gz_interfaces/ros_gz_interfaces/msg/detail/entity__struct.h
[0.600s] -- Up-to-date: /root/ros2_workspace/install/ros_gz_interfaces/include/ros_gz_interfaces/ros_gz_interfaces/msg/detail/entity_wrench__functions.h
[0.600s] -- Up-to-date: /root/ros2_workspace/install/ros_gz_interfaces/include/ros_gz_interfaces/ros_gz_interfaces/msg/detail/param_vec__functions.h
[0.601s] -- Up-to-date: /root/ros2_workspace/install/ros_gz_interfaces/include/ros_gz_interfaces/ros_gz_interfaces/msg/detail/param_vec__type_support.h
[0.601s] -- Up-to-date: /root/ros2_workspace/install/ros_gz_interfaces/include/ros_gz_interfaces/ros_gz_interfaces/msg/detail/track_visual__struct.h
[0.602s] -- Up-to-date: /root/ros2_workspace/install/ros_gz_interfaces/include/ros_gz_interfaces/ros_gz_interfaces/msg/detail/string_vec__functions.h
[0.602s] -- Up-to-date: /root/ros2_workspace/install/ros_gz_interfaces/include/ros_gz_interfaces/ros_gz_interfaces/msg/detail/logical_camera_image__functions.h
[0.603s] -- Up-to-date: /root/ros2_workspace/install/ros_gz_interfaces/include/ros_gz_interfaces/ros_gz_interfaces/msg/detail/string_vec__struct.h
[0.603s] -- Up-to-date: /root/ros2_workspace/install/ros_gz_interfaces/include/ros_gz_interfaces/ros_gz_interfaces/msg/detail/material_color__type_support.h
[0.604s] -- Up-to-date: /root/ros2_workspace/install/ros_gz_interfaces/include/ros_gz_interfaces/ros_gz_interfaces/msg/detail/track_visual__type_support.h
[0.604s] -- Up-to-date: /root/ros2_workspace/install/ros_gz_interfaces/include/ros_gz_interfaces/ros_gz_interfaces/msg/detail/logical_camera_image__struct.h
[0.605s] -- Up-to-date: /root/ros2_workspace/install/ros_gz_interfaces/include/ros_gz_interfaces/ros_gz_interfaces/msg/detail/video_record__functions.c
[0.606s] -- Up-to-date: /root/ros2_workspace/install/ros_gz_interfaces/include/ros_gz_interfaces/ros_gz_interfaces/msg/detail/world_reset__struct.h
[0.606s] -- Up-to-date: /root/ros2_workspace/install/ros_gz_interfaces/include/ros_gz_interfaces/ros_gz_interfaces/msg/detail/logical_camera_image_model__struct.h
[0.607s] -- Up-to-date: /root/ros2_workspace/install/ros_gz_interfaces/include/ros_gz_interfaces/ros_gz_interfaces/msg/detail/world_control__functions.h
[0.607s] -- Up-to-date: /root/ros2_workspace/install/ros_gz_interfaces/include/ros_gz_interfaces/ros_gz_interfaces/msg/detail/gui_camera__functions.h
[0.608s] -- Up-to-date: /root/ros2_workspace/install/ros_gz_interfaces/include/ros_gz_interfaces/ros_gz_interfaces/msg/detail/entity_factory__functions.c
[0.608s] -- Up-to-date: /root/ros2_workspace/install/ros_gz_interfaces/include/ros_gz_interfaces/ros_gz_interfaces/msg/detail/joint_wrench__functions.h
[0.609s] -- Up-to-date: /root/ros2_workspace/install/ros_gz_interfaces/include/ros_gz_interfaces/ros_gz_interfaces/msg/detail/dataframe__functions.c
[0.609s] -- Up-to-date: /root/ros2_workspace/install/ros_gz_interfaces/include/ros_gz_interfaces/ros_gz_interfaces/msg/detail/altimeter__functions.h
[0.610s] -- Up-to-date: /root/ros2_workspace/install/ros_gz_interfaces/include/ros_gz_interfaces/ros_gz_interfaces/msg/detail/track_visual__functions.h
[0.610s] -- Up-to-date: /root/ros2_workspace/install/ros_gz_interfaces/include/ros_gz_interfaces/ros_gz_interfaces/msg/detail/logical_camera_image_model__functions.c
[0.610s] -- Up-to-date: /root/ros2_workspace/install/ros_gz_interfaces/include/ros_gz_interfaces/ros_gz_interfaces/msg/detail/joint_wrench__struct.h
[0.611s] -- Up-to-date: /root/ros2_workspace/install/ros_gz_interfaces/include/ros_gz_interfaces/ros_gz_interfaces/msg/detail/video_record__struct.h
[0.612s] -- Up-to-date: /root/ros2_workspace/install/ros_gz_interfaces/include/ros_gz_interfaces/ros_gz_interfaces/msg/detail/material_color__struct.h
[0.612s] -- Up-to-date: /root/ros2_workspace/install/ros_gz_interfaces/include/ros_gz_interfaces/ros_gz_interfaces/msg/detail/entity_wrench__struct.h
[0.613s] -- Up-to-date: /root/ros2_workspace/install/ros_gz_interfaces/include/ros_gz_interfaces/ros_gz_interfaces/msg/detail/sensor_noise__functions.h
[0.613s] -- Up-to-date: /root/ros2_workspace/install/ros_gz_interfaces/include/ros_gz_interfaces/ros_gz_interfaces/msg/detail/material_color__functions.h
[0.613s] -- Up-to-date: /root/ros2_workspace/install/ros_gz_interfaces/include/ros_gz_interfaces/ros_gz_interfaces/msg/detail/world_reset__functions.c
[0.614s] -- Up-to-date: /root/ros2_workspace/install/ros_gz_interfaces/include/ros_gz_interfaces/ros_gz_interfaces/msg/detail/entity__functions.h
[0.614s] -- Up-to-date: /root/ros2_workspace/install/ros_gz_interfaces/include/ros_gz_interfaces/ros_gz_interfaces/msg/detail/contact__functions.c
[0.615s] -- Up-to-date: /root/ros2_workspace/install/ros_gz_interfaces/include/ros_gz_interfaces/ros_gz_interfaces/msg/detail/dataframe__type_support.h
[0.616s] -- Up-to-date: /root/ros2_workspace/install/ros_gz_interfaces/include/ros_gz_interfaces/ros_gz_interfaces/msg/detail/entity_factory__type_support.h
[0.616s] -- Up-to-date: /root/ros2_workspace/install/ros_gz_interfaces/include/ros_gz_interfaces/ros_gz_interfaces/msg/detail/contacts__functions.c
[0.616s] -- Up-to-date: /root/ros2_workspace/install/ros_gz_interfaces/include/ros_gz_interfaces/ros_gz_interfaces/msg/detail/entity_wrench__functions.c
[0.617s] -- Up-to-date: /root/ros2_workspace/install/ros_gz_interfaces/include/ros_gz_interfaces/ros_gz_interfaces/msg/detail/contact__type_support.h
[0.617s] -- Up-to-date: /root/ros2_workspace/install/ros_gz_interfaces/include/ros_gz_interfaces/ros_gz_interfaces/msg/detail/light__functions.c
[0.617s] -- Up-to-date: /root/ros2_workspace/install/ros_gz_interfaces/include/ros_gz_interfaces/ros_gz_interfaces/msg/detail/altimeter__struct.h
[0.618s] -- Up-to-date: /root/ros2_workspace/install/ros_gz_interfaces/include/ros_gz_interfaces/ros_gz_interfaces/msg/detail/float32_array__struct.h
[0.618s] -- Up-to-date: /root/ros2_workspace/install/ros_gz_interfaces/include/ros_gz_interfaces/ros_gz_interfaces/msg/detail/gui_camera__type_support.h
[0.619s] -- Up-to-date: /root/ros2_workspace/install/ros_gz_interfaces/include/ros_gz_interfaces/ros_gz_interfaces/msg/detail/sensor_noise__struct.h
[0.619s] -- Up-to-date: /root/ros2_workspace/install/ros_gz_interfaces/include/ros_gz_interfaces/ros_gz_interfaces/msg/detail/float32_array__type_support.h
[0.620s] -- Up-to-date: /root/ros2_workspace/install/ros_gz_interfaces/include/ros_gz_interfaces/ros_gz_interfaces/msg/detail/contact__struct.h
[0.620s] -- Up-to-date: /root/ros2_workspace/install/ros_gz_interfaces/include/ros_gz_interfaces/ros_gz_interfaces/msg/detail/float32_array__functions.c
[0.621s] -- Up-to-date: /root/ros2_workspace/install/ros_gz_interfaces/include/ros_gz_interfaces/ros_gz_interfaces/msg/detail/entity_factory__struct.h
[0.621s] -- Up-to-date: /root/ros2_workspace/install/ros_gz_interfaces/include/ros_gz_interfaces/ros_gz_interfaces/msg/detail/logical_camera_image_model__type_support.h
[0.621s] -- Up-to-date: /root/ros2_workspace/install/ros_gz_interfaces/include/ros_gz_interfaces/ros_gz_interfaces/msg/detail/entity__type_support.h
[0.622s] -- Up-to-date: /root/ros2_workspace/install/ros_gz_interfaces/include/ros_gz_interfaces/ros_gz_interfaces/msg/detail/string_vec__type_support.h
[0.622s] -- Up-to-date: /root/ros2_workspace/install/ros_gz_interfaces/include/ros_gz_interfaces/ros_gz_interfaces/msg/detail/sensor_noise__type_support.h
[0.623s] -- Up-to-date: /root/ros2_workspace/install/ros_gz_interfaces/include/ros_gz_interfaces/ros_gz_interfaces/msg/detail/logical_camera_image__functions.c
[0.623s] -- Up-to-date: /root/ros2_workspace/install/ros_gz_interfaces/include/ros_gz_interfaces/ros_gz_interfaces/msg/detail/string_vec__functions.c
[0.623s] -- Up-to-date: /root/ros2_workspace/install/ros_gz_interfaces/include/ros_gz_interfaces/ros_gz_interfaces/msg/detail/gui_camera__struct.h
[0.624s] -- Up-to-date: /root/ros2_workspace/install/ros_gz_interfaces/include/ros_gz_interfaces/ros_gz_interfaces/msg/detail/altimeter__type_support.h
[0.624s] -- Up-to-date: /root/ros2_workspace/install/ros_gz_interfaces/include/ros_gz_interfaces/ros_gz_interfaces/msg/detail/param_vec__functions.c
[0.624s] -- Up-to-date: /root/ros2_workspace/install/ros_gz_interfaces/include/ros_gz_interfaces/ros_gz_interfaces/msg/detail/light__struct.h
[0.625s] -- Up-to-date: /root/ros2_workspace/install/ros_gz_interfaces/include/ros_gz_interfaces/ros_gz_interfaces/msg/detail/track_visual__functions.c
[0.625s] -- Up-to-date: /root/ros2_workspace/install/ros_gz_interfaces/include/ros_gz_interfaces/ros_gz_interfaces/msg/detail/altimeter__functions.c
[0.625s] -- Up-to-date: /root/ros2_workspace/install/ros_gz_interfaces/include/ros_gz_interfaces/ros_gz_interfaces/msg/detail/entity_factory__functions.h
[0.626s] -- Up-to-date: /root/ros2_workspace/install/ros_gz_interfaces/include/ros_gz_interfaces/ros_gz_interfaces/msg/detail/dataframe__functions.h
[0.626s] -- Up-to-date: /root/ros2_workspace/install/ros_gz_interfaces/include/ros_gz_interfaces/ros_gz_interfaces/msg/detail/joint_wrench__functions.c
[0.626s] -- Up-to-date: /root/ros2_workspace/install/ros_gz_interfaces/include/ros_gz_interfaces/ros_gz_interfaces/msg/detail/gui_camera__functions.c
[0.627s] -- Up-to-date: /root/ros2_workspace/install/ros_gz_interfaces/include/ros_gz_interfaces/ros_gz_interfaces/msg/detail/world_control__type_support.h
[0.627s] -- Up-to-date: /root/ros2_workspace/install/ros_gz_interfaces/include/ros_gz_interfaces/ros_gz_interfaces/msg/detail/world_control__functions.c
[0.628s] -- Up-to-date: /root/ros2_workspace/install/ros_gz_interfaces/include/ros_gz_interfaces/ros_gz_interfaces/msg/detail/video_record__functions.h
[0.628s] -- Up-to-date: /root/ros2_workspace/install/ros_gz_interfaces/include/ros_gz_interfaces/ros_gz_interfaces/msg/detail/param_vec__struct.h
[0.628s] -- Up-to-date: /root/ros2_workspace/install/ros_gz_interfaces/include/ros_gz_interfaces/ros_gz_interfaces/msg/detail/entity_wrench__type_support.h
[0.629s] -- Up-to-date: /root/ros2_workspace/install/ros_gz_interfaces/include/ros_gz_interfaces/ros_gz_interfaces/msg/detail/contacts__struct.h
[0.629s] -- Up-to-date: /root/ros2_workspace/install/ros_gz_interfaces/include/ros_gz_interfaces/ros_gz_interfaces/msg/detail/contact__functions.h
[0.629s] -- Up-to-date: /root/ros2_workspace/install/ros_gz_interfaces/include/ros_gz_interfaces/ros_gz_interfaces/msg/detail/entity__functions.c
[0.630s] -- Up-to-date: /root/ros2_workspace/install/ros_gz_interfaces/include/ros_gz_interfaces/ros_gz_interfaces/msg/detail/world_reset__functions.h
[0.630s] -- Up-to-date: /root/ros2_workspace/install/ros_gz_interfaces/include/ros_gz_interfaces/ros_gz_interfaces/msg/detail/material_color__functions.c
[0.630s] -- Up-to-date: /root/ros2_workspace/install/ros_gz_interfaces/include/ros_gz_interfaces/ros_gz_interfaces/msg/detail/sensor_noise__functions.c
[0.631s] -- Up-to-date: /root/ros2_workspace/install/ros_gz_interfaces/include/ros_gz_interfaces/ros_gz_interfaces/msg/detail/light__type_support.h
[0.631s] -- Up-to-date: /root/ros2_workspace/install/ros_gz_interfaces/include/ros_gz_interfaces/ros_gz_interfaces/msg/detail/dataframe__struct.h
[0.632s] -- Up-to-date: /root/ros2_workspace/install/ros_gz_interfaces/include/ros_gz_interfaces/ros_gz_interfaces/msg/detail/world_reset__type_support.h
[0.632s] -- Up-to-date: /root/ros2_workspace/install/ros_gz_interfaces/include/ros_gz_interfaces/ros_gz_interfaces/msg/detail/logical_camera_image_model__functions.h
[0.633s] -- Up-to-date: /root/ros2_workspace/install/ros_gz_interfaces/include/ros_gz_interfaces/ros_gz_interfaces/msg/detail/joint_wrench__type_support.h
[0.633s] -- Up-to-date: /root/ros2_workspace/install/ros_gz_interfaces/include/ros_gz_interfaces/ros_gz_interfaces/msg/entity.h
[0.633s] -- Up-to-date: /root/ros2_workspace/install/ros_gz_interfaces/include/ros_gz_interfaces/ros_gz_interfaces/msg/contacts.h
[0.634s] -- Up-to-date: /root/ros2_workspace/install/ros_gz_interfaces/include/ros_gz_interfaces/ros_gz_interfaces/msg/joint_wrench.h
[0.634s] -- Up-to-date: /root/ros2_workspace/install/ros_gz_interfaces/include/ros_gz_interfaces/ros_gz_interfaces/msg/video_record.h
[0.634s] -- Up-to-date: /root/ros2_workspace/install/ros_gz_interfaces/include/ros_gz_interfaces/ros_gz_interfaces/msg/logical_camera_image.h
[0.635s] -- Up-to-date: /root/ros2_workspace/install/ros_gz_interfaces/include/ros_gz_interfaces/ros_gz_interfaces/msg/dataframe.h
[0.635s] -- Up-to-date: /root/ros2_workspace/install/ros_gz_interfaces/include/ros_gz_interfaces/ros_gz_interfaces/msg/world_control.h
[0.636s] -- Up-to-date: /root/ros2_workspace/install/ros_gz_interfaces/include/ros_gz_interfaces/ros_gz_interfaces/msg/world_reset.h
[0.636s] -- Up-to-date: /root/ros2_workspace/install/ros_gz_interfaces/include/ros_gz_interfaces/ros_gz_interfaces/msg/entity_factory.h
[0.637s] -- Up-to-date: /root/ros2_workspace/install/ros_gz_interfaces/include/ros_gz_interfaces/ros_gz_interfaces/msg/float32_array.h
[0.637s] -- Up-to-date: /root/ros2_workspace/install/ros_gz_interfaces/include/ros_gz_interfaces/ros_gz_interfaces/msg/logical_camera_image_model.h
[0.637s] -- Up-to-date: /root/ros2_workspace/install/ros_gz_interfaces/include/ros_gz_interfaces/ros_gz_interfaces/srv
[0.638s] -- Up-to-date: /root/ros2_workspace/install/ros_gz_interfaces/include/ros_gz_interfaces/ros_gz_interfaces/srv/detail
[0.639s] -- Up-to-date: /root/ros2_workspace/install/ros_gz_interfaces/include/ros_gz_interfaces/ros_gz_interfaces/srv/detail/delete_entity__type_support.h
[0.639s] -- Up-to-date: /root/ros2_workspace/install/ros_gz_interfaces/include/ros_gz_interfaces/ros_gz_interfaces/srv/detail/spawn_entity__struct.h
[0.639s] -- Up-to-date: /root/ros2_workspace/install/ros_gz_interfaces/include/ros_gz_interfaces/ros_gz_interfaces/srv/detail/set_entity_pose__type_support.h
[0.640s] -- Up-to-date: /root/ros2_workspace/install/ros_gz_interfaces/include/ros_gz_interfaces/ros_gz_interfaces/srv/detail/delete_entity__struct.h
[0.640s] -- Up-to-date: /root/ros2_workspace/install/ros_gz_interfaces/include/ros_gz_interfaces/ros_gz_interfaces/srv/detail/control_world__functions.c
[0.640s] -- Up-to-date: /root/ros2_workspace/install/ros_gz_interfaces/include/ros_gz_interfaces/ros_gz_interfaces/srv/detail/spawn_entity__functions.c
[0.641s] -- Up-to-date: /root/ros2_workspace/install/ros_gz_interfaces/include/ros_gz_interfaces/ros_gz_interfaces/srv/detail/set_entity_pose__functions.c
[0.641s] -- Up-to-date: /root/ros2_workspace/install/ros_gz_interfaces/include/ros_gz_interfaces/ros_gz_interfaces/srv/detail/delete_entity__functions.h
[0.641s] -- Up-to-date: /root/ros2_workspace/install/ros_gz_interfaces/include/ros_gz_interfaces/ros_gz_interfaces/srv/detail/set_entity_pose__struct.h
[0.642s] -- Up-to-date: /root/ros2_workspace/install/ros_gz_interfaces/include/ros_gz_interfaces/ros_gz_interfaces/srv/detail/spawn_entity__type_support.h
[0.642s] -- Up-to-date: /root/ros2_workspace/install/ros_gz_interfaces/include/ros_gz_interfaces/ros_gz_interfaces/srv/detail/spawn_entity__functions.h
[0.643s] -- Up-to-date: /root/ros2_workspace/install/ros_gz_interfaces/include/ros_gz_interfaces/ros_gz_interfaces/srv/detail/control_world__functions.h
[0.643s] -- Up-to-date: /root/ros2_workspace/install/ros_gz_interfaces/include/ros_gz_interfaces/ros_gz_interfaces/srv/detail/control_world__struct.h
[0.644s] -- Up-to-date: /root/ros2_workspace/install/ros_gz_interfaces/include/ros_gz_interfaces/ros_gz_interfaces/srv/detail/control_world__type_support.h
[0.644s] -- Up-to-date: /root/ros2_workspace/install/ros_gz_interfaces/include/ros_gz_interfaces/ros_gz_interfaces/srv/detail/delete_entity__functions.c
[0.644s] -- Up-to-date: /root/ros2_workspace/install/ros_gz_interfaces/include/ros_gz_interfaces/ros_gz_interfaces/srv/detail/set_entity_pose__functions.h
[0.645s] -- Up-to-date: /root/ros2_workspace/install/ros_gz_interfaces/include/ros_gz_interfaces/ros_gz_interfaces/srv/set_entity_pose.h
[0.645s] -- Up-to-date: /root/ros2_workspace/install/ros_gz_interfaces/include/ros_gz_interfaces/ros_gz_interfaces/srv/control_world.h
[0.645s] -- Up-to-date: /root/ros2_workspace/install/ros_gz_interfaces/include/ros_gz_interfaces/ros_gz_interfaces/srv/spawn_entity.h
[0.646s] -- Up-to-date: /root/ros2_workspace/install/ros_gz_interfaces/include/ros_gz_interfaces/ros_gz_interfaces/srv/delete_entity.h
[0.646s] -- Up-to-date: /root/ros2_workspace/install/ros_gz_interfaces/share/ros_gz_interfaces/environment/library_path.sh
[0.647s] -- Up-to-date: /root/ros2_workspace/install/ros_gz_interfaces/share/ros_gz_interfaces/environment/library_path.dsv
[0.648s] -- Up-to-date: /root/ros2_workspace/install/ros_gz_interfaces/lib/libros_gz_interfaces__rosidl_generator_c.so
[0.648s] -- Up-to-date: /root/ros2_workspace/install/ros_gz_interfaces/include/ros_gz_interfaces/ros_gz_interfaces
[0.649s] -- Up-to-date: /root/ros2_workspace/install/ros_gz_interfaces/include/ros_gz_interfaces/ros_gz_interfaces/msg
[0.649s] -- Up-to-date: /root/ros2_workspace/install/ros_gz_interfaces/include/ros_gz_interfaces/ros_gz_interfaces/msg/detail
[0.650s] -- Up-to-date: /root/ros2_workspace/install/ros_gz_interfaces/include/ros_gz_interfaces/ros_gz_interfaces/msg/detail/gui_camera__rosidl_typesupport_fastrtps_c.h
[0.651s] -- Up-to-date: /root/ros2_workspace/install/ros_gz_interfaces/include/ros_gz_interfaces/ros_gz_interfaces/msg/detail/world_control__rosidl_typesupport_fastrtps_c.h
[0.651s] -- Up-to-date: /root/ros2_workspace/install/ros_gz_interfaces/include/ros_gz_interfaces/ros_gz_interfaces/msg/detail/contact__rosidl_typesupport_fastrtps_c.h
[0.652s] -- Up-to-date: /root/ros2_workspace/install/ros_gz_interfaces/include/ros_gz_interfaces/ros_gz_interfaces/msg/detail/float32_array__rosidl_typesupport_fastrtps_c.h
[0.652s] -- Up-to-date: /root/ros2_workspace/install/ros_gz_interfaces/include/ros_gz_interfaces/ros_gz_interfaces/msg/detail/entity_factory__rosidl_typesupport_fastrtps_c.h
[0.652s] -- Up-to-date: /root/ros2_workspace/install/ros_gz_interfaces/include/ros_gz_interfaces/ros_gz_interfaces/msg/detail/video_record__rosidl_typesupport_fastrtps_c.h
[0.652s] -- Up-to-date: /root/ros2_workspace/install/ros_gz_interfaces/include/ros_gz_interfaces/ros_gz_interfaces/msg/detail/param_vec__rosidl_typesupport_fastrtps_c.h
[0.653s] -- Up-to-date: /root/ros2_workspace/install/ros_gz_interfaces/include/ros_gz_interfaces/ros_gz_interfaces/msg/detail/entity__rosidl_typesupport_fastrtps_c.h
[0.653s] -- Up-to-date: /root/ros2_workspace/install/ros_gz_interfaces/include/ros_gz_interfaces/ros_gz_interfaces/msg/detail/sensor_noise__rosidl_typesupport_fastrtps_c.h
[0.653s] -- Up-to-date: /root/ros2_workspace/install/ros_gz_interfaces/include/ros_gz_interfaces/ros_gz_interfaces/msg/detail/string_vec__rosidl_typesupport_fastrtps_c.h
[0.656s] -- Up-to-date: /root/ros2_workspace/install/ros_gz_interfaces/include/ros_gz_interfaces/ros_gz_interfaces/msg/detail/joint_wrench__rosidl_typesupport_fastrtps_c.h
[0.657s] -- Up-to-date: /root/ros2_workspace/install/ros_gz_interfaces/include/ros_gz_interfaces/ros_gz_interfaces/msg/detail/light__rosidl_typesupport_fastrtps_c.h
[0.657s] -- Up-to-date: /root/ros2_workspace/install/ros_gz_interfaces/include/ros_gz_interfaces/ros_gz_interfaces/msg/detail/logical_camera_image__rosidl_typesupport_fastrtps_c.h
[0.657s] -- Up-to-date: /root/ros2_workspace/install/ros_gz_interfaces/include/ros_gz_interfaces/ros_gz_interfaces/msg/detail/dataframe__rosidl_typesupport_fastrtps_c.h
[0.658s] -- Up-to-date: /root/ros2_workspace/install/ros_gz_interfaces/include/ros_gz_interfaces/ros_gz_interfaces/msg/detail/logical_camera_image_model__rosidl_typesupport_fastrtps_c.h
[0.658s] -- Up-to-date: /root/ros2_workspace/install/ros_gz_interfaces/include/ros_gz_interfaces/ros_gz_interfaces/msg/detail/track_visual__rosidl_typesupport_fastrtps_c.h
[0.659s] -- Up-to-date: /root/ros2_workspace/install/ros_gz_interfaces/include/ros_gz_interfaces/ros_gz_interfaces/msg/detail/material_color__rosidl_typesupport_fastrtps_c.h
[0.659s] -- Up-to-date: /root/ros2_workspace/install/ros_gz_interfaces/include/ros_gz_interfaces/ros_gz_interfaces/msg/detail/altimeter__rosidl_typesupport_fastrtps_c.h
[0.659s] -- Up-to-date: /root/ros2_workspace/install/ros_gz_interfaces/include/ros_gz_interfaces/ros_gz_interfaces/msg/detail/world_reset__rosidl_typesupport_fastrtps_c.h
[0.660s] -- Up-to-date: /root/ros2_workspace/install/ros_gz_interfaces/include/ros_gz_interfaces/ros_gz_interfaces/msg/detail/contacts__rosidl_typesupport_fastrtps_c.h
[0.660s] -- Up-to-date: /root/ros2_workspace/install/ros_gz_interfaces/include/ros_gz_interfaces/ros_gz_interfaces/msg/detail/entity_wrench__rosidl_typesupport_fastrtps_c.h
[0.661s] -- Up-to-date: /root/ros2_workspace/install/ros_gz_interfaces/include/ros_gz_interfaces/ros_gz_interfaces/msg/rosidl_typesupport_fastrtps_c__visibility_control.h
[0.661s] -- Up-to-date: /root/ros2_workspace/install/ros_gz_interfaces/include/ros_gz_interfaces/ros_gz_interfaces/srv
[0.662s] -- Up-to-date: /root/ros2_workspace/install/ros_gz_interfaces/include/ros_gz_interfaces/ros_gz_interfaces/srv/detail
[0.662s] -- Up-to-date: /root/ros2_workspace/install/ros_gz_interfaces/include/ros_gz_interfaces/ros_gz_interfaces/srv/detail/delete_entity__rosidl_typesupport_fastrtps_c.h
[0.663s] -- Up-to-date: /root/ros2_workspace/install/ros_gz_interfaces/include/ros_gz_interfaces/ros_gz_interfaces/srv/detail/spawn_entity__rosidl_typesupport_fastrtps_c.h
[0.663s] -- Up-to-date: /root/ros2_workspace/install/ros_gz_interfaces/include/ros_gz_interfaces/ros_gz_interfaces/srv/detail/set_entity_pose__rosidl_typesupport_fastrtps_c.h
[0.664s] -- Up-to-date: /root/ros2_workspace/install/ros_gz_interfaces/include/ros_gz_interfaces/ros_gz_interfaces/srv/detail/control_world__rosidl_typesupport_fastrtps_c.h
[0.665s] -- Up-to-date: /root/ros2_workspace/install/ros_gz_interfaces/lib/libros_gz_interfaces__rosidl_typesupport_fastrtps_c.so
[0.666s] -- Up-to-date: /root/ros2_workspace/install/ros_gz_interfaces/include/ros_gz_interfaces/ros_gz_interfaces
[0.666s] -- Up-to-date: /root/ros2_workspace/install/ros_gz_interfaces/include/ros_gz_interfaces/ros_gz_interfaces/msg
[0.668s] -- Up-to-date: /root/ros2_workspace/install/ros_gz_interfaces/include/ros_gz_interfaces/ros_gz_interfaces/msg/material_color.hpp
[0.668s] -- Up-to-date: /root/ros2_workspace/install/ros_gz_interfaces/include/ros_gz_interfaces/ros_gz_interfaces/msg/logical_camera_image_model.hpp
[0.668s] -- Up-to-date: /root/ros2_workspace/install/ros_gz_interfaces/include/ros_gz_interfaces/ros_gz_interfaces/msg/logical_camera_image.hpp
[0.669s] -- Up-to-date: /root/ros2_workspace/install/ros_gz_interfaces/include/ros_gz_interfaces/ros_gz_interfaces/msg/joint_wrench.hpp
[0.669s] -- Up-to-date: /root/ros2_workspace/install/ros_gz_interfaces/include/ros_gz_interfaces/ros_gz_interfaces/msg/video_record.hpp
[0.669s] -- Up-to-date: /root/ros2_workspace/install/ros_gz_interfaces/include/ros_gz_interfaces/ros_gz_interfaces/msg/sensor_noise.hpp
[0.670s] -- Up-to-date: /root/ros2_workspace/install/ros_gz_interfaces/include/ros_gz_interfaces/ros_gz_interfaces/msg/contact.hpp
[0.670s] -- Up-to-date: /root/ros2_workspace/install/ros_gz_interfaces/include/ros_gz_interfaces/ros_gz_interfaces/msg/altimeter.hpp
[0.670s] -- Up-to-date: /root/ros2_workspace/install/ros_gz_interfaces/include/ros_gz_interfaces/ros_gz_interfaces/msg/world_reset.hpp
[0.670s] -- Up-to-date: /root/ros2_workspace/install/ros_gz_interfaces/include/ros_gz_interfaces/ros_gz_interfaces/msg/param_vec.hpp
[0.671s] -- Up-to-date: /root/ros2_workspace/install/ros_gz_interfaces/include/ros_gz_interfaces/ros_gz_interfaces/msg/detail
[0.672s] -- Up-to-date: /root/ros2_workspace/install/ros_gz_interfaces/include/ros_gz_interfaces/ros_gz_interfaces/msg/detail/logical_camera_image_model__builder.hpp
[0.673s] -- Up-to-date: /root/ros2_workspace/install/ros_gz_interfaces/include/ros_gz_interfaces/ros_gz_interfaces/msg/detail/sensor_noise__struct.hpp
[0.674s] -- Up-to-date: /root/ros2_workspace/install/ros_gz_interfaces/include/ros_gz_interfaces/ros_gz_interfaces/msg/detail/light__type_support.hpp
[0.674s] -- Up-to-date: /root/ros2_workspace/install/ros_gz_interfaces/include/ros_gz_interfaces/ros_gz_interfaces/msg/detail/joint_wrench__traits.hpp
[0.675s] -- Up-to-date: /root/ros2_workspace/install/ros_gz_interfaces/include/ros_gz_interfaces/ros_gz_interfaces/msg/detail/contacts__struct.hpp
[0.675s] -- Up-to-date: /root/ros2_workspace/install/ros_gz_interfaces/include/ros_gz_interfaces/ros_gz_interfaces/msg/detail/contact__builder.hpp
[0.677s] -- Up-to-date: /root/ros2_workspace/install/ros_gz_interfaces/include/ros_gz_interfaces/ros_gz_interfaces/msg/detail/dataframe__struct.hpp
[0.677s] -- Up-to-date: /root/ros2_workspace/install/ros_gz_interfaces/include/ros_gz_interfaces/ros_gz_interfaces/msg/detail/world_reset__builder.hpp
[0.678s] -- Up-to-date: /root/ros2_workspace/install/ros_gz_interfaces/include/ros_gz_interfaces/ros_gz_interfaces/msg/detail/entity_wrench__traits.hpp
[0.678s] -- Up-to-date: /root/ros2_workspace/install/ros_gz_interfaces/include/ros_gz_interfaces/ros_gz_interfaces/msg/detail/contacts__type_support.hpp
[0.679s] -- Up-to-date: /root/ros2_workspace/install/ros_gz_interfaces/include/ros_gz_interfaces/ros_gz_interfaces/msg/detail/world_control__struct.hpp
[0.679s] -- Up-to-date: /root/ros2_workspace/install/ros_gz_interfaces/include/ros_gz_interfaces/ros_gz_interfaces/msg/detail/light__traits.hpp
[0.680s] -- Up-to-date: /root/ros2_workspace/install/ros_gz_interfaces/include/ros_gz_interfaces/ros_gz_interfaces/msg/detail/sensor_noise__type_support.hpp
[0.680s] -- Up-to-date: /root/ros2_workspace/install/ros_gz_interfaces/include/ros_gz_interfaces/ros_gz_interfaces/msg/detail/video_record__builder.hpp
[0.681s] -- Up-to-date: /root/ros2_workspace/install/ros_gz_interfaces/include/ros_gz_interfaces/ros_gz_interfaces/msg/detail/entity__struct.hpp
[0.681s] -- Up-to-date: /root/ros2_workspace/install/ros_gz_interfaces/include/ros_gz_interfaces/ros_gz_interfaces/msg/detail/track_visual__type_support.hpp
[0.682s] -- Up-to-date: /root/ros2_workspace/install/ros_gz_interfaces/include/ros_gz_interfaces/ros_gz_interfaces/msg/detail/entity_factory__struct.hpp
[0.682s] -- Up-to-date: /root/ros2_workspace/install/ros_gz_interfaces/include/ros_gz_interfaces/ros_gz_interfaces/msg/detail/string_vec__type_support.hpp
[0.683s] -- Up-to-date: /root/ros2_workspace/install/ros_gz_interfaces/include/ros_gz_interfaces/ros_gz_interfaces/msg/detail/dataframe__builder.hpp
[0.683s] -- Up-to-date: /root/ros2_workspace/install/ros_gz_interfaces/include/ros_gz_interfaces/ros_gz_interfaces/msg/detail/altimeter__type_support.hpp
[0.684s] -- Up-to-date: /root/ros2_workspace/install/ros_gz_interfaces/include/ros_gz_interfaces/ros_gz_interfaces/msg/detail/entity_factory__builder.hpp
[0.684s] -- Up-to-date: /root/ros2_workspace/install/ros_gz_interfaces/include/ros_gz_interfaces/ros_gz_interfaces/msg/detail/float32_array__type_support.hpp
[0.685s] -- Up-to-date: /root/ros2_workspace/install/ros_gz_interfaces/include/ros_gz_interfaces/ros_gz_interfaces/msg/detail/video_record__type_support.hpp
[0.685s] -- Up-to-date: /root/ros2_workspace/install/ros_gz_interfaces/include/ros_gz_interfaces/ros_gz_interfaces/msg/detail/gui_camera__struct.hpp
[0.686s] -- Up-to-date: /root/ros2_workspace/install/ros_gz_interfaces/include/ros_gz_interfaces/ros_gz_interfaces/msg/detail/logical_camera_image__traits.hpp
[0.686s] -- Up-to-date: /root/ros2_workspace/install/ros_gz_interfaces/include/ros_gz_interfaces/ros_gz_interfaces/msg/detail/float32_array__struct.hpp
[0.687s] -- Up-to-date: /root/ros2_workspace/install/ros_gz_interfaces/include/ros_gz_interfaces/ros_gz_interfaces/msg/detail/gui_camera__type_support.hpp
[0.688s] -- Up-to-date: /root/ros2_workspace/install/ros_gz_interfaces/include/ros_gz_interfaces/ros_gz_interfaces/msg/detail/logical_camera_image_model__type_support.hpp
[0.688s] -- Up-to-date: /root/ros2_workspace/install/ros_gz_interfaces/include/ros_gz_interfaces/ros_gz_interfaces/msg/detail/logical_camera_image_model__struct.hpp
[0.689s] -- Up-to-date: /root/ros2_workspace/install/ros_gz_interfaces/include/ros_gz_interfaces/ros_gz_interfaces/msg/detail/material_color__struct.hpp
[0.689s] -- Up-to-date: /root/ros2_workspace/install/ros_gz_interfaces/include/ros_gz_interfaces/ros_gz_interfaces/msg/detail/track_visual__struct.hpp
[0.690s] -- Up-to-date: /root/ros2_workspace/install/ros_gz_interfaces/include/ros_gz_interfaces/ros_gz_interfaces/msg/detail/world_reset__traits.hpp
[0.691s] -- Up-to-date: /root/ros2_workspace/install/ros_gz_interfaces/include/ros_gz_interfaces/ros_gz_interfaces/msg/detail/string_vec__struct.hpp
[0.692s] -- Up-to-date: /root/ros2_workspace/install/ros_gz_interfaces/include/ros_gz_interfaces/ros_gz_interfaces/msg/detail/contact__struct.hpp
[0.692s] -- Up-to-date: /root/ros2_workspace/install/ros_gz_interfaces/include/ros_gz_interfaces/ros_gz_interfaces/msg/detail/video_record__traits.hpp
[0.693s] -- Up-to-date: /root/ros2_workspace/install/ros_gz_interfaces/include/ros_gz_interfaces/ros_gz_interfaces/msg/detail/altimeter__traits.hpp
[0.693s] -- Up-to-date: /root/ros2_workspace/install/ros_gz_interfaces/include/ros_gz_interfaces/ros_gz_interfaces/msg/detail/param_vec__traits.hpp
[0.694s] -- Up-to-date: /root/ros2_workspace/install/ros_gz_interfaces/include/ros_gz_interfaces/ros_gz_interfaces/msg/detail/light__struct.hpp
[0.695s] -- Up-to-date: /root/ros2_workspace/install/ros_gz_interfaces/include/ros_gz_interfaces/ros_gz_interfaces/msg/detail/sensor_noise__builder.hpp
[0.695s] -- Up-to-date: /root/ros2_workspace/install/ros_gz_interfaces/include/ros_gz_interfaces/ros_gz_interfaces/msg/detail/dataframe__traits.hpp
[0.696s] -- Up-to-date: /root/ros2_workspace/install/ros_gz_interfaces/include/ros_gz_interfaces/ros_gz_interfaces/msg/detail/material_color__builder.hpp
[0.697s] -- Up-to-date: /root/ros2_workspace/install/ros_gz_interfaces/include/ros_gz_interfaces/ros_gz_interfaces/msg/detail/entity__builder.hpp
[0.698s] -- Up-to-date: /root/ros2_workspace/install/ros_gz_interfaces/include/ros_gz_interfaces/ros_gz_interfaces/msg/detail/entity_wrench__struct.hpp
[0.699s] -- Up-to-date: /root/ros2_workspace/install/ros_gz_interfaces/include/ros_gz_interfaces/ros_gz_interfaces/msg/detail/world_control__traits.hpp
[0.699s] -- Up-to-date: /root/ros2_workspace/install/ros_gz_interfaces/include/ros_gz_interfaces/ros_gz_interfaces/msg/detail/world_reset__type_support.hpp
[0.700s] -- Up-to-date: /root/ros2_workspace/install/ros_gz_interfaces/include/ros_gz_interfaces/ros_gz_interfaces/msg/detail/joint_wrench__struct.hpp
[0.700s] -- Up-to-date: /root/ros2_workspace/install/ros_gz_interfaces/include/ros_gz_interfaces/ros_gz_interfaces/msg/detail/contacts__traits.hpp
[0.701s] -- Up-to-date: /root/ros2_workspace/install/ros_gz_interfaces/include/ros_gz_interfaces/ros_gz_interfaces/msg/detail/dataframe__type_support.hpp
[0.701s] -- Up-to-date: /root/ros2_workspace/install/ros_gz_interfaces/include/ros_gz_interfaces/ros_gz_interfaces/msg/detail/sensor_noise__traits.hpp
[0.703s] -- Up-to-date: /root/ros2_workspace/install/ros_gz_interfaces/include/ros_gz_interfaces/ros_gz_interfaces/msg/detail/altimeter__builder.hpp
[0.703s] -- Up-to-date: /root/ros2_workspace/install/ros_gz_interfaces/include/ros_gz_interfaces/ros_gz_interfaces/msg/detail/track_visual__builder.hpp
[0.704s] -- Up-to-date: /root/ros2_workspace/install/ros_gz_interfaces/include/ros_gz_interfaces/ros_gz_interfaces/msg/detail/joint_wrench__builder.hpp
[0.704s] -- Up-to-date: /root/ros2_workspace/install/ros_gz_interfaces/include/ros_gz_interfaces/ros_gz_interfaces/msg/detail/param_vec__type_support.hpp
[0.705s] -- Up-to-date: /root/ros2_workspace/install/ros_gz_interfaces/include/ros_gz_interfaces/ros_gz_interfaces/msg/detail/world_control__builder.hpp
[0.706s] -- Up-to-date: /root/ros2_workspace/install/ros_gz_interfaces/include/ros_gz_interfaces/ros_gz_interfaces/msg/detail/gui_camera__builder.hpp
[0.707s] -- Up-to-date: /root/ros2_workspace/install/ros_gz_interfaces/include/ros_gz_interfaces/ros_gz_interfaces/msg/detail/entity__traits.hpp
[0.708s] -- Up-to-date: /root/ros2_workspace/install/ros_gz_interfaces/include/ros_gz_interfaces/ros_gz_interfaces/msg/detail/entity_factory__traits.hpp
[0.708s] -- Up-to-date: /root/ros2_workspace/install/ros_gz_interfaces/include/ros_gz_interfaces/ros_gz_interfaces/msg/detail/world_reset__struct.hpp
[0.709s] -- Up-to-date: /root/ros2_workspace/install/ros_gz_interfaces/include/ros_gz_interfaces/ros_gz_interfaces/msg/detail/contact__type_support.hpp
[0.709s] -- Up-to-date: /root/ros2_workspace/install/ros_gz_interfaces/include/ros_gz_interfaces/ros_gz_interfaces/msg/detail/string_vec__traits.hpp
[0.711s] -- Up-to-date: /root/ros2_workspace/install/ros_gz_interfaces/include/ros_gz_interfaces/ros_gz_interfaces/msg/detail/logical_camera_image__type_support.hpp
[0.712s] -- Up-to-date: /root/ros2_workspace/install/ros_gz_interfaces/include/ros_gz_interfaces/ros_gz_interfaces/msg/detail/track_visual__traits.hpp
[0.712s] -- Up-to-date: /root/ros2_workspace/install/ros_gz_interfaces/include/ros_gz_interfaces/ros_gz_interfaces/msg/detail/material_color__type_support.hpp
[0.713s] -- Up-to-date: /root/ros2_workspace/install/ros_gz_interfaces/include/ros_gz_interfaces/ros_gz_interfaces/msg/detail/material_color__traits.hpp
[0.713s] -- Up-to-date: /root/ros2_workspace/install/ros_gz_interfaces/include/ros_gz_interfaces/ros_gz_interfaces/msg/detail/joint_wrench__type_support.hpp
[0.714s] -- Up-to-date: /root/ros2_workspace/install/ros_gz_interfaces/include/ros_gz_interfaces/ros_gz_interfaces/msg/detail/string_vec__builder.hpp
[0.715s] -- Up-to-date: /root/ros2_workspace/install/ros_gz_interfaces/include/ros_gz_interfaces/ros_gz_interfaces/msg/detail/logical_camera_image__builder.hpp
[0.715s] -- Up-to-date: /root/ros2_workspace/install/ros_gz_interfaces/include/ros_gz_interfaces/ros_gz_interfaces/msg/detail/float32_array__traits.hpp
[0.716s] -- Up-to-date: /root/ros2_workspace/install/ros_gz_interfaces/include/ros_gz_interfaces/ros_gz_interfaces/msg/detail/logical_camera_image_model__traits.hpp
[0.716s] -- Up-to-date: /root/ros2_workspace/install/ros_gz_interfaces/include/ros_gz_interfaces/ros_gz_interfaces/msg/detail/entity_factory__type_support.hpp
[0.717s] -- Up-to-date: /root/ros2_workspace/install/ros_gz_interfaces/include/ros_gz_interfaces/ros_gz_interfaces/msg/detail/param_vec__builder.hpp
[0.718s] -- Up-to-date: /root/ros2_workspace/install/ros_gz_interfaces/include/ros_gz_interfaces/ros_gz_interfaces/msg/detail/gui_camera__traits.hpp
[0.719s] -- Up-to-date: /root/ros2_workspace/install/ros_gz_interfaces/include/ros_gz_interfaces/ros_gz_interfaces/msg/detail/logical_camera_image__struct.hpp
[0.720s] -- Up-to-date: /root/ros2_workspace/install/ros_gz_interfaces/include/ros_gz_interfaces/ros_gz_interfaces/msg/detail/altimeter__struct.hpp
[0.720s] -- Up-to-date: /root/ros2_workspace/install/ros_gz_interfaces/include/ros_gz_interfaces/ros_gz_interfaces/msg/detail/entity_wrench__builder.hpp
[0.720s] -- Up-to-date: /root/ros2_workspace/install/ros_gz_interfaces/include/ros_gz_interfaces/ros_gz_interfaces/msg/detail/contacts__builder.hpp
[0.722s] -- Up-to-date: /root/ros2_workspace/install/ros_gz_interfaces/include/ros_gz_interfaces/ros_gz_interfaces/msg/detail/param_vec__struct.hpp
[0.722s] -- Up-to-date: /root/ros2_workspace/install/ros_gz_interfaces/include/ros_gz_interfaces/ros_gz_interfaces/msg/detail/world_control__type_support.hpp
[0.723s] -- Up-to-date: /root/ros2_workspace/install/ros_gz_interfaces/include/ros_gz_interfaces/ros_gz_interfaces/msg/detail/light__builder.hpp
[0.724s] -- Up-to-date: /root/ros2_workspace/install/ros_gz_interfaces/include/ros_gz_interfaces/ros_gz_interfaces/msg/detail/video_record__struct.hpp
[0.727s] -- Up-to-date: /root/ros2_workspace/install/ros_gz_interfaces/include/ros_gz_interfaces/ros_gz_interfaces/msg/detail/entity__type_support.hpp
[0.728s] -- Up-to-date: /root/ros2_workspace/install/ros_gz_interfaces/include/ros_gz_interfaces/ros_gz_interfaces/msg/detail/contact__traits.hpp
[0.728s] -- Up-to-date: /root/ros2_workspace/install/ros_gz_interfaces/include/ros_gz_interfaces/ros_gz_interfaces/msg/detail/float32_array__builder.hpp
[0.729s] -- Up-to-date: /root/ros2_workspace/install/ros_gz_interfaces/include/ros_gz_interfaces/ros_gz_interfaces/msg/detail/entity_wrench__type_support.hpp
[0.730s] -- Up-to-date: /root/ros2_workspace/install/ros_gz_interfaces/include/ros_gz_interfaces/ros_gz_interfaces/msg/rosidl_generator_cpp__visibility_control.hpp
[0.731s] -- Up-to-date: /root/ros2_workspace/install/ros_gz_interfaces/include/ros_gz_interfaces/ros_gz_interfaces/msg/light.hpp
[0.731s] -- Up-to-date: /root/ros2_workspace/install/ros_gz_interfaces/include/ros_gz_interfaces/ros_gz_interfaces/msg/entity_wrench.hpp
[0.732s] -- Up-to-date: /root/ros2_workspace/install/ros_gz_interfaces/include/ros_gz_interfaces/ros_gz_interfaces/msg/dataframe.hpp
[0.733s] -- Up-to-date: /root/ros2_workspace/install/ros_gz_interfaces/include/ros_gz_interfaces/ros_gz_interfaces/msg/contacts.hpp
[0.734s] -- Up-to-date: /root/ros2_workspace/install/ros_gz_interfaces/include/ros_gz_interfaces/ros_gz_interfaces/msg/world_control.hpp
[0.734s] -- Up-to-date: /root/ros2_workspace/install/ros_gz_interfaces/include/ros_gz_interfaces/ros_gz_interfaces/msg/string_vec.hpp
[0.735s] -- Up-to-date: /root/ros2_workspace/install/ros_gz_interfaces/include/ros_gz_interfaces/ros_gz_interfaces/msg/track_visual.hpp
[0.736s] -- Up-to-date: /root/ros2_workspace/install/ros_gz_interfaces/include/ros_gz_interfaces/ros_gz_interfaces/msg/entity_factory.hpp
[0.737s] -- Up-to-date: /root/ros2_workspace/install/ros_gz_interfaces/include/ros_gz_interfaces/ros_gz_interfaces/msg/gui_camera.hpp
[0.738s] -- Up-to-date: /root/ros2_workspace/install/ros_gz_interfaces/include/ros_gz_interfaces/ros_gz_interfaces/msg/entity.hpp
[0.738s] -- Up-to-date: /root/ros2_workspace/install/ros_gz_interfaces/include/ros_gz_interfaces/ros_gz_interfaces/msg/float32_array.hpp
[0.739s] -- Up-to-date: /root/ros2_workspace/install/ros_gz_interfaces/include/ros_gz_interfaces/ros_gz_interfaces/srv
[0.741s] -- Up-to-date: /root/ros2_workspace/install/ros_gz_interfaces/include/ros_gz_interfaces/ros_gz_interfaces/srv/set_entity_pose.hpp
[0.742s] -- Up-to-date: /root/ros2_workspace/install/ros_gz_interfaces/include/ros_gz_interfaces/ros_gz_interfaces/srv/control_world.hpp
[0.744s] -- Up-to-date: /root/ros2_workspace/install/ros_gz_interfaces/include/ros_gz_interfaces/ros_gz_interfaces/srv/detail
[0.746s] -- Up-to-date: /root/ros2_workspace/install/ros_gz_interfaces/include/ros_gz_interfaces/ros_gz_interfaces/srv/detail/set_entity_pose__builder.hpp
[0.747s] -- Up-to-date: /root/ros2_workspace/install/ros_gz_interfaces/include/ros_gz_interfaces/ros_gz_interfaces/srv/detail/spawn_entity__traits.hpp
[0.748s] -- Up-to-date: /root/ros2_workspace/install/ros_gz_interfaces/include/ros_gz_interfaces/ros_gz_interfaces/srv/detail/spawn_entity__builder.hpp
[0.749s] -- Up-to-date: /root/ros2_workspace/install/ros_gz_interfaces/include/ros_gz_interfaces/ros_gz_interfaces/srv/detail/control_world__builder.hpp
[0.750s] -- Up-to-date: /root/ros2_workspace/install/ros_gz_interfaces/include/ros_gz_interfaces/ros_gz_interfaces/srv/detail/set_entity_pose__type_support.hpp
[0.750s] -- Up-to-date: /root/ros2_workspace/install/ros_gz_interfaces/include/ros_gz_interfaces/ros_gz_interfaces/srv/detail/set_entity_pose__traits.hpp
[0.751s] -- Up-to-date: /root/ros2_workspace/install/ros_gz_interfaces/include/ros_gz_interfaces/ros_gz_interfaces/srv/detail/control_world__type_support.hpp
[0.752s] -- Up-to-date: /root/ros2_workspace/install/ros_gz_interfaces/include/ros_gz_interfaces/ros_gz_interfaces/srv/detail/delete_entity__struct.hpp
[0.752s] -- Up-to-date: /root/ros2_workspace/install/ros_gz_interfaces/include/ros_gz_interfaces/ros_gz_interfaces/srv/detail/delete_entity__type_support.hpp
[0.753s] -- Up-to-date: /root/ros2_workspace/install/ros_gz_interfaces/include/ros_gz_interfaces/ros_gz_interfaces/srv/detail/control_world__traits.hpp
[0.754s] -- Up-to-date: /root/ros2_workspace/install/ros_gz_interfaces/include/ros_gz_interfaces/ros_gz_interfaces/srv/detail/delete_entity__builder.hpp
[0.755s] -- Up-to-date: /root/ros2_workspace/install/ros_gz_interfaces/include/ros_gz_interfaces/ros_gz_interfaces/srv/detail/spawn_entity__struct.hpp
[0.756s] -- Up-to-date: /root/ros2_workspace/install/ros_gz_interfaces/include/ros_gz_interfaces/ros_gz_interfaces/srv/detail/set_entity_pose__struct.hpp
[0.757s] -- Up-to-date: /root/ros2_workspace/install/ros_gz_interfaces/include/ros_gz_interfaces/ros_gz_interfaces/srv/detail/spawn_entity__type_support.hpp
[0.758s] -- Up-to-date: /root/ros2_workspace/install/ros_gz_interfaces/include/ros_gz_interfaces/ros_gz_interfaces/srv/detail/control_world__struct.hpp
[0.759s] -- Up-to-date: /root/ros2_workspace/install/ros_gz_interfaces/include/ros_gz_interfaces/ros_gz_interfaces/srv/detail/delete_entity__traits.hpp
[0.760s] -- Up-to-date: /root/ros2_workspace/install/ros_gz_interfaces/include/ros_gz_interfaces/ros_gz_interfaces/srv/spawn_entity.hpp
[0.760s] -- Up-to-date: /root/ros2_workspace/install/ros_gz_interfaces/include/ros_gz_interfaces/ros_gz_interfaces/srv/delete_entity.hpp
[0.761s] -- Up-to-date: /root/ros2_workspace/install/ros_gz_interfaces/include/ros_gz_interfaces/ros_gz_interfaces
[0.762s] -- Up-to-date: /root/ros2_workspace/install/ros_gz_interfaces/include/ros_gz_interfaces/ros_gz_interfaces/msg
[0.763s] -- Up-to-date: /root/ros2_workspace/install/ros_gz_interfaces/include/ros_gz_interfaces/ros_gz_interfaces/msg/rosidl_typesupport_fastrtps_cpp__visibility_control.h
[0.764s] -- Up-to-date: /root/ros2_workspace/install/ros_gz_interfaces/include/ros_gz_interfaces/ros_gz_interfaces/msg/detail
[0.766s] -- Up-to-date: /root/ros2_workspace/install/ros_gz_interfaces/include/ros_gz_interfaces/ros_gz_interfaces/msg/detail/entity_factory__rosidl_typesupport_fastrtps_cpp.hpp
[0.767s] -- Up-to-date: /root/ros2_workspace/install/ros_gz_interfaces/include/ros_gz_interfaces/ros_gz_interfaces/msg/detail/float32_array__rosidl_typesupport_fastrtps_cpp.hpp
[0.768s] -- Up-to-date: /root/ros2_workspace/install/ros_gz_interfaces/include/ros_gz_interfaces/ros_gz_interfaces/msg/detail/video_record__rosidl_typesupport_fastrtps_cpp.hpp
[0.769s] -- Up-to-date: /root/ros2_workspace/install/ros_gz_interfaces/include/ros_gz_interfaces/ros_gz_interfaces/msg/detail/sensor_noise__rosidl_typesupport_fastrtps_cpp.hpp
[0.769s] -- Up-to-date: /root/ros2_workspace/install/ros_gz_interfaces/include/ros_gz_interfaces/ros_gz_interfaces/msg/detail/entity__rosidl_typesupport_fastrtps_cpp.hpp
[0.770s] -- Up-to-date: /root/ros2_workspace/install/ros_gz_interfaces/include/ros_gz_interfaces/ros_gz_interfaces/msg/detail/world_reset__rosidl_typesupport_fastrtps_cpp.hpp
[0.771s] -- Up-to-date: /root/ros2_workspace/install/ros_gz_interfaces/include/ros_gz_interfaces/ros_gz_interfaces/msg/detail/logical_camera_image_model__rosidl_typesupport_fastrtps_cpp.hpp
[0.772s] -- Up-to-date: /root/ros2_workspace/install/ros_gz_interfaces/include/ros_gz_interfaces/ros_gz_interfaces/msg/detail/track_visual__rosidl_typesupport_fastrtps_cpp.hpp
[0.773s] -- Up-to-date: /root/ros2_workspace/install/ros_gz_interfaces/include/ros_gz_interfaces/ros_gz_interfaces/msg/detail/joint_wrench__rosidl_typesupport_fastrtps_cpp.hpp
[0.773s] -- Up-to-date: /root/ros2_workspace/install/ros_gz_interfaces/include/ros_gz_interfaces/ros_gz_interfaces/msg/detail/logical_camera_image__rosidl_typesupport_fastrtps_cpp.hpp
[0.774s] -- Up-to-date: /root/ros2_workspace/install/ros_gz_interfaces/include/ros_gz_interfaces/ros_gz_interfaces/msg/detail/altimeter__rosidl_typesupport_fastrtps_cpp.hpp
[0.775s] -- Up-to-date: /root/ros2_workspace/install/ros_gz_interfaces/include/ros_gz_interfaces/ros_gz_interfaces/msg/detail/param_vec__rosidl_typesupport_fastrtps_cpp.hpp
[0.776s] -- Up-to-date: /root/ros2_workspace/install/ros_gz_interfaces/include/ros_gz_interfaces/ros_gz_interfaces/msg/detail/light__rosidl_typesupport_fastrtps_cpp.hpp
[0.776s] -- Up-to-date: /root/ros2_workspace/install/ros_gz_interfaces/include/ros_gz_interfaces/ros_gz_interfaces/msg/detail/string_vec__rosidl_typesupport_fastrtps_cpp.hpp
[0.777s] -- Up-to-date: /root/ros2_workspace/install/ros_gz_interfaces/include/ros_gz_interfaces/ros_gz_interfaces/msg/detail/dataframe__rosidl_typesupport_fastrtps_cpp.hpp
[0.778s] -- Up-to-date: /root/ros2_workspace/install/ros_gz_interfaces/include/ros_gz_interfaces/ros_gz_interfaces/msg/detail/world_control__rosidl_typesupport_fastrtps_cpp.hpp
[0.779s] -- Up-to-date: /root/ros2_workspace/install/ros_gz_interfaces/include/ros_gz_interfaces/ros_gz_interfaces/msg/detail/contact__rosidl_typesupport_fastrtps_cpp.hpp
[0.779s] -- Up-to-date: /root/ros2_workspace/install/ros_gz_interfaces/include/ros_gz_interfaces/ros_gz_interfaces/msg/detail/dds_fastrtps
[0.781s] -- Up-to-date: /root/ros2_workspace/install/ros_gz_interfaces/include/ros_gz_interfaces/ros_gz_interfaces/msg/detail/entity_wrench__rosidl_typesupport_fastrtps_cpp.hpp
[0.782s] -- Up-to-date: /root/ros2_workspace/install/ros_gz_interfaces/include/ros_gz_interfaces/ros_gz_interfaces/msg/detail/material_color__rosidl_typesupport_fastrtps_cpp.hpp
[0.782s] -- Up-to-date: /root/ros2_workspace/install/ros_gz_interfaces/include/ros_gz_interfaces/ros_gz_interfaces/msg/detail/gui_camera__rosidl_typesupport_fastrtps_cpp.hpp
[0.783s] -- Up-to-date: /root/ros2_workspace/install/ros_gz_interfaces/include/ros_gz_interfaces/ros_gz_interfaces/msg/detail/contacts__rosidl_typesupport_fastrtps_cpp.hpp
[0.783s] -- Up-to-date: /root/ros2_workspace/install/ros_gz_interfaces/include/ros_gz_interfaces/ros_gz_interfaces/srv
[0.784s] -- Up-to-date: /root/ros2_workspace/install/ros_gz_interfaces/include/ros_gz_interfaces/ros_gz_interfaces/srv/detail
[0.785s] -- Up-to-date: /root/ros2_workspace/install/ros_gz_interfaces/include/ros_gz_interfaces/ros_gz_interfaces/srv/detail/spawn_entity__rosidl_typesupport_fastrtps_cpp.hpp
[0.786s] -- Up-to-date: /root/ros2_workspace/install/ros_gz_interfaces/include/ros_gz_interfaces/ros_gz_interfaces/srv/detail/delete_entity__rosidl_typesupport_fastrtps_cpp.hpp
[0.787s] -- Up-to-date: /root/ros2_workspace/install/ros_gz_interfaces/include/ros_gz_interfaces/ros_gz_interfaces/srv/detail/control_world__rosidl_typesupport_fastrtps_cpp.hpp
[0.788s] -- Up-to-date: /root/ros2_workspace/install/ros_gz_interfaces/include/ros_gz_interfaces/ros_gz_interfaces/srv/detail/dds_fastrtps
[0.789s] -- Up-to-date: /root/ros2_workspace/install/ros_gz_interfaces/include/ros_gz_interfaces/ros_gz_interfaces/srv/detail/set_entity_pose__rosidl_typesupport_fastrtps_cpp.hpp
[0.791s] -- Up-to-date: /root/ros2_workspace/install/ros_gz_interfaces/lib/libros_gz_interfaces__rosidl_typesupport_fastrtps_cpp.so
[0.792s] -- Up-to-date: /root/ros2_workspace/install/ros_gz_interfaces/include/ros_gz_interfaces/ros_gz_interfaces
[0.793s] -- Up-to-date: /root/ros2_workspace/install/ros_gz_interfaces/include/ros_gz_interfaces/ros_gz_interfaces/msg
[0.794s] -- Up-to-date: /root/ros2_workspace/install/ros_gz_interfaces/include/ros_gz_interfaces/ros_gz_interfaces/msg/detail
[0.797s] -- Up-to-date: /root/ros2_workspace/install/ros_gz_interfaces/include/ros_gz_interfaces/ros_gz_interfaces/msg/detail/entity__rosidl_typesupport_introspection_c.h
[0.799s] -- Up-to-date: /root/ros2_workspace/install/ros_gz_interfaces/include/ros_gz_interfaces/ros_gz_interfaces/msg/detail/contact__rosidl_typesupport_introspection_c.h
[0.800s] -- Up-to-date: /root/ros2_workspace/install/ros_gz_interfaces/include/ros_gz_interfaces/ros_gz_interfaces/msg/detail/dataframe__rosidl_typesupport_introspection_c.h
[0.801s] -- Up-to-date: /root/ros2_workspace/install/ros_gz_interfaces/include/ros_gz_interfaces/ros_gz_interfaces/msg/detail/float32_array__type_support.c
[0.801s] -- Up-to-date: /root/ros2_workspace/install/ros_gz_interfaces/include/ros_gz_interfaces/ros_gz_interfaces/msg/detail/gui_camera__type_support.c
[0.803s] -- Up-to-date: /root/ros2_workspace/install/ros_gz_interfaces/include/ros_gz_interfaces/ros_gz_interfaces/msg/detail/contact__type_support.c
[0.803s] -- Up-to-date: /root/ros2_workspace/install/ros_gz_interfaces/include/ros_gz_interfaces/ros_gz_interfaces/msg/detail/altimeter__type_support.c
[0.804s] -- Up-to-date: /root/ros2_workspace/install/ros_gz_interfaces/include/ros_gz_interfaces/ros_gz_interfaces/msg/detail/world_reset__rosidl_typesupport_introspection_c.h
[0.805s] -- Up-to-date: /root/ros2_workspace/install/ros_gz_interfaces/include/ros_gz_interfaces/ros_gz_interfaces/msg/detail/sensor_noise__type_support.c
[0.805s] -- Up-to-date: /root/ros2_workspace/install/ros_gz_interfaces/include/ros_gz_interfaces/ros_gz_interfaces/msg/detail/string_vec__type_support.c
[0.806s] -- Up-to-date: /root/ros2_workspace/install/ros_gz_interfaces/include/ros_gz_interfaces/ros_gz_interfaces/msg/detail/float32_array__rosidl_typesupport_introspection_c.h
[0.807s] -- Up-to-date: /root/ros2_workspace/install/ros_gz_interfaces/include/ros_gz_interfaces/ros_gz_interfaces/msg/detail/entity__type_support.c
[0.809s] -- Up-to-date: /root/ros2_workspace/install/ros_gz_interfaces/include/ros_gz_interfaces/ros_gz_interfaces/msg/detail/string_vec__rosidl_typesupport_introspection_c.h
[0.811s] -- Up-to-date: /root/ros2_workspace/install/ros_gz_interfaces/include/ros_gz_interfaces/ros_gz_interfaces/msg/detail/logical_camera_image__rosidl_typesupport_introspection_c.h
[0.813s] -- Up-to-date: /root/ros2_workspace/install/ros_gz_interfaces/include/ros_gz_interfaces/ros_gz_interfaces/msg/detail/logical_camera_image_model__type_support.c
[0.814s] -- Up-to-date: /root/ros2_workspace/install/ros_gz_interfaces/include/ros_gz_interfaces/ros_gz_interfaces/msg/detail/track_visual__rosidl_typesupport_introspection_c.h
[0.814s] -- Up-to-date: /root/ros2_workspace/install/ros_gz_interfaces/include/ros_gz_interfaces/ros_gz_interfaces/msg/detail/world_control__type_support.c
[0.815s] -- Up-to-date: /root/ros2_workspace/install/ros_gz_interfaces/include/ros_gz_interfaces/ros_gz_interfaces/msg/detail/gui_camera__rosidl_typesupport_introspection_c.h
[0.817s] -- Up-to-date: /root/ros2_workspace/install/ros_gz_interfaces/include/ros_gz_interfaces/ros_gz_interfaces/msg/detail/world_reset__type_support.c
[0.819s] -- Up-to-date: /root/ros2_workspace/install/ros_gz_interfaces/include/ros_gz_interfaces/ros_gz_interfaces/msg/detail/light__type_support.c
[0.822s] -- Up-to-date: /root/ros2_workspace/install/ros_gz_interfaces/include/ros_gz_interfaces/ros_gz_interfaces/msg/detail/joint_wrench__type_support.c
[0.823s] -- Up-to-date: /root/ros2_workspace/install/ros_gz_interfaces/include/ros_gz_interfaces/ros_gz_interfaces/msg/detail/entity_factory__rosidl_typesupport_introspection_c.h
[0.826s] -- Up-to-date: /root/ros2_workspace/install/ros_gz_interfaces/include/ros_gz_interfaces/ros_gz_interfaces/msg/detail/light__rosidl_typesupport_introspection_c.h
[0.828s] -- Up-to-date: /root/ros2_workspace/install/ros_gz_interfaces/include/ros_gz_interfaces/ros_gz_interfaces/msg/detail/logical_camera_image_model__rosidl_typesupport_introspection_c.h
[0.830s] -- Up-to-date: /root/ros2_workspace/install/ros_gz_interfaces/include/ros_gz_interfaces/ros_gz_interfaces/msg/detail/entity_wrench__type_support.c
[0.833s] -- Up-to-date: /root/ros2_workspace/install/ros_gz_interfaces/include/ros_gz_interfaces/ros_gz_interfaces/msg/detail/logical_camera_image__type_support.c
[0.835s] -- Up-to-date: /root/ros2_workspace/install/ros_gz_interfaces/include/ros_gz_interfaces/ros_gz_interfaces/msg/detail/altimeter__rosidl_typesupport_introspection_c.h
[0.837s] -- Up-to-date: /root/ros2_workspace/install/ros_gz_interfaces/include/ros_gz_interfaces/ros_gz_interfaces/msg/detail/video_record__rosidl_typesupport_introspection_c.h
[0.841s] -- Up-to-date: /root/ros2_workspace/install/ros_gz_interfaces/include/ros_gz_interfaces/ros_gz_interfaces/msg/detail/contacts__type_support.c
[0.844s] -- Up-to-date: /root/ros2_workspace/install/ros_gz_interfaces/include/ros_gz_interfaces/ros_gz_interfaces/msg/detail/video_record__type_support.c
[0.845s] -- Up-to-date: /root/ros2_workspace/install/ros_gz_interfaces/include/ros_gz_interfaces/ros_gz_interfaces/msg/detail/material_color__type_support.c
[0.847s] -- Up-to-date: /root/ros2_workspace/install/ros_gz_interfaces/include/ros_gz_interfaces/ros_gz_interfaces/msg/detail/track_visual__type_support.c
[0.849s] -- Up-to-date: /root/ros2_workspace/install/ros_gz_interfaces/include/ros_gz_interfaces/ros_gz_interfaces/msg/detail/param_vec__type_support.c
[0.851s] -- Up-to-date: /root/ros2_workspace/install/ros_gz_interfaces/include/ros_gz_interfaces/ros_gz_interfaces/msg/detail/material_color__rosidl_typesupport_introspection_c.h
[0.853s] -- Up-to-date: /root/ros2_workspace/install/ros_gz_interfaces/include/ros_gz_interfaces/ros_gz_interfaces/msg/detail/contacts__rosidl_typesupport_introspection_c.h
[0.857s] -- Up-to-date: /root/ros2_workspace/install/ros_gz_interfaces/include/ros_gz_interfaces/ros_gz_interfaces/msg/detail/sensor_noise__rosidl_typesupport_introspection_c.h
[0.860s] -- Up-to-date: /root/ros2_workspace/install/ros_gz_interfaces/include/ros_gz_interfaces/ros_gz_interfaces/msg/detail/joint_wrench__rosidl_typesupport_introspection_c.h
[0.863s] -- Up-to-date: /root/ros2_workspace/install/ros_gz_interfaces/include/ros_gz_interfaces/ros_gz_interfaces/msg/detail/entity_wrench__rosidl_typesupport_introspection_c.h
[0.866s] -- Up-to-date: /root/ros2_workspace/install/ros_gz_interfaces/include/ros_gz_interfaces/ros_gz_interfaces/msg/detail/dataframe__type_support.c
[0.869s] -- Up-to-date: /root/ros2_workspace/install/ros_gz_interfaces/include/ros_gz_interfaces/ros_gz_interfaces/msg/detail/entity_factory__type_support.c
[0.870s] -- Up-to-date: /root/ros2_workspace/install/ros_gz_interfaces/include/ros_gz_interfaces/ros_gz_interfaces/msg/detail/world_control__rosidl_typesupport_introspection_c.h
[0.873s] -- Up-to-date: /root/ros2_workspace/install/ros_gz_interfaces/include/ros_gz_interfaces/ros_gz_interfaces/msg/detail/param_vec__rosidl_typesupport_introspection_c.h
[0.876s] -- Up-to-date: /root/ros2_workspace/install/ros_gz_interfaces/include/ros_gz_interfaces/ros_gz_interfaces/msg/rosidl_typesupport_introspection_c__visibility_control.h
[0.878s] -- Up-to-date: /root/ros2_workspace/install/ros_gz_interfaces/include/ros_gz_interfaces/ros_gz_interfaces/srv
[0.881s] -- Up-to-date: /root/ros2_workspace/install/ros_gz_interfaces/include/ros_gz_interfaces/ros_gz_interfaces/srv/detail
[0.884s] -- Up-to-date: /root/ros2_workspace/install/ros_gz_interfaces/include/ros_gz_interfaces/ros_gz_interfaces/srv/detail/spawn_entity__type_support.c
[0.889s] -- Up-to-date: /root/ros2_workspace/install/ros_gz_interfaces/include/ros_gz_interfaces/ros_gz_interfaces/srv/detail/spawn_entity__rosidl_typesupport_introspection_c.h
[0.893s] -- Up-to-date: /root/ros2_workspace/install/ros_gz_interfaces/include/ros_gz_interfaces/ros_gz_interfaces/srv/detail/control_world__type_support.c
[0.895s] -- Up-to-date: /root/ros2_workspace/install/ros_gz_interfaces/include/ros_gz_interfaces/ros_gz_interfaces/srv/detail/control_world__rosidl_typesupport_introspection_c.h
[0.897s] -- Up-to-date: /root/ros2_workspace/install/ros_gz_interfaces/include/ros_gz_interfaces/ros_gz_interfaces/srv/detail/delete_entity__rosidl_typesupport_introspection_c.h
[0.899s] -- Up-to-date: /root/ros2_workspace/install/ros_gz_interfaces/include/ros_gz_interfaces/ros_gz_interfaces/srv/detail/delete_entity__type_support.c
[0.901s] -- Up-to-date: /root/ros2_workspace/install/ros_gz_interfaces/include/ros_gz_interfaces/ros_gz_interfaces/srv/detail/set_entity_pose__rosidl_typesupport_introspection_c.h
[0.902s] -- Up-to-date: /root/ros2_workspace/install/ros_gz_interfaces/include/ros_gz_interfaces/ros_gz_interfaces/srv/detail/set_entity_pose__type_support.c
[0.912s] -- Up-to-date: /root/ros2_workspace/install/ros_gz_interfaces/lib/libros_gz_interfaces__rosidl_typesupport_introspection_c.so
[0.915s] -- Up-to-date: /root/ros2_workspace/install/ros_gz_interfaces/lib/libros_gz_interfaces__rosidl_typesupport_c.so
[0.918s] -- Up-to-date: /root/ros2_workspace/install/ros_gz_interfaces/include/ros_gz_interfaces/ros_gz_interfaces
[0.922s] -- Up-to-date: /root/ros2_workspace/install/ros_gz_interfaces/include/ros_gz_interfaces/ros_gz_interfaces/msg
[0.925s] -- Up-to-date: /root/ros2_workspace/install/ros_gz_interfaces/include/ros_gz_interfaces/ros_gz_interfaces/msg/detail
[0.929s] -- Up-to-date: /root/ros2_workspace/install/ros_gz_interfaces/include/ros_gz_interfaces/ros_gz_interfaces/msg/detail/contact__type_support.cpp
[0.930s] -- Up-to-date: /root/ros2_workspace/install/ros_gz_interfaces/include/ros_gz_interfaces/ros_gz_interfaces/msg/detail/joint_wrench__rosidl_typesupport_introspection_cpp.hpp
[0.932s] -- Up-to-date: /root/ros2_workspace/install/ros_gz_interfaces/include/ros_gz_interfaces/ros_gz_interfaces/msg/detail/logical_camera_image__type_support.cpp
[0.933s] -- Up-to-date: /root/ros2_workspace/install/ros_gz_interfaces/include/ros_gz_interfaces/ros_gz_interfaces/msg/detail/joint_wrench__type_support.cpp
[0.935s] -- Up-to-date: /root/ros2_workspace/install/ros_gz_interfaces/include/ros_gz_interfaces/ros_gz_interfaces/msg/detail/material_color__type_support.cpp
[0.937s] -- Up-to-date: /root/ros2_workspace/install/ros_gz_interfaces/include/ros_gz_interfaces/ros_gz_interfaces/msg/detail/altimeter__rosidl_typesupport_introspection_cpp.hpp
[0.939s] -- Up-to-date: /root/ros2_workspace/install/ros_gz_interfaces/include/ros_gz_interfaces/ros_gz_interfaces/msg/detail/entity_factory__type_support.cpp
[0.941s] -- Up-to-date: /root/ros2_workspace/install/ros_gz_interfaces/include/ros_gz_interfaces/ros_gz_interfaces/msg/detail/float32_array__rosidl_typesupport_introspection_cpp.hpp
[0.944s] -- Up-to-date: /root/ros2_workspace/install/ros_gz_interfaces/include/ros_gz_interfaces/ros_gz_interfaces/msg/detail/world_control__type_support.cpp
[0.946s] -- Up-to-date: /root/ros2_workspace/install/ros_gz_interfaces/include/ros_gz_interfaces/ros_gz_interfaces/msg/detail/world_control__rosidl_typesupport_introspection_cpp.hpp
[0.948s] -- Up-to-date: /root/ros2_workspace/install/ros_gz_interfaces/include/ros_gz_interfaces/ros_gz_interfaces/msg/detail/light__rosidl_typesupport_introspection_cpp.hpp
[0.950s] -- Up-to-date: /root/ros2_workspace/install/ros_gz_interfaces/include/ros_gz_interfaces/ros_gz_interfaces/msg/detail/entity__type_support.cpp
[0.951s] -- Up-to-date: /root/ros2_workspace/install/ros_gz_interfaces/include/ros_gz_interfaces/ros_gz_interfaces/msg/detail/entity_wrench__type_support.cpp
[0.953s] -- Up-to-date: /root/ros2_workspace/install/ros_gz_interfaces/include/ros_gz_interfaces/ros_gz_interfaces/msg/detail/track_visual__rosidl_typesupport_introspection_cpp.hpp
[0.955s] -- Up-to-date: /root/ros2_workspace/install/ros_gz_interfaces/include/ros_gz_interfaces/ros_gz_interfaces/msg/detail/logical_camera_image_model__rosidl_typesupport_introspection_cpp.hpp
[0.957s] -- Up-to-date: /root/ros2_workspace/install/ros_gz_interfaces/include/ros_gz_interfaces/ros_gz_interfaces/msg/detail/world_reset__type_support.cpp
[0.958s] -- Up-to-date: /root/ros2_workspace/install/ros_gz_interfaces/include/ros_gz_interfaces/ros_gz_interfaces/msg/detail/dataframe__type_support.cpp
[0.960s] -- Up-to-date: /root/ros2_workspace/install/ros_gz_interfaces/include/ros_gz_interfaces/ros_gz_interfaces/msg/detail/material_color__rosidl_typesupport_introspection_cpp.hpp
[0.961s] -- Up-to-date: /root/ros2_workspace/install/ros_gz_interfaces/include/ros_gz_interfaces/ros_gz_interfaces/msg/detail/dataframe__rosidl_typesupport_introspection_cpp.hpp
[0.970s] -- Up-to-date: /root/ros2_workspace/install/ros_gz_interfaces/include/ros_gz_interfaces/ros_gz_interfaces/msg/detail/param_vec__type_support.cpp
[0.974s] -- Up-to-date: /root/ros2_workspace/install/ros_gz_interfaces/include/ros_gz_interfaces/ros_gz_interfaces/msg/detail/string_vec__rosidl_typesupport_introspection_cpp.hpp
[0.975s] -- Up-to-date: /root/ros2_workspace/install/ros_gz_interfaces/include/ros_gz_interfaces/ros_gz_interfaces/msg/detail/entity__rosidl_typesupport_introspection_cpp.hpp
[0.977s] -- Up-to-date: /root/ros2_workspace/install/ros_gz_interfaces/include/ros_gz_interfaces/ros_gz_interfaces/msg/detail/contact__rosidl_typesupport_introspection_cpp.hpp
[0.978s] -- Up-to-date: /root/ros2_workspace/install/ros_gz_interfaces/include/ros_gz_interfaces/ros_gz_interfaces/msg/detail/logical_camera_image__rosidl_typesupport_introspection_cpp.hpp
[0.980s] -- Up-to-date: /root/ros2_workspace/install/ros_gz_interfaces/include/ros_gz_interfaces/ros_gz_interfaces/msg/detail/logical_camera_image_model__type_support.cpp
[0.982s] -- Up-to-date: /root/ros2_workspace/install/ros_gz_interfaces/include/ros_gz_interfaces/ros_gz_interfaces/msg/detail/gui_camera__type_support.cpp
[0.983s] -- Up-to-date: /root/ros2_workspace/install/ros_gz_interfaces/include/ros_gz_interfaces/ros_gz_interfaces/msg/detail/gui_camera__rosidl_typesupport_introspection_cpp.hpp
[0.985s] -- Up-to-date: /root/ros2_workspace/install/ros_gz_interfaces/include/ros_gz_interfaces/ros_gz_interfaces/msg/detail/contacts__rosidl_typesupport_introspection_cpp.hpp
[0.986s] -- Up-to-date: /root/ros2_workspace/install/ros_gz_interfaces/include/ros_gz_interfaces/ros_gz_interfaces/msg/detail/entity_wrench__rosidl_typesupport_introspection_cpp.hpp
[0.988s] -- Up-to-date: /root/ros2_workspace/install/ros_gz_interfaces/include/ros_gz_interfaces/ros_gz_interfaces/msg/detail/sensor_noise__rosidl_typesupport_introspection_cpp.hpp
[0.990s] -- Up-to-date: /root/ros2_workspace/install/ros_gz_interfaces/include/ros_gz_interfaces/ros_gz_interfaces/msg/detail/light__type_support.cpp
[0.991s] -- Up-to-date: /root/ros2_workspace/install/ros_gz_interfaces/include/ros_gz_interfaces/ros_gz_interfaces/msg/detail/video_record__rosidl_typesupport_introspection_cpp.hpp
[0.993s] -- Up-to-date: /root/ros2_workspace/install/ros_gz_interfaces/include/ros_gz_interfaces/ros_gz_interfaces/msg/detail/contacts__type_support.cpp
[0.995s] -- Up-to-date: /root/ros2_workspace/install/ros_gz_interfaces/include/ros_gz_interfaces/ros_gz_interfaces/msg/detail/param_vec__rosidl_typesupport_introspection_cpp.hpp
[0.997s] -- Up-to-date: /root/ros2_workspace/install/ros_gz_interfaces/include/ros_gz_interfaces/ros_gz_interfaces/msg/detail/world_reset__rosidl_typesupport_introspection_cpp.hpp
[0.999s] -- Up-to-date: /root/ros2_workspace/install/ros_gz_interfaces/include/ros_gz_interfaces/ros_gz_interfaces/msg/detail/sensor_noise__type_support.cpp
[1.001s] -- Up-to-date: /root/ros2_workspace/install/ros_gz_interfaces/include/ros_gz_interfaces/ros_gz_interfaces/msg/detail/track_visual__type_support.cpp
[1.003s] -- Up-to-date: /root/ros2_workspace/install/ros_gz_interfaces/include/ros_gz_interfaces/ros_gz_interfaces/msg/detail/string_vec__type_support.cpp
[1.005s] -- Up-to-date: /root/ros2_workspace/install/ros_gz_interfaces/include/ros_gz_interfaces/ros_gz_interfaces/msg/detail/entity_factory__rosidl_typesupport_introspection_cpp.hpp
[1.006s] -- Up-to-date: /root/ros2_workspace/install/ros_gz_interfaces/include/ros_gz_interfaces/ros_gz_interfaces/msg/detail/float32_array__type_support.cpp
[1.007s] -- Up-to-date: /root/ros2_workspace/install/ros_gz_interfaces/include/ros_gz_interfaces/ros_gz_interfaces/msg/detail/altimeter__type_support.cpp
[1.010s] -- Up-to-date: /root/ros2_workspace/install/ros_gz_interfaces/include/ros_gz_interfaces/ros_gz_interfaces/msg/detail/video_record__type_support.cpp
[1.012s] -- Up-to-date: /root/ros2_workspace/install/ros_gz_interfaces/include/ros_gz_interfaces/ros_gz_interfaces/srv
[1.013s] -- Up-to-date: /root/ros2_workspace/install/ros_gz_interfaces/include/ros_gz_interfaces/ros_gz_interfaces/srv/detail
[1.015s] -- Up-to-date: /root/ros2_workspace/install/ros_gz_interfaces/include/ros_gz_interfaces/ros_gz_interfaces/srv/detail/spawn_entity__rosidl_typesupport_introspection_cpp.hpp
[1.016s] -- Up-to-date: /root/ros2_workspace/install/ros_gz_interfaces/include/ros_gz_interfaces/ros_gz_interfaces/srv/detail/spawn_entity__type_support.cpp
[1.018s] -- Up-to-date: /root/ros2_workspace/install/ros_gz_interfaces/include/ros_gz_interfaces/ros_gz_interfaces/srv/detail/control_world__type_support.cpp
[1.019s] -- Up-to-date: /root/ros2_workspace/install/ros_gz_interfaces/include/ros_gz_interfaces/ros_gz_interfaces/srv/detail/control_world__rosidl_typesupport_introspection_cpp.hpp
[1.021s] -- Up-to-date: /root/ros2_workspace/install/ros_gz_interfaces/include/ros_gz_interfaces/ros_gz_interfaces/srv/detail/set_entity_pose__rosidl_typesupport_introspection_cpp.hpp
[1.022s] -- Up-to-date: /root/ros2_workspace/install/ros_gz_interfaces/include/ros_gz_interfaces/ros_gz_interfaces/srv/detail/delete_entity__rosidl_typesupport_introspection_cpp.hpp
[1.024s] -- Up-to-date: /root/ros2_workspace/install/ros_gz_interfaces/include/ros_gz_interfaces/ros_gz_interfaces/srv/detail/delete_entity__type_support.cpp
[1.026s] -- Up-to-date: /root/ros2_workspace/install/ros_gz_interfaces/include/ros_gz_interfaces/ros_gz_interfaces/srv/detail/set_entity_pose__type_support.cpp
[1.027s] -- Up-to-date: /root/ros2_workspace/install/ros_gz_interfaces/lib/libros_gz_interfaces__rosidl_typesupport_introspection_cpp.so
[1.032s] -- Up-to-date: /root/ros2_workspace/install/ros_gz_interfaces/lib/libros_gz_interfaces__rosidl_typesupport_cpp.so
[1.036s] -- Up-to-date: /root/ros2_workspace/install/ros_gz_interfaces/share/ros_gz_interfaces/environment/pythonpath.sh
[1.037s] -- Up-to-date: /root/ros2_workspace/install/ros_gz_interfaces/share/ros_gz_interfaces/environment/pythonpath.dsv
[1.039s] -- Up-to-date: /root/ros2_workspace/install/ros_gz_interfaces/local/lib/python3.10/dist-packages/ros_gz_interfaces-3.0.5-py3.10.egg-info
[1.041s] -- Installing: /root/ros2_workspace/install/ros_gz_interfaces/local/lib/python3.10/dist-packages/ros_gz_interfaces-3.0.5-py3.10.egg-info/PKG-INFO
[1.046s] -- Installing: /root/ros2_workspace/install/ros_gz_interfaces/local/lib/python3.10/dist-packages/ros_gz_interfaces-3.0.5-py3.10.egg-info/SOURCES.txt
[1.053s] -- Installing: /root/ros2_workspace/install/ros_gz_interfaces/local/lib/python3.10/dist-packages/ros_gz_interfaces-3.0.5-py3.10.egg-info/top_level.txt
[1.094s] -- Installing: /root/ros2_workspace/install/ros_gz_interfaces/local/lib/python3.10/dist-packages/ros_gz_interfaces-3.0.5-py3.10.egg-info/dependency_links.txt
[1.102s] -- Up-to-date: /root/ros2_workspace/install/ros_gz_interfaces/local/lib/python3.10/dist-packages/ros_gz_interfaces
[1.104s] -- Up-to-date: /root/ros2_workspace/install/ros_gz_interfaces/local/lib/python3.10/dist-packages/ros_gz_interfaces/ros_gz_interfaces_s__rosidl_typesupport_introspection_c.cpython-310-aarch64-linux-gnu.so
[1.106s] -- Up-to-date: /root/ros2_workspace/install/ros_gz_interfaces/local/lib/python3.10/dist-packages/ros_gz_interfaces/msg
[1.107s] -- Up-to-date: /root/ros2_workspace/install/ros_gz_interfaces/local/lib/python3.10/dist-packages/ros_gz_interfaces/msg/_track_visual_s.c
[1.108s] -- Up-to-date: /root/ros2_workspace/install/ros_gz_interfaces/local/lib/python3.10/dist-packages/ros_gz_interfaces/msg/_gui_camera.py
[1.109s] -- Up-to-date: /root/ros2_workspace/install/ros_gz_interfaces/local/lib/python3.10/dist-packages/ros_gz_interfaces/msg/_world_reset_s.c
[1.110s] -- Up-to-date: /root/ros2_workspace/install/ros_gz_interfaces/local/lib/python3.10/dist-packages/ros_gz_interfaces/msg/_world_reset.py
[1.110s] -- Up-to-date: /root/ros2_workspace/install/ros_gz_interfaces/local/lib/python3.10/dist-packages/ros_gz_interfaces/msg/_contacts.py
[1.113s] -- Up-to-date: /root/ros2_workspace/install/ros_gz_interfaces/local/lib/python3.10/dist-packages/ros_gz_interfaces/msg/_dataframe.py
[1.114s] -- Up-to-date: /root/ros2_workspace/install/ros_gz_interfaces/local/lib/python3.10/dist-packages/ros_gz_interfaces/msg/_sensor_noise.py
[1.115s] -- Up-to-date: /root/ros2_workspace/install/ros_gz_interfaces/local/lib/python3.10/dist-packages/ros_gz_interfaces/msg/_material_color_s.c
[1.117s] -- Up-to-date: /root/ros2_workspace/install/ros_gz_interfaces/local/lib/python3.10/dist-packages/ros_gz_interfaces/msg/_entity_factory.py
[1.120s] -- Up-to-date: /root/ros2_workspace/install/ros_gz_interfaces/local/lib/python3.10/dist-packages/ros_gz_interfaces/msg/_logical_camera_image_model.py
[1.123s] -- Up-to-date: /root/ros2_workspace/install/ros_gz_interfaces/local/lib/python3.10/dist-packages/ros_gz_interfaces/msg/_logical_camera_image_model_s.c
[1.124s] -- Up-to-date: /root/ros2_workspace/install/ros_gz_interfaces/local/lib/python3.10/dist-packages/ros_gz_interfaces/msg/_light_s.c
[1.127s] -- Up-to-date: /root/ros2_workspace/install/ros_gz_interfaces/local/lib/python3.10/dist-packages/ros_gz_interfaces/msg/_float32_array.py
[1.130s] -- Up-to-date: /root/ros2_workspace/install/ros_gz_interfaces/local/lib/python3.10/dist-packages/ros_gz_interfaces/msg/_world_control.py
[1.134s] -- Up-to-date: /root/ros2_workspace/install/ros_gz_interfaces/local/lib/python3.10/dist-packages/ros_gz_interfaces/msg/_entity.py
[1.136s] -- Up-to-date: /root/ros2_workspace/install/ros_gz_interfaces/local/lib/python3.10/dist-packages/ros_gz_interfaces/msg/_light.py
[1.139s] -- Up-to-date: /root/ros2_workspace/install/ros_gz_interfaces/local/lib/python3.10/dist-packages/ros_gz_interfaces/msg/__init__.py
[1.141s] -- Up-to-date: /root/ros2_workspace/install/ros_gz_interfaces/local/lib/python3.10/dist-packages/ros_gz_interfaces/msg/_contact_s.c
[1.141s] -- Up-to-date: /root/ros2_workspace/install/ros_gz_interfaces/local/lib/python3.10/dist-packages/ros_gz_interfaces/msg/_sensor_noise_s.c
[1.143s] -- Up-to-date: /root/ros2_workspace/install/ros_gz_interfaces/local/lib/python3.10/dist-packages/ros_gz_interfaces/msg/_logical_camera_image.py
[1.144s] -- Up-to-date: /root/ros2_workspace/install/ros_gz_interfaces/local/lib/python3.10/dist-packages/ros_gz_interfaces/msg/_altimeter.py
[1.146s] -- Up-to-date: /root/ros2_workspace/install/ros_gz_interfaces/local/lib/python3.10/dist-packages/ros_gz_interfaces/msg/_logical_camera_image_s.c
[1.149s] -- Up-to-date: /root/ros2_workspace/install/ros_gz_interfaces/local/lib/python3.10/dist-packages/ros_gz_interfaces/msg/_joint_wrench.py
[1.152s] -- Up-to-date: /root/ros2_workspace/install/ros_gz_interfaces/local/lib/python3.10/dist-packages/ros_gz_interfaces/msg/_video_record.py
[1.158s] -- Up-to-date: /root/ros2_workspace/install/ros_gz_interfaces/local/lib/python3.10/dist-packages/ros_gz_interfaces/msg/_entity_wrench.py
[1.160s] -- Up-to-date: /root/ros2_workspace/install/ros_gz_interfaces/local/lib/python3.10/dist-packages/ros_gz_interfaces/msg/_entity_wrench_s.c
[1.161s] -- Up-to-date: /root/ros2_workspace/install/ros_gz_interfaces/local/lib/python3.10/dist-packages/ros_gz_interfaces/msg/_param_vec.py
[1.162s] -- Up-to-date: /root/ros2_workspace/install/ros_gz_interfaces/local/lib/python3.10/dist-packages/ros_gz_interfaces/msg/_contacts_s.c
[1.163s] -- Up-to-date: /root/ros2_workspace/install/ros_gz_interfaces/local/lib/python3.10/dist-packages/ros_gz_interfaces/msg/_video_record_s.c
[1.164s] -- Up-to-date: /root/ros2_workspace/install/ros_gz_interfaces/local/lib/python3.10/dist-packages/ros_gz_interfaces/msg/_material_color.py
[1.165s] -- Up-to-date: /root/ros2_workspace/install/ros_gz_interfaces/local/lib/python3.10/dist-packages/ros_gz_interfaces/msg/_altimeter_s.c
[1.166s] -- Up-to-date: /root/ros2_workspace/install/ros_gz_interfaces/local/lib/python3.10/dist-packages/ros_gz_interfaces/msg/_world_control_s.c
[1.167s] -- Up-to-date: /root/ros2_workspace/install/ros_gz_interfaces/local/lib/python3.10/dist-packages/ros_gz_interfaces/msg/_entity_s.c
[1.169s] -- Up-to-date: /root/ros2_workspace/install/ros_gz_interfaces/local/lib/python3.10/dist-packages/ros_gz_interfaces/msg/_entity_factory_s.c
[1.169s] -- Up-to-date: /root/ros2_workspace/install/ros_gz_interfaces/local/lib/python3.10/dist-packages/ros_gz_interfaces/msg/_param_vec_s.c
[1.170s] -- Up-to-date: /root/ros2_workspace/install/ros_gz_interfaces/local/lib/python3.10/dist-packages/ros_gz_interfaces/msg/_joint_wrench_s.c
[1.172s] -- Up-to-date: /root/ros2_workspace/install/ros_gz_interfaces/local/lib/python3.10/dist-packages/ros_gz_interfaces/msg/_gui_camera_s.c
[1.175s] -- Up-to-date: /root/ros2_workspace/install/ros_gz_interfaces/local/lib/python3.10/dist-packages/ros_gz_interfaces/msg/_track_visual.py
[1.176s] -- Up-to-date: /root/ros2_workspace/install/ros_gz_interfaces/local/lib/python3.10/dist-packages/ros_gz_interfaces/msg/_contact.py
[1.177s] -- Up-to-date: /root/ros2_workspace/install/ros_gz_interfaces/local/lib/python3.10/dist-packages/ros_gz_interfaces/msg/_string_vec_s.c
[1.178s] -- Up-to-date: /root/ros2_workspace/install/ros_gz_interfaces/local/lib/python3.10/dist-packages/ros_gz_interfaces/msg/_float32_array_s.c
[1.179s] -- Up-to-date: /root/ros2_workspace/install/ros_gz_interfaces/local/lib/python3.10/dist-packages/ros_gz_interfaces/msg/_dataframe_s.c
[1.180s] -- Up-to-date: /root/ros2_workspace/install/ros_gz_interfaces/local/lib/python3.10/dist-packages/ros_gz_interfaces/msg/_string_vec.py
[1.181s] -- Up-to-date: /root/ros2_workspace/install/ros_gz_interfaces/local/lib/python3.10/dist-packages/ros_gz_interfaces/_ros_gz_interfaces_s.ep.rosidl_typesupport_fastrtps_c.c
[1.182s] -- Up-to-date: /root/ros2_workspace/install/ros_gz_interfaces/local/lib/python3.10/dist-packages/ros_gz_interfaces/ros_gz_interfaces_s__rosidl_typesupport_fastrtps_c.cpython-310-aarch64-linux-gnu.so
[1.183s] -- Up-to-date: /root/ros2_workspace/install/ros_gz_interfaces/local/lib/python3.10/dist-packages/ros_gz_interfaces/__init__.py
[1.184s] -- Up-to-date: /root/ros2_workspace/install/ros_gz_interfaces/local/lib/python3.10/dist-packages/ros_gz_interfaces/_ros_gz_interfaces_s.ep.rosidl_typesupport_c.c
[1.185s] -- Up-to-date: /root/ros2_workspace/install/ros_gz_interfaces/local/lib/python3.10/dist-packages/ros_gz_interfaces/ros_gz_interfaces_s__rosidl_typesupport_c.cpython-310-aarch64-linux-gnu.so
[1.186s] -- Up-to-date: /root/ros2_workspace/install/ros_gz_interfaces/local/lib/python3.10/dist-packages/ros_gz_interfaces/_ros_gz_interfaces_s.ep.rosidl_typesupport_introspection_c.c
[1.188s] -- Up-to-date: /root/ros2_workspace/install/ros_gz_interfaces/local/lib/python3.10/dist-packages/ros_gz_interfaces/libros_gz_interfaces__rosidl_generator_py.so
[1.189s] -- Up-to-date: /root/ros2_workspace/install/ros_gz_interfaces/local/lib/python3.10/dist-packages/ros_gz_interfaces/srv
[1.190s] -- Up-to-date: /root/ros2_workspace/install/ros_gz_interfaces/local/lib/python3.10/dist-packages/ros_gz_interfaces/srv/_control_world_s.c
[1.191s] -- Up-to-date: /root/ros2_workspace/install/ros_gz_interfaces/local/lib/python3.10/dist-packages/ros_gz_interfaces/srv/_spawn_entity_s.c
[1.191s] -- Up-to-date: /root/ros2_workspace/install/ros_gz_interfaces/local/lib/python3.10/dist-packages/ros_gz_interfaces/srv/_control_world.py
[1.192s] -- Up-to-date: /root/ros2_workspace/install/ros_gz_interfaces/local/lib/python3.10/dist-packages/ros_gz_interfaces/srv/_delete_entity.py
[1.193s] -- Up-to-date: /root/ros2_workspace/install/ros_gz_interfaces/local/lib/python3.10/dist-packages/ros_gz_interfaces/srv/_set_entity_pose_s.c
[1.196s] -- Up-to-date: /root/ros2_workspace/install/ros_gz_interfaces/local/lib/python3.10/dist-packages/ros_gz_interfaces/srv/__init__.py
[1.199s] -- Up-to-date: /root/ros2_workspace/install/ros_gz_interfaces/local/lib/python3.10/dist-packages/ros_gz_interfaces/srv/_set_entity_pose.py
[1.201s] -- Up-to-date: /root/ros2_workspace/install/ros_gz_interfaces/local/lib/python3.10/dist-packages/ros_gz_interfaces/srv/_spawn_entity.py
[1.202s] -- Up-to-date: /root/ros2_workspace/install/ros_gz_interfaces/local/lib/python3.10/dist-packages/ros_gz_interfaces/srv/_delete_entity_s.c
[1.410s] Listing '/root/ros2_workspace/install/ros_gz_interfaces/local/lib/python3.10/dist-packages/ros_gz_interfaces'...
[1.412s] Listing '/root/ros2_workspace/install/ros_gz_interfaces/local/lib/python3.10/dist-packages/ros_gz_interfaces/msg'...
[1.414s] Listing '/root/ros2_workspace/install/ros_gz_interfaces/local/lib/python3.10/dist-packages/ros_gz_interfaces/srv'...
[1.420s] -- Up-to-date: /root/ros2_workspace/install/ros_gz_interfaces/local/lib/python3.10/dist-packages/ros_gz_interfaces/ros_gz_interfaces_s__rosidl_typesupport_fastrtps_c.cpython-310-aarch64-linux-gnu.so
[1.432s] -- Up-to-date: /root/ros2_workspace/install/ros_gz_interfaces/local/lib/python3.10/dist-packages/ros_gz_interfaces/ros_gz_interfaces_s__rosidl_typesupport_introspection_c.cpython-310-aarch64-linux-gnu.so
[1.445s] -- Up-to-date: /root/ros2_workspace/install/ros_gz_interfaces/local/lib/python3.10/dist-packages/ros_gz_interfaces/ros_gz_interfaces_s__rosidl_typesupport_c.cpython-310-aarch64-linux-gnu.so
[1.450s] -- Up-to-date: /root/ros2_workspace/install/ros_gz_interfaces/lib/libros_gz_interfaces__rosidl_generator_py.so
[1.462s] -- Up-to-date: /root/ros2_workspace/install/ros_gz_interfaces/share/ros_gz_interfaces/msg/Altimeter.idl
[1.464s] -- Up-to-date: /root/ros2_workspace/install/ros_gz_interfaces/share/ros_gz_interfaces/msg/Contact.idl
[1.467s] -- Up-to-date: /root/ros2_workspace/install/ros_gz_interfaces/share/ros_gz_interfaces/msg/Contacts.idl
[1.471s] -- Up-to-date: /root/ros2_workspace/install/ros_gz_interfaces/share/ros_gz_interfaces/msg/Dataframe.idl
[1.472s] -- Up-to-date: /root/ros2_workspace/install/ros_gz_interfaces/share/ros_gz_interfaces/msg/Entity.idl
[1.475s] -- Up-to-date: /root/ros2_workspace/install/ros_gz_interfaces/share/ros_gz_interfaces/msg/EntityFactory.idl
[1.477s] -- Up-to-date: /root/ros2_workspace/install/ros_gz_interfaces/share/ros_gz_interfaces/msg/EntityWrench.idl
[1.479s] -- Up-to-date: /root/ros2_workspace/install/ros_gz_interfaces/share/ros_gz_interfaces/msg/Float32Array.idl
[1.483s] -- Up-to-date: /root/ros2_workspace/install/ros_gz_interfaces/share/ros_gz_interfaces/msg/GuiCamera.idl
[1.485s] -- Up-to-date: /root/ros2_workspace/install/ros_gz_interfaces/share/ros_gz_interfaces/msg/JointWrench.idl
[1.488s] -- Up-to-date: /root/ros2_workspace/install/ros_gz_interfaces/share/ros_gz_interfaces/msg/Light.idl
[1.491s] -- Up-to-date: /root/ros2_workspace/install/ros_gz_interfaces/share/ros_gz_interfaces/msg/LogicalCameraImage.idl
[1.493s] -- Up-to-date: /root/ros2_workspace/install/ros_gz_interfaces/share/ros_gz_interfaces/msg/LogicalCameraImageModel.idl
[1.494s] -- Up-to-date: /root/ros2_workspace/install/ros_gz_interfaces/share/ros_gz_interfaces/msg/MaterialColor.idl
[1.496s] -- Up-to-date: /root/ros2_workspace/install/ros_gz_interfaces/share/ros_gz_interfaces/msg/ParamVec.idl
[1.497s] -- Up-to-date: /root/ros2_workspace/install/ros_gz_interfaces/share/ros_gz_interfaces/msg/SensorNoise.idl
[1.498s] -- Up-to-date: /root/ros2_workspace/install/ros_gz_interfaces/share/ros_gz_interfaces/msg/StringVec.idl
[1.501s] -- Up-to-date: /root/ros2_workspace/install/ros_gz_interfaces/share/ros_gz_interfaces/msg/TrackVisual.idl
[1.505s] -- Up-to-date: /root/ros2_workspace/install/ros_gz_interfaces/share/ros_gz_interfaces/msg/VideoRecord.idl
[1.507s] -- Up-to-date: /root/ros2_workspace/install/ros_gz_interfaces/share/ros_gz_interfaces/msg/WorldControl.idl
[1.509s] -- Up-to-date: /root/ros2_workspace/install/ros_gz_interfaces/share/ros_gz_interfaces/msg/WorldReset.idl
[1.512s] -- Up-to-date: /root/ros2_workspace/install/ros_gz_interfaces/share/ros_gz_interfaces/srv/ControlWorld.idl
[1.516s] -- Up-to-date: /root/ros2_workspace/install/ros_gz_interfaces/share/ros_gz_interfaces/srv/DeleteEntity.idl
[1.518s] -- Up-to-date: /root/ros2_workspace/install/ros_gz_interfaces/share/ros_gz_interfaces/srv/SetEntityPose.idl
[1.522s] -- Up-to-date: /root/ros2_workspace/install/ros_gz_interfaces/share/ros_gz_interfaces/srv/SpawnEntity.idl
[1.525s] -- Up-to-date: /root/ros2_workspace/install/ros_gz_interfaces/share/ros_gz_interfaces/msg/Altimeter.msg
[1.530s] -- Up-to-date: /root/ros2_workspace/install/ros_gz_interfaces/share/ros_gz_interfaces/msg/Contact.msg
[1.531s] -- Up-to-date: /root/ros2_workspace/install/ros_gz_interfaces/share/ros_gz_interfaces/msg/Contacts.msg
[1.533s] -- Up-to-date: /root/ros2_workspace/install/ros_gz_interfaces/share/ros_gz_interfaces/msg/Dataframe.msg
[1.535s] -- Up-to-date: /root/ros2_workspace/install/ros_gz_interfaces/share/ros_gz_interfaces/msg/Entity.msg
[1.537s] -- Up-to-date: /root/ros2_workspace/install/ros_gz_interfaces/share/ros_gz_interfaces/msg/EntityFactory.msg
[1.540s] -- Up-to-date: /root/ros2_workspace/install/ros_gz_interfaces/share/ros_gz_interfaces/msg/EntityWrench.msg
[1.543s] -- Up-to-date: /root/ros2_workspace/install/ros_gz_interfaces/share/ros_gz_interfaces/msg/Float32Array.msg
[1.545s] -- Up-to-date: /root/ros2_workspace/install/ros_gz_interfaces/share/ros_gz_interfaces/msg/GuiCamera.msg
[1.547s] -- Up-to-date: /root/ros2_workspace/install/ros_gz_interfaces/share/ros_gz_interfaces/msg/JointWrench.msg
[1.548s] -- Up-to-date: /root/ros2_workspace/install/ros_gz_interfaces/share/ros_gz_interfaces/msg/Light.msg
[1.551s] -- Up-to-date: /root/ros2_workspace/install/ros_gz_interfaces/share/ros_gz_interfaces/msg/LogicalCameraImage.msg
[1.604s] -- Up-to-date: /root/ros2_workspace/install/ros_gz_interfaces/share/ros_gz_interfaces/msg/LogicalCameraImageModel.msg
[1.613s] -- Up-to-date: /root/ros2_workspace/install/ros_gz_interfaces/share/ros_gz_interfaces/msg/MaterialColor.msg
[1.615s] -- Up-to-date: /root/ros2_workspace/install/ros_gz_interfaces/share/ros_gz_interfaces/msg/ParamVec.msg
[1.633s] -- Up-to-date: /root/ros2_workspace/install/ros_gz_interfaces/share/ros_gz_interfaces/msg/SensorNoise.msg
[1.636s] -- Up-to-date: /root/ros2_workspace/install/ros_gz_interfaces/share/ros_gz_interfaces/msg/StringVec.msg
[1.638s] -- Up-to-date: /root/ros2_workspace/install/ros_gz_interfaces/share/ros_gz_interfaces/msg/TrackVisual.msg
[1.641s] -- Up-to-date: /root/ros2_workspace/install/ros_gz_interfaces/share/ros_gz_interfaces/msg/VideoRecord.msg
[1.645s] -- Up-to-date: /root/ros2_workspace/install/ros_gz_interfaces/share/ros_gz_interfaces/msg/WorldControl.msg
[1.646s] -- Up-to-date: /root/ros2_workspace/install/ros_gz_interfaces/share/ros_gz_interfaces/msg/WorldReset.msg
[1.648s] -- Up-to-date: /root/ros2_workspace/install/ros_gz_interfaces/share/ros_gz_interfaces/srv/ControlWorld.srv
[1.651s] -- Up-to-date: /root/ros2_workspace/install/ros_gz_interfaces/share/ros_gz_interfaces/srv/ControlWorld_Request.msg
[1.652s] -- Up-to-date: /root/ros2_workspace/install/ros_gz_interfaces/share/ros_gz_interfaces/srv/ControlWorld_Response.msg
[1.654s] -- Up-to-date: /root/ros2_workspace/install/ros_gz_interfaces/share/ros_gz_interfaces/srv/DeleteEntity.srv
[1.656s] -- Up-to-date: /root/ros2_workspace/install/ros_gz_interfaces/share/ros_gz_interfaces/srv/DeleteEntity_Request.msg
[1.657s] -- Up-to-date: /root/ros2_workspace/install/ros_gz_interfaces/share/ros_gz_interfaces/srv/DeleteEntity_Response.msg
[1.660s] -- Up-to-date: /root/ros2_workspace/install/ros_gz_interfaces/share/ros_gz_interfaces/srv/SetEntityPose.srv
[1.662s] -- Up-to-date: /root/ros2_workspace/install/ros_gz_interfaces/share/ros_gz_interfaces/srv/SetEntityPose_Request.msg
[1.666s] -- Up-to-date: /root/ros2_workspace/install/ros_gz_interfaces/share/ros_gz_interfaces/srv/SetEntityPose_Response.msg
[1.668s] -- Up-to-date: /root/ros2_workspace/install/ros_gz_interfaces/share/ros_gz_interfaces/srv/SpawnEntity.srv
[1.670s] -- Up-to-date: /root/ros2_workspace/install/ros_gz_interfaces/share/ros_gz_interfaces/srv/SpawnEntity_Request.msg
[1.672s] -- Up-to-date: /root/ros2_workspace/install/ros_gz_interfaces/share/ros_gz_interfaces/srv/SpawnEntity_Response.msg
[1.674s] -- Up-to-date: /root/ros2_workspace/install/ros_gz_interfaces/share/ament_index/resource_index/package_run_dependencies/ros_gz_interfaces
[1.677s] -- Up-to-date: /root/ros2_workspace/install/ros_gz_interfaces/share/ament_index/resource_index/parent_prefix_path/ros_gz_interfaces
[1.680s] -- Up-to-date: /root/ros2_workspace/install/ros_gz_interfaces/share/ros_gz_interfaces/environment/ament_prefix_path.sh
[1.682s] -- Up-to-date: /root/ros2_workspace/install/ros_gz_interfaces/share/ros_gz_interfaces/environment/ament_prefix_path.dsv
[1.686s] -- Up-to-date: /root/ros2_workspace/install/ros_gz_interfaces/share/ros_gz_interfaces/environment/path.sh
[1.688s] -- Up-to-date: /root/ros2_workspace/install/ros_gz_interfaces/share/ros_gz_interfaces/environment/path.dsv
[1.690s] -- Up-to-date: /root/ros2_workspace/install/ros_gz_interfaces/share/ros_gz_interfaces/local_setup.bash
[1.691s] -- Up-to-date: /root/ros2_workspace/install/ros_gz_interfaces/share/ros_gz_interfaces/local_setup.sh
[1.693s] -- Up-to-date: /root/ros2_workspace/install/ros_gz_interfaces/share/ros_gz_interfaces/local_setup.zsh
[1.696s] -- Up-to-date: /root/ros2_workspace/install/ros_gz_interfaces/share/ros_gz_interfaces/local_setup.dsv
[1.699s] -- Installing: /root/ros2_workspace/install/ros_gz_interfaces/share/ros_gz_interfaces/package.dsv
[1.712s] -- Up-to-date: /root/ros2_workspace/install/ros_gz_interfaces/share/ament_index/resource_index/packages/ros_gz_interfaces
[1.719s] -- Up-to-date: /root/ros2_workspace/install/ros_gz_interfaces/share/ros_gz_interfaces/cmake/export_ros_gz_interfaces__rosidl_generator_cExport.cmake
[1.727s] -- Up-to-date: /root/ros2_workspace/install/ros_gz_interfaces/share/ros_gz_interfaces/cmake/export_ros_gz_interfaces__rosidl_generator_cExport-noconfig.cmake
[1.737s] -- Up-to-date: /root/ros2_workspace/install/ros_gz_interfaces/share/ros_gz_interfaces/cmake/export_ros_gz_interfaces__rosidl_typesupport_fastrtps_cExport.cmake
[1.741s] -- Up-to-date: /root/ros2_workspace/install/ros_gz_interfaces/share/ros_gz_interfaces/cmake/export_ros_gz_interfaces__rosidl_typesupport_fastrtps_cExport-noconfig.cmake
[1.754s] -- Up-to-date: /root/ros2_workspace/install/ros_gz_interfaces/share/ros_gz_interfaces/cmake/export_ros_gz_interfaces__rosidl_generator_cppExport.cmake
[1.765s] -- Up-to-date: /root/ros2_workspace/install/ros_gz_interfaces/share/ros_gz_interfaces/cmake/export_ros_gz_interfaces__rosidl_typesupport_fastrtps_cppExport.cmake
[1.769s] -- Up-to-date: /root/ros2_workspace/install/ros_gz_interfaces/share/ros_gz_interfaces/cmake/export_ros_gz_interfaces__rosidl_typesupport_fastrtps_cppExport-noconfig.cmake
[1.773s] -- Up-to-date: /root/ros2_workspace/install/ros_gz_interfaces/share/ros_gz_interfaces/cmake/ros_gz_interfaces__rosidl_typesupport_introspection_cExport.cmake
[1.774s] -- Up-to-date: /root/ros2_workspace/install/ros_gz_interfaces/share/ros_gz_interfaces/cmake/ros_gz_interfaces__rosidl_typesupport_introspection_cExport-noconfig.cmake
[1.781s] -- Up-to-date: /root/ros2_workspace/install/ros_gz_interfaces/share/ros_gz_interfaces/cmake/ros_gz_interfaces__rosidl_typesupport_cExport.cmake
[1.783s] -- Up-to-date: /root/ros2_workspace/install/ros_gz_interfaces/share/ros_gz_interfaces/cmake/ros_gz_interfaces__rosidl_typesupport_cExport-noconfig.cmake
[1.788s] -- Up-to-date: /root/ros2_workspace/install/ros_gz_interfaces/share/ros_gz_interfaces/cmake/ros_gz_interfaces__rosidl_typesupport_introspection_cppExport.cmake
[1.790s] -- Up-to-date: /root/ros2_workspace/install/ros_gz_interfaces/share/ros_gz_interfaces/cmake/ros_gz_interfaces__rosidl_typesupport_introspection_cppExport-noconfig.cmake
[1.795s] -- Up-to-date: /root/ros2_workspace/install/ros_gz_interfaces/share/ros_gz_interfaces/cmake/ros_gz_interfaces__rosidl_typesupport_cppExport.cmake
[1.798s] -- Up-to-date: /root/ros2_workspace/install/ros_gz_interfaces/share/ros_gz_interfaces/cmake/ros_gz_interfaces__rosidl_typesupport_cppExport-noconfig.cmake
[1.802s] -- Up-to-date: /root/ros2_workspace/install/ros_gz_interfaces/share/ros_gz_interfaces/cmake/export_ros_gz_interfaces__rosidl_generator_pyExport.cmake
[1.804s] -- Up-to-date: /root/ros2_workspace/install/ros_gz_interfaces/share/ros_gz_interfaces/cmake/export_ros_gz_interfaces__rosidl_generator_pyExport-noconfig.cmake
[1.807s] -- Up-to-date: /root/ros2_workspace/install/ros_gz_interfaces/share/ros_gz_interfaces/cmake/rosidl_cmake-extras.cmake
[1.809s] -- Up-to-date: /root/ros2_workspace/install/ros_gz_interfaces/share/ros_gz_interfaces/cmake/ament_cmake_export_dependencies-extras.cmake
[1.812s] -- Up-to-date: /root/ros2_workspace/install/ros_gz_interfaces/share/ros_gz_interfaces/cmake/ament_cmake_export_include_directories-extras.cmake
[1.814s] -- Up-to-date: /root/ros2_workspace/install/ros_gz_interfaces/share/ros_gz_interfaces/cmake/ament_cmake_export_libraries-extras.cmake
[1.817s] -- Up-to-date: /root/ros2_workspace/install/ros_gz_interfaces/share/ros_gz_interfaces/cmake/ament_cmake_export_targets-extras.cmake
[1.822s] -- Up-to-date: /root/ros2_workspace/install/ros_gz_interfaces/share/ros_gz_interfaces/cmake/rosidl_cmake_export_typesupport_targets-extras.cmake
[1.825s] -- Up-to-date: /root/ros2_workspace/install/ros_gz_interfaces/share/ros_gz_interfaces/cmake/rosidl_cmake_export_typesupport_libraries-extras.cmake
[1.827s] -- Up-to-date: /root/ros2_workspace/install/ros_gz_interfaces/share/ros_gz_interfaces/cmake/ros_gz_interfacesConfig.cmake
[1.829s] -- Up-to-date: /root/ros2_workspace/install/ros_gz_interfaces/share/ros_gz_interfaces/cmake/ros_gz_interfacesConfig-version.cmake
[1.833s] -- Up-to-date: /root/ros2_workspace/install/ros_gz_interfaces/share/ros_gz_interfaces/package.xml
[1.844s] Invoked command in '/root/ros2_workspace/build/ros_gz_interfaces' returned '0': CMAKE_PREFIX_PATH=/opt/ros/humble /usr/bin/cmake --install /root/ros2_workspace/build/ros_gz_interfaces
