[0.071s] Invoking command in '/root/ros2_workspace/build/px4_msgs': CMAKE_PREFIX_PATH=/opt/ros/humble /usr/bin/cmake /root/ros2_workspace/src/px4_msgs -DAMENT_CMAKE_SYMLINK_INSTALL=1 -DCMAKE_INSTALL_PREFIX=/root/ros2_workspace/install/px4_msgs
[0.172s] -- Found ament_cmake: 1.3.12 (/opt/ros/humble/share/ament_cmake/cmake)
[0.469s] -- Override CMake install command with custom implementation using symlinks instead of copying resources
[0.695s] -- Found builtin_interfaces: 1.2.2 (/opt/ros/humble/share/builtin_interfaces/cmake)
[0.795s] -- Found rosidl_generator_c: 3.1.8 (/opt/ros/humble/share/rosidl_generator_c/cmake)
[0.804s] -- Found rosidl_adapter: 3.1.8 (/opt/ros/humble/share/rosidl_adapter/cmake)
[0.847s] -- Found rosidl_generator_cpp: 3.1.8 (/opt/ros/humble/share/rosidl_generator_cpp/cmake)
[0.890s] -- Using all available rosidl_typesupport_c: rosidl_typesupport_fastrtps_c;rosidl_typesupport_introspection_c
[0.922s] -- Using all available rosidl_typesupport_cpp: rosidl_typesupport_fastrtps_cpp;rosidl_typesupport_introspection_cpp
[0.951s] -- Found rosidl_default_generators: 1.2.0 (/opt/ros/humble/share/rosidl_default_generators/cmake)
[11.014s] -- Found ament_cmake_ros: 0.10.0 (/opt/ros/humble/share/ament_cmake_ros/cmake)
[17.432s] -- Using all available rosidl_typesupport_c: rosidl_typesupport_fastrtps_c;rosidl_typesupport_introspection_c
[18.612s] -- Using all available rosidl_typesupport_cpp: rosidl_typesupport_fastrtps_cpp;rosidl_typesupport_introspection_cpp
[18.667s] -- Found python_cmake_module: 0.10.0 (/opt/ros/humble/share/python_cmake_module/cmake)
[18.706s] -- Using PYTHON_EXECUTABLE: /usr/bin/python3
[18.707s] -- Using PYTHON_INCLUDE_DIRS: /usr/include/python3.10
[18.708s] -- Using PYTHON_LIBRARIES: /usr/lib/aarch64-linux-gnu/libpython3.10.so
[20.295s] -- Configuring done
[21.851s] -- Generating done
[22.279s] -- Build files have been written to: /root/ros2_workspace/build/px4_msgs
[22.322s] Invoked command in '/root/ros2_workspace/build/px4_msgs' returned '0': CMAKE_PREFIX_PATH=/opt/ros/humble /usr/bin/cmake /root/ros2_workspace/src/px4_msgs -DAMENT_CMAKE_SYMLINK_INSTALL=1 -DCMAKE_INSTALL_PREFIX=/root/ros2_workspace/install/px4_msgs
[22.333s] Invoking command in '/root/ros2_workspace/build/px4_msgs': CMAKE_PREFIX_PATH=/opt/ros/humble /usr/bin/cmake --build /root/ros2_workspace/build/px4_msgs -- -j10 -l10
[25.121s] [  0%] Built target px4_msgs__cpp
[25.172s] failed to create symbolic link '/root/ros2_workspace/build/px4_msgs/ament_cmake_python/px4_msgs/px4_msgs' because existing path cannot be removed: Is a directory
[25.173s] gmake[2]: *** [CMakeFiles/ament_cmake_python_symlink_px4_msgs.dir/build.make:70: CMakeFiles/ament_cmake_python_symlink_px4_msgs] Error 1
[25.174s] gmake[1]: *** [CMakeFiles/Makefile2:421: CMakeFiles/ament_cmake_python_symlink_px4_msgs.dir/all] Error 2
[25.174s] gmake: *** [Makefile:146: all] Error 2
[25.179s] Invoked command in '/root/ros2_workspace/build/px4_msgs' returned '2': CMAKE_PREFIX_PATH=/opt/ros/humble /usr/bin/cmake --build /root/ros2_workspace/build/px4_msgs -- -j10 -l10
