[0.014s] Invoking command in '/root/ros2_workspace/build/ros_gz_interfaces': CMAKE_PREFIX_PATH=/opt/ros/humble /usr/bin/cmake --build /root/ros2_workspace/build/ros_gz_interfaces -- -j10 -l10
[0.144s] [  0%] Built target ros_gz_interfaces__cpp
[0.177s] [35m[1mConsolidate compiler generated dependencies of target ros_gz_interfaces__rosidl_generator_c[0m
[0.213s] [35m[1mConsolidate compiler generated dependencies of target ros_gz_interfaces__rosidl_typesupport_cpp[0m
[0.222s] [35m[1mConsolidate compiler generated dependencies of target ros_gz_interfaces__rosidl_typesupport_introspection_cpp[0m
[0.223s] [35m[1mConsolidate compiler generated dependencies of target ros_gz_interfaces__rosidl_typesupport_fastrtps_cpp[0m
[0.390s] [  0%] Built target ament_cmake_python_copy_ros_gz_interfaces
[0.468s] [ 13%] Built target ros_gz_interfaces__rosidl_generator_c
[0.516s] [35m[1mConsolidate compiler generated dependencies of target ros_gz_interfaces__rosidl_typesupport_c[0m
[0.520s] [35m[1mConsolidate compiler generated dependencies of target ros_gz_interfaces__rosidl_typesupport_introspection_c[0m
[0.523s] [35m[1mConsolidate compiler generated dependencies of target ros_gz_interfaces__rosidl_typesupport_fastrtps_c[0m
[0.536s] running egg_info
[0.538s] writing ros_gz_interfaces.egg-info/PKG-INFO
[0.538s] writing dependency_links to ros_gz_interfaces.egg-info/dependency_links.txt
[0.539s] writing top-level names to ros_gz_interfaces.egg-info/top_level.txt
[0.548s] reading manifest file 'ros_gz_interfaces.egg-info/SOURCES.txt'
[0.550s] writing manifest file 'ros_gz_interfaces.egg-info/SOURCES.txt'
[0.568s] [ 13%] Built target ament_cmake_python_build_ros_gz_interfaces_egg
[0.666s] [ 25%] Built target ros_gz_interfaces__rosidl_typesupport_c
[0.784s] [ 37%] Built target ros_gz_interfaces__rosidl_typesupport_introspection_c
[0.811s] [ 49%] Built target ros_gz_interfaces__rosidl_typesupport_cpp
[0.883s] [ 62%] Built target ros_gz_interfaces__rosidl_typesupport_introspection_cpp
[1.167s] [ 74%] Built target ros_gz_interfaces__rosidl_typesupport_fastrtps_cpp
[1.945s] [ 86%] Built target ros_gz_interfaces__rosidl_typesupport_fastrtps_c
[1.990s] [ 86%] Built target ros_gz_interfaces
[2.024s] [ 86%] Built target ros_gz_interfaces__py
[2.075s] [35m[1mConsolidate compiler generated dependencies of target ros_gz_interfaces__rosidl_generator_py[0m
[2.735s] [ 97%] Built target ros_gz_interfaces__rosidl_generator_py
[2.751s] [35m[1mConsolidate compiler generated dependencies of target ros_gz_interfaces__rosidl_typesupport_fastrtps_c__pyext[0m
[2.752s] [35m[1mConsolidate compiler generated dependencies of target ros_gz_interfaces__rosidl_typesupport_c__pyext[0m
[2.754s] [35m[1mConsolidate compiler generated dependencies of target ros_gz_interfaces__rosidl_typesupport_introspection_c__pyext[0m
[2.925s] [ 98%] Built target ros_gz_interfaces__rosidl_typesupport_fastrtps_c__pyext
[2.929s] [100%] Built target ros_gz_interfaces__rosidl_typesupport_introspection_c__pyext
[2.930s] [100%] Built target ros_gz_interfaces__rosidl_typesupport_c__pyext
[3.025s] Invoked command in '/root/ros2_workspace/build/ros_gz_interfaces' returned '0': CMAKE_PREFIX_PATH=/opt/ros/humble /usr/bin/cmake --build /root/ros2_workspace/build/ros_gz_interfaces -- -j10 -l10
[3.056s] Invoking command in '/root/ros2_workspace/build/ros_gz_interfaces': CMAKE_PREFIX_PATH=/opt/ros/humble /usr/bin/cmake --install /root/ros2_workspace/build/ros_gz_interfaces
[3.068s] -- Install configuration: ""
[3.069s] -- Up-to-date: /root/ros2_workspace/install/ros_gz_interfaces/share/ament_index/resource_index/rosidl_interfaces/ros_gz_interfaces
[3.070s] -- Up-to-date: /root/ros2_workspace/install/ros_gz_interfaces/include/ros_gz_interfaces/ros_gz_interfaces
[3.072s] -- Up-to-date: /root/ros2_workspace/install/ros_gz_interfaces/include/ros_gz_interfaces/ros_gz_interfaces/msg
[3.075s] -- Up-to-date: /root/ros2_workspace/install/ros_gz_interfaces/include/ros_gz_interfaces/ros_gz_interfaces/msg/sensor_noise.h
[3.076s] -- Up-to-date: /root/ros2_workspace/install/ros_gz_interfaces/include/ros_gz_interfaces/ros_gz_interfaces/msg/gui_camera.h
[3.077s] -- Up-to-date: /root/ros2_workspace/install/ros_gz_interfaces/include/ros_gz_interfaces/ros_gz_interfaces/msg/rosidl_generator_c__visibility_control.h
[3.078s] -- Up-to-date: /root/ros2_workspace/install/ros_gz_interfaces/include/ros_gz_interfaces/ros_gz_interfaces/msg/entity_wrench.h
[3.079s] -- Up-to-date: /root/ros2_workspace/install/ros_gz_interfaces/include/ros_gz_interfaces/ros_gz_interfaces/msg/altimeter.h
[3.079s] -- Up-to-date: /root/ros2_workspace/install/ros_gz_interfaces/include/ros_gz_interfaces/ros_gz_interfaces/msg/light.h
[3.080s] -- Up-to-date: /root/ros2_workspace/install/ros_gz_interfaces/include/ros_gz_interfaces/ros_gz_interfaces/msg/param_vec.h
[3.081s] -- Up-to-date: /root/ros2_workspace/install/ros_gz_interfaces/include/ros_gz_interfaces/ros_gz_interfaces/msg/material_color.h
[3.083s] -- Up-to-date: /root/ros2_workspace/install/ros_gz_interfaces/include/ros_gz_interfaces/ros_gz_interfaces/msg/track_visual.h
[3.084s] -- Up-to-date: /root/ros2_workspace/install/ros_gz_interfaces/include/ros_gz_interfaces/ros_gz_interfaces/msg/string_vec.h
[3.085s] -- Up-to-date: /root/ros2_workspace/install/ros_gz_interfaces/include/ros_gz_interfaces/ros_gz_interfaces/msg/contact.h
[3.086s] -- Up-to-date: /root/ros2_workspace/install/ros_gz_interfaces/include/ros_gz_interfaces/ros_gz_interfaces/msg/detail
[3.087s] -- Up-to-date: /root/ros2_workspace/install/ros_gz_interfaces/include/ros_gz_interfaces/ros_gz_interfaces/msg/detail/world_control__struct.h
[3.088s] -- Up-to-date: /root/ros2_workspace/install/ros_gz_interfaces/include/ros_gz_interfaces/ros_gz_interfaces/msg/detail/video_record__type_support.h
[3.089s] -- Up-to-date: /root/ros2_workspace/install/ros_gz_interfaces/include/ros_gz_interfaces/ros_gz_interfaces/msg/detail/contacts__type_support.h
[3.090s] -- Up-to-date: /root/ros2_workspace/install/ros_gz_interfaces/include/ros_gz_interfaces/ros_gz_interfaces/msg/detail/float32_array__functions.h
[3.091s] -- Up-to-date: /root/ros2_workspace/install/ros_gz_interfaces/include/ros_gz_interfaces/ros_gz_interfaces/msg/detail/light__functions.h
[3.092s] -- Up-to-date: /root/ros2_workspace/install/ros_gz_interfaces/include/ros_gz_interfaces/ros_gz_interfaces/msg/detail/contacts__functions.h
[3.093s] -- Up-to-date: /root/ros2_workspace/install/ros_gz_interfaces/include/ros_gz_interfaces/ros_gz_interfaces/msg/detail/logical_camera_image__type_support.h
[3.094s] -- Up-to-date: /root/ros2_workspace/install/ros_gz_interfaces/include/ros_gz_interfaces/ros_gz_interfaces/msg/detail/entity__struct.h
[3.095s] -- Up-to-date: /root/ros2_workspace/install/ros_gz_interfaces/include/ros_gz_interfaces/ros_gz_interfaces/msg/detail/entity_wrench__functions.h
[3.096s] -- Up-to-date: /root/ros2_workspace/install/ros_gz_interfaces/include/ros_gz_interfaces/ros_gz_interfaces/msg/detail/param_vec__functions.h
[3.097s] -- Up-to-date: /root/ros2_workspace/install/ros_gz_interfaces/include/ros_gz_interfaces/ros_gz_interfaces/msg/detail/param_vec__type_support.h
[3.098s] -- Up-to-date: /root/ros2_workspace/install/ros_gz_interfaces/include/ros_gz_interfaces/ros_gz_interfaces/msg/detail/track_visual__struct.h
[3.099s] -- Up-to-date: /root/ros2_workspace/install/ros_gz_interfaces/include/ros_gz_interfaces/ros_gz_interfaces/msg/detail/string_vec__functions.h
[3.101s] -- Up-to-date: /root/ros2_workspace/install/ros_gz_interfaces/include/ros_gz_interfaces/ros_gz_interfaces/msg/detail/logical_camera_image__functions.h
[3.103s] -- Up-to-date: /root/ros2_workspace/install/ros_gz_interfaces/include/ros_gz_interfaces/ros_gz_interfaces/msg/detail/string_vec__struct.h
[3.104s] -- Up-to-date: /root/ros2_workspace/install/ros_gz_interfaces/include/ros_gz_interfaces/ros_gz_interfaces/msg/detail/material_color__type_support.h
[3.105s] -- Up-to-date: /root/ros2_workspace/install/ros_gz_interfaces/include/ros_gz_interfaces/ros_gz_interfaces/msg/detail/track_visual__type_support.h
[3.105s] -- Up-to-date: /root/ros2_workspace/install/ros_gz_interfaces/include/ros_gz_interfaces/ros_gz_interfaces/msg/detail/logical_camera_image__struct.h
[3.106s] -- Up-to-date: /root/ros2_workspace/install/ros_gz_interfaces/include/ros_gz_interfaces/ros_gz_interfaces/msg/detail/video_record__functions.c
[3.107s] -- Up-to-date: /root/ros2_workspace/install/ros_gz_interfaces/include/ros_gz_interfaces/ros_gz_interfaces/msg/detail/world_reset__struct.h
[3.108s] -- Up-to-date: /root/ros2_workspace/install/ros_gz_interfaces/include/ros_gz_interfaces/ros_gz_interfaces/msg/detail/logical_camera_image_model__struct.h
[3.109s] -- Up-to-date: /root/ros2_workspace/install/ros_gz_interfaces/include/ros_gz_interfaces/ros_gz_interfaces/msg/detail/world_control__functions.h
[3.110s] -- Up-to-date: /root/ros2_workspace/install/ros_gz_interfaces/include/ros_gz_interfaces/ros_gz_interfaces/msg/detail/gui_camera__functions.h
[3.111s] -- Up-to-date: /root/ros2_workspace/install/ros_gz_interfaces/include/ros_gz_interfaces/ros_gz_interfaces/msg/detail/entity_factory__functions.c
[3.111s] -- Up-to-date: /root/ros2_workspace/install/ros_gz_interfaces/include/ros_gz_interfaces/ros_gz_interfaces/msg/detail/joint_wrench__functions.h
[3.113s] -- Up-to-date: /root/ros2_workspace/install/ros_gz_interfaces/include/ros_gz_interfaces/ros_gz_interfaces/msg/detail/dataframe__functions.c
[3.114s] -- Up-to-date: /root/ros2_workspace/install/ros_gz_interfaces/include/ros_gz_interfaces/ros_gz_interfaces/msg/detail/altimeter__functions.h
[3.115s] -- Up-to-date: /root/ros2_workspace/install/ros_gz_interfaces/include/ros_gz_interfaces/ros_gz_interfaces/msg/detail/track_visual__functions.h
[3.116s] -- Up-to-date: /root/ros2_workspace/install/ros_gz_interfaces/include/ros_gz_interfaces/ros_gz_interfaces/msg/detail/logical_camera_image_model__functions.c
[3.117s] -- Up-to-date: /root/ros2_workspace/install/ros_gz_interfaces/include/ros_gz_interfaces/ros_gz_interfaces/msg/detail/joint_wrench__struct.h
[3.118s] -- Up-to-date: /root/ros2_workspace/install/ros_gz_interfaces/include/ros_gz_interfaces/ros_gz_interfaces/msg/detail/video_record__struct.h
[3.118s] -- Up-to-date: /root/ros2_workspace/install/ros_gz_interfaces/include/ros_gz_interfaces/ros_gz_interfaces/msg/detail/material_color__struct.h
[3.120s] -- Up-to-date: /root/ros2_workspace/install/ros_gz_interfaces/include/ros_gz_interfaces/ros_gz_interfaces/msg/detail/entity_wrench__struct.h
[3.121s] -- Up-to-date: /root/ros2_workspace/install/ros_gz_interfaces/include/ros_gz_interfaces/ros_gz_interfaces/msg/detail/sensor_noise__functions.h
[3.122s] -- Up-to-date: /root/ros2_workspace/install/ros_gz_interfaces/include/ros_gz_interfaces/ros_gz_interfaces/msg/detail/material_color__functions.h
[3.122s] -- Up-to-date: /root/ros2_workspace/install/ros_gz_interfaces/include/ros_gz_interfaces/ros_gz_interfaces/msg/detail/world_reset__functions.c
[3.123s] -- Up-to-date: /root/ros2_workspace/install/ros_gz_interfaces/include/ros_gz_interfaces/ros_gz_interfaces/msg/detail/entity__functions.h
[3.124s] -- Up-to-date: /root/ros2_workspace/install/ros_gz_interfaces/include/ros_gz_interfaces/ros_gz_interfaces/msg/detail/contact__functions.c
[3.125s] -- Up-to-date: /root/ros2_workspace/install/ros_gz_interfaces/include/ros_gz_interfaces/ros_gz_interfaces/msg/detail/dataframe__type_support.h
[3.134s] -- Up-to-date: /root/ros2_workspace/install/ros_gz_interfaces/include/ros_gz_interfaces/ros_gz_interfaces/msg/detail/entity_factory__type_support.h
[3.136s] -- Up-to-date: /root/ros2_workspace/install/ros_gz_interfaces/include/ros_gz_interfaces/ros_gz_interfaces/msg/detail/contacts__functions.c
[3.139s] -- Up-to-date: /root/ros2_workspace/install/ros_gz_interfaces/include/ros_gz_interfaces/ros_gz_interfaces/msg/detail/entity_wrench__functions.c
[3.140s] -- Up-to-date: /root/ros2_workspace/install/ros_gz_interfaces/include/ros_gz_interfaces/ros_gz_interfaces/msg/detail/contact__type_support.h
[3.144s] -- Up-to-date: /root/ros2_workspace/install/ros_gz_interfaces/include/ros_gz_interfaces/ros_gz_interfaces/msg/detail/light__functions.c
[3.146s] -- Up-to-date: /root/ros2_workspace/install/ros_gz_interfaces/include/ros_gz_interfaces/ros_gz_interfaces/msg/detail/altimeter__struct.h
[3.148s] -- Up-to-date: /root/ros2_workspace/install/ros_gz_interfaces/include/ros_gz_interfaces/ros_gz_interfaces/msg/detail/float32_array__struct.h
[3.149s] -- Up-to-date: /root/ros2_workspace/install/ros_gz_interfaces/include/ros_gz_interfaces/ros_gz_interfaces/msg/detail/gui_camera__type_support.h
[3.150s] -- Up-to-date: /root/ros2_workspace/install/ros_gz_interfaces/include/ros_gz_interfaces/ros_gz_interfaces/msg/detail/sensor_noise__struct.h
[3.151s] -- Up-to-date: /root/ros2_workspace/install/ros_gz_interfaces/include/ros_gz_interfaces/ros_gz_interfaces/msg/detail/float32_array__type_support.h
[3.152s] -- Up-to-date: /root/ros2_workspace/install/ros_gz_interfaces/include/ros_gz_interfaces/ros_gz_interfaces/msg/detail/contact__struct.h
[3.153s] -- Up-to-date: /root/ros2_workspace/install/ros_gz_interfaces/include/ros_gz_interfaces/ros_gz_interfaces/msg/detail/float32_array__functions.c
[3.154s] -- Up-to-date: /root/ros2_workspace/install/ros_gz_interfaces/include/ros_gz_interfaces/ros_gz_interfaces/msg/detail/entity_factory__struct.h
[3.155s] -- Up-to-date: /root/ros2_workspace/install/ros_gz_interfaces/include/ros_gz_interfaces/ros_gz_interfaces/msg/detail/logical_camera_image_model__type_support.h
[3.157s] -- Up-to-date: /root/ros2_workspace/install/ros_gz_interfaces/include/ros_gz_interfaces/ros_gz_interfaces/msg/detail/entity__type_support.h
[3.160s] -- Up-to-date: /root/ros2_workspace/install/ros_gz_interfaces/include/ros_gz_interfaces/ros_gz_interfaces/msg/detail/string_vec__type_support.h
[3.161s] -- Up-to-date: /root/ros2_workspace/install/ros_gz_interfaces/include/ros_gz_interfaces/ros_gz_interfaces/msg/detail/sensor_noise__type_support.h
[3.163s] -- Up-to-date: /root/ros2_workspace/install/ros_gz_interfaces/include/ros_gz_interfaces/ros_gz_interfaces/msg/detail/logical_camera_image__functions.c
[3.164s] -- Up-to-date: /root/ros2_workspace/install/ros_gz_interfaces/include/ros_gz_interfaces/ros_gz_interfaces/msg/detail/string_vec__functions.c
[3.166s] -- Up-to-date: /root/ros2_workspace/install/ros_gz_interfaces/include/ros_gz_interfaces/ros_gz_interfaces/msg/detail/gui_camera__struct.h
[3.167s] -- Up-to-date: /root/ros2_workspace/install/ros_gz_interfaces/include/ros_gz_interfaces/ros_gz_interfaces/msg/detail/altimeter__type_support.h
[3.168s] -- Up-to-date: /root/ros2_workspace/install/ros_gz_interfaces/include/ros_gz_interfaces/ros_gz_interfaces/msg/detail/param_vec__functions.c
[3.169s] -- Up-to-date: /root/ros2_workspace/install/ros_gz_interfaces/include/ros_gz_interfaces/ros_gz_interfaces/msg/detail/light__struct.h
[3.171s] -- Up-to-date: /root/ros2_workspace/install/ros_gz_interfaces/include/ros_gz_interfaces/ros_gz_interfaces/msg/detail/track_visual__functions.c
[3.172s] -- Up-to-date: /root/ros2_workspace/install/ros_gz_interfaces/include/ros_gz_interfaces/ros_gz_interfaces/msg/detail/altimeter__functions.c
[3.174s] -- Up-to-date: /root/ros2_workspace/install/ros_gz_interfaces/include/ros_gz_interfaces/ros_gz_interfaces/msg/detail/entity_factory__functions.h
[3.176s] -- Up-to-date: /root/ros2_workspace/install/ros_gz_interfaces/include/ros_gz_interfaces/ros_gz_interfaces/msg/detail/dataframe__functions.h
[3.177s] -- Up-to-date: /root/ros2_workspace/install/ros_gz_interfaces/include/ros_gz_interfaces/ros_gz_interfaces/msg/detail/joint_wrench__functions.c
[3.178s] -- Up-to-date: /root/ros2_workspace/install/ros_gz_interfaces/include/ros_gz_interfaces/ros_gz_interfaces/msg/detail/gui_camera__functions.c
[3.179s] -- Up-to-date: /root/ros2_workspace/install/ros_gz_interfaces/include/ros_gz_interfaces/ros_gz_interfaces/msg/detail/world_control__type_support.h
[3.180s] -- Up-to-date: /root/ros2_workspace/install/ros_gz_interfaces/include/ros_gz_interfaces/ros_gz_interfaces/msg/detail/world_control__functions.c
[3.182s] -- Up-to-date: /root/ros2_workspace/install/ros_gz_interfaces/include/ros_gz_interfaces/ros_gz_interfaces/msg/detail/video_record__functions.h
[3.183s] -- Up-to-date: /root/ros2_workspace/install/ros_gz_interfaces/include/ros_gz_interfaces/ros_gz_interfaces/msg/detail/param_vec__struct.h
[3.184s] -- Up-to-date: /root/ros2_workspace/install/ros_gz_interfaces/include/ros_gz_interfaces/ros_gz_interfaces/msg/detail/entity_wrench__type_support.h
[3.185s] -- Up-to-date: /root/ros2_workspace/install/ros_gz_interfaces/include/ros_gz_interfaces/ros_gz_interfaces/msg/detail/contacts__struct.h
[3.186s] -- Up-to-date: /root/ros2_workspace/install/ros_gz_interfaces/include/ros_gz_interfaces/ros_gz_interfaces/msg/detail/contact__functions.h
[3.187s] -- Up-to-date: /root/ros2_workspace/install/ros_gz_interfaces/include/ros_gz_interfaces/ros_gz_interfaces/msg/detail/entity__functions.c
[3.189s] -- Up-to-date: /root/ros2_workspace/install/ros_gz_interfaces/include/ros_gz_interfaces/ros_gz_interfaces/msg/detail/world_reset__functions.h
[3.190s] -- Up-to-date: /root/ros2_workspace/install/ros_gz_interfaces/include/ros_gz_interfaces/ros_gz_interfaces/msg/detail/material_color__functions.c
[3.192s] -- Up-to-date: /root/ros2_workspace/install/ros_gz_interfaces/include/ros_gz_interfaces/ros_gz_interfaces/msg/detail/sensor_noise__functions.c
[3.193s] -- Up-to-date: /root/ros2_workspace/install/ros_gz_interfaces/include/ros_gz_interfaces/ros_gz_interfaces/msg/detail/light__type_support.h
[3.193s] -- Up-to-date: /root/ros2_workspace/install/ros_gz_interfaces/include/ros_gz_interfaces/ros_gz_interfaces/msg/detail/dataframe__struct.h
[3.195s] -- Up-to-date: /root/ros2_workspace/install/ros_gz_interfaces/include/ros_gz_interfaces/ros_gz_interfaces/msg/detail/world_reset__type_support.h
[3.196s] -- Up-to-date: /root/ros2_workspace/install/ros_gz_interfaces/include/ros_gz_interfaces/ros_gz_interfaces/msg/detail/logical_camera_image_model__functions.h
[3.197s] -- Up-to-date: /root/ros2_workspace/install/ros_gz_interfaces/include/ros_gz_interfaces/ros_gz_interfaces/msg/detail/joint_wrench__type_support.h
[3.198s] -- Up-to-date: /root/ros2_workspace/install/ros_gz_interfaces/include/ros_gz_interfaces/ros_gz_interfaces/msg/entity.h
[3.199s] -- Up-to-date: /root/ros2_workspace/install/ros_gz_interfaces/include/ros_gz_interfaces/ros_gz_interfaces/msg/contacts.h
[3.200s] -- Up-to-date: /root/ros2_workspace/install/ros_gz_interfaces/include/ros_gz_interfaces/ros_gz_interfaces/msg/joint_wrench.h
[3.201s] -- Up-to-date: /root/ros2_workspace/install/ros_gz_interfaces/include/ros_gz_interfaces/ros_gz_interfaces/msg/video_record.h
[3.202s] -- Up-to-date: /root/ros2_workspace/install/ros_gz_interfaces/include/ros_gz_interfaces/ros_gz_interfaces/msg/logical_camera_image.h
[3.203s] -- Up-to-date: /root/ros2_workspace/install/ros_gz_interfaces/include/ros_gz_interfaces/ros_gz_interfaces/msg/dataframe.h
[3.204s] -- Up-to-date: /root/ros2_workspace/install/ros_gz_interfaces/include/ros_gz_interfaces/ros_gz_interfaces/msg/world_control.h
[3.204s] -- Up-to-date: /root/ros2_workspace/install/ros_gz_interfaces/include/ros_gz_interfaces/ros_gz_interfaces/msg/world_reset.h
[3.206s] -- Up-to-date: /root/ros2_workspace/install/ros_gz_interfaces/include/ros_gz_interfaces/ros_gz_interfaces/msg/entity_factory.h
[3.206s] -- Up-to-date: /root/ros2_workspace/install/ros_gz_interfaces/include/ros_gz_interfaces/ros_gz_interfaces/msg/float32_array.h
[3.208s] -- Up-to-date: /root/ros2_workspace/install/ros_gz_interfaces/include/ros_gz_interfaces/ros_gz_interfaces/msg/logical_camera_image_model.h
[3.208s] -- Up-to-date: /root/ros2_workspace/install/ros_gz_interfaces/include/ros_gz_interfaces/ros_gz_interfaces/srv
[3.210s] -- Up-to-date: /root/ros2_workspace/install/ros_gz_interfaces/include/ros_gz_interfaces/ros_gz_interfaces/srv/detail
[3.211s] -- Up-to-date: /root/ros2_workspace/install/ros_gz_interfaces/include/ros_gz_interfaces/ros_gz_interfaces/srv/detail/delete_entity__type_support.h
[3.212s] -- Up-to-date: /root/ros2_workspace/install/ros_gz_interfaces/include/ros_gz_interfaces/ros_gz_interfaces/srv/detail/spawn_entity__struct.h
[3.213s] -- Up-to-date: /root/ros2_workspace/install/ros_gz_interfaces/include/ros_gz_interfaces/ros_gz_interfaces/srv/detail/set_entity_pose__type_support.h
[3.214s] -- Up-to-date: /root/ros2_workspace/install/ros_gz_interfaces/include/ros_gz_interfaces/ros_gz_interfaces/srv/detail/delete_entity__struct.h
[3.215s] -- Up-to-date: /root/ros2_workspace/install/ros_gz_interfaces/include/ros_gz_interfaces/ros_gz_interfaces/srv/detail/control_world__functions.c
[3.216s] -- Up-to-date: /root/ros2_workspace/install/ros_gz_interfaces/include/ros_gz_interfaces/ros_gz_interfaces/srv/detail/spawn_entity__functions.c
[3.217s] -- Up-to-date: /root/ros2_workspace/install/ros_gz_interfaces/include/ros_gz_interfaces/ros_gz_interfaces/srv/detail/set_entity_pose__functions.c
[3.217s] -- Up-to-date: /root/ros2_workspace/install/ros_gz_interfaces/include/ros_gz_interfaces/ros_gz_interfaces/srv/detail/delete_entity__functions.h
[3.218s] -- Up-to-date: /root/ros2_workspace/install/ros_gz_interfaces/include/ros_gz_interfaces/ros_gz_interfaces/srv/detail/set_entity_pose__struct.h
[3.219s] -- Up-to-date: /root/ros2_workspace/install/ros_gz_interfaces/include/ros_gz_interfaces/ros_gz_interfaces/srv/detail/spawn_entity__type_support.h
[3.221s] -- Up-to-date: /root/ros2_workspace/install/ros_gz_interfaces/include/ros_gz_interfaces/ros_gz_interfaces/srv/detail/spawn_entity__functions.h
[3.221s] -- Up-to-date: /root/ros2_workspace/install/ros_gz_interfaces/include/ros_gz_interfaces/ros_gz_interfaces/srv/detail/control_world__functions.h
[3.224s] -- Up-to-date: /root/ros2_workspace/install/ros_gz_interfaces/include/ros_gz_interfaces/ros_gz_interfaces/srv/detail/control_world__struct.h
[3.225s] -- Up-to-date: /root/ros2_workspace/install/ros_gz_interfaces/include/ros_gz_interfaces/ros_gz_interfaces/srv/detail/control_world__type_support.h
[3.226s] -- Up-to-date: /root/ros2_workspace/install/ros_gz_interfaces/include/ros_gz_interfaces/ros_gz_interfaces/srv/detail/delete_entity__functions.c
[3.227s] -- Up-to-date: /root/ros2_workspace/install/ros_gz_interfaces/include/ros_gz_interfaces/ros_gz_interfaces/srv/detail/set_entity_pose__functions.h
[3.228s] -- Up-to-date: /root/ros2_workspace/install/ros_gz_interfaces/include/ros_gz_interfaces/ros_gz_interfaces/srv/set_entity_pose.h
[3.230s] -- Up-to-date: /root/ros2_workspace/install/ros_gz_interfaces/include/ros_gz_interfaces/ros_gz_interfaces/srv/control_world.h
[3.231s] -- Up-to-date: /root/ros2_workspace/install/ros_gz_interfaces/include/ros_gz_interfaces/ros_gz_interfaces/srv/spawn_entity.h
[3.232s] -- Up-to-date: /root/ros2_workspace/install/ros_gz_interfaces/include/ros_gz_interfaces/ros_gz_interfaces/srv/delete_entity.h
[3.233s] -- Up-to-date: /root/ros2_workspace/install/ros_gz_interfaces/share/ros_gz_interfaces/environment/library_path.sh
[3.234s] -- Up-to-date: /root/ros2_workspace/install/ros_gz_interfaces/share/ros_gz_interfaces/environment/library_path.dsv
[3.236s] -- Up-to-date: /root/ros2_workspace/install/ros_gz_interfaces/lib/libros_gz_interfaces__rosidl_generator_c.so
[3.240s] -- Up-to-date: /root/ros2_workspace/install/ros_gz_interfaces/include/ros_gz_interfaces/ros_gz_interfaces
[3.241s] -- Up-to-date: /root/ros2_workspace/install/ros_gz_interfaces/include/ros_gz_interfaces/ros_gz_interfaces/msg
[3.244s] -- Up-to-date: /root/ros2_workspace/install/ros_gz_interfaces/include/ros_gz_interfaces/ros_gz_interfaces/msg/detail
[3.246s] -- Up-to-date: /root/ros2_workspace/install/ros_gz_interfaces/include/ros_gz_interfaces/ros_gz_interfaces/msg/detail/gui_camera__rosidl_typesupport_fastrtps_c.h
[3.247s] -- Up-to-date: /root/ros2_workspace/install/ros_gz_interfaces/include/ros_gz_interfaces/ros_gz_interfaces/msg/detail/world_control__rosidl_typesupport_fastrtps_c.h
[3.249s] -- Up-to-date: /root/ros2_workspace/install/ros_gz_interfaces/include/ros_gz_interfaces/ros_gz_interfaces/msg/detail/contact__rosidl_typesupport_fastrtps_c.h
[3.250s] -- Up-to-date: /root/ros2_workspace/install/ros_gz_interfaces/include/ros_gz_interfaces/ros_gz_interfaces/msg/detail/float32_array__rosidl_typesupport_fastrtps_c.h
[3.251s] -- Up-to-date: /root/ros2_workspace/install/ros_gz_interfaces/include/ros_gz_interfaces/ros_gz_interfaces/msg/detail/entity_factory__rosidl_typesupport_fastrtps_c.h
[3.252s] -- Up-to-date: /root/ros2_workspace/install/ros_gz_interfaces/include/ros_gz_interfaces/ros_gz_interfaces/msg/detail/video_record__rosidl_typesupport_fastrtps_c.h
[3.253s] -- Up-to-date: /root/ros2_workspace/install/ros_gz_interfaces/include/ros_gz_interfaces/ros_gz_interfaces/msg/detail/param_vec__rosidl_typesupport_fastrtps_c.h
[3.254s] -- Up-to-date: /root/ros2_workspace/install/ros_gz_interfaces/include/ros_gz_interfaces/ros_gz_interfaces/msg/detail/entity__rosidl_typesupport_fastrtps_c.h
[3.255s] -- Up-to-date: /root/ros2_workspace/install/ros_gz_interfaces/include/ros_gz_interfaces/ros_gz_interfaces/msg/detail/sensor_noise__rosidl_typesupport_fastrtps_c.h
[3.257s] -- Up-to-date: /root/ros2_workspace/install/ros_gz_interfaces/include/ros_gz_interfaces/ros_gz_interfaces/msg/detail/string_vec__rosidl_typesupport_fastrtps_c.h
[3.259s] -- Up-to-date: /root/ros2_workspace/install/ros_gz_interfaces/include/ros_gz_interfaces/ros_gz_interfaces/msg/detail/joint_wrench__rosidl_typesupport_fastrtps_c.h
[3.318s] -- Up-to-date: /root/ros2_workspace/install/ros_gz_interfaces/include/ros_gz_interfaces/ros_gz_interfaces/msg/detail/light__rosidl_typesupport_fastrtps_c.h
[3.333s] -- Up-to-date: /root/ros2_workspace/install/ros_gz_interfaces/include/ros_gz_interfaces/ros_gz_interfaces/msg/detail/logical_camera_image__rosidl_typesupport_fastrtps_c.h
[3.336s] -- Up-to-date: /root/ros2_workspace/install/ros_gz_interfaces/include/ros_gz_interfaces/ros_gz_interfaces/msg/detail/dataframe__rosidl_typesupport_fastrtps_c.h
[3.340s] -- Up-to-date: /root/ros2_workspace/install/ros_gz_interfaces/include/ros_gz_interfaces/ros_gz_interfaces/msg/detail/logical_camera_image_model__rosidl_typesupport_fastrtps_c.h
[3.347s] -- Up-to-date: /root/ros2_workspace/install/ros_gz_interfaces/include/ros_gz_interfaces/ros_gz_interfaces/msg/detail/track_visual__rosidl_typesupport_fastrtps_c.h
[3.392s] -- Up-to-date: /root/ros2_workspace/install/ros_gz_interfaces/include/ros_gz_interfaces/ros_gz_interfaces/msg/detail/material_color__rosidl_typesupport_fastrtps_c.h
[3.414s] -- Up-to-date: /root/ros2_workspace/install/ros_gz_interfaces/include/ros_gz_interfaces/ros_gz_interfaces/msg/detail/altimeter__rosidl_typesupport_fastrtps_c.h
[3.417s] -- Up-to-date: /root/ros2_workspace/install/ros_gz_interfaces/include/ros_gz_interfaces/ros_gz_interfaces/msg/detail/world_reset__rosidl_typesupport_fastrtps_c.h
[3.418s] -- Up-to-date: /root/ros2_workspace/install/ros_gz_interfaces/include/ros_gz_interfaces/ros_gz_interfaces/msg/detail/contacts__rosidl_typesupport_fastrtps_c.h
[3.420s] -- Up-to-date: /root/ros2_workspace/install/ros_gz_interfaces/include/ros_gz_interfaces/ros_gz_interfaces/msg/detail/entity_wrench__rosidl_typesupport_fastrtps_c.h
[3.438s] -- Up-to-date: /root/ros2_workspace/install/ros_gz_interfaces/include/ros_gz_interfaces/ros_gz_interfaces/msg/rosidl_typesupport_fastrtps_c__visibility_control.h
[3.440s] -- Up-to-date: /root/ros2_workspace/install/ros_gz_interfaces/include/ros_gz_interfaces/ros_gz_interfaces/srv
[3.444s] -- Up-to-date: /root/ros2_workspace/install/ros_gz_interfaces/include/ros_gz_interfaces/ros_gz_interfaces/srv/detail
[3.447s] -- Up-to-date: /root/ros2_workspace/install/ros_gz_interfaces/include/ros_gz_interfaces/ros_gz_interfaces/srv/detail/delete_entity__rosidl_typesupport_fastrtps_c.h
[3.448s] -- Up-to-date: /root/ros2_workspace/install/ros_gz_interfaces/include/ros_gz_interfaces/ros_gz_interfaces/srv/detail/spawn_entity__rosidl_typesupport_fastrtps_c.h
[3.450s] -- Up-to-date: /root/ros2_workspace/install/ros_gz_interfaces/include/ros_gz_interfaces/ros_gz_interfaces/srv/detail/set_entity_pose__rosidl_typesupport_fastrtps_c.h
[3.453s] -- Up-to-date: /root/ros2_workspace/install/ros_gz_interfaces/include/ros_gz_interfaces/ros_gz_interfaces/srv/detail/control_world__rosidl_typesupport_fastrtps_c.h
[3.456s] -- Up-to-date: /root/ros2_workspace/install/ros_gz_interfaces/lib/libros_gz_interfaces__rosidl_typesupport_fastrtps_c.so
[3.460s] -- Up-to-date: /root/ros2_workspace/install/ros_gz_interfaces/include/ros_gz_interfaces/ros_gz_interfaces
[3.464s] -- Up-to-date: /root/ros2_workspace/install/ros_gz_interfaces/include/ros_gz_interfaces/ros_gz_interfaces/msg
[3.469s] -- Up-to-date: /root/ros2_workspace/install/ros_gz_interfaces/include/ros_gz_interfaces/ros_gz_interfaces/msg/material_color.hpp
[3.470s] -- Up-to-date: /root/ros2_workspace/install/ros_gz_interfaces/include/ros_gz_interfaces/ros_gz_interfaces/msg/logical_camera_image_model.hpp
[3.471s] -- Up-to-date: /root/ros2_workspace/install/ros_gz_interfaces/include/ros_gz_interfaces/ros_gz_interfaces/msg/logical_camera_image.hpp
[3.472s] -- Up-to-date: /root/ros2_workspace/install/ros_gz_interfaces/include/ros_gz_interfaces/ros_gz_interfaces/msg/joint_wrench.hpp
[3.473s] -- Up-to-date: /root/ros2_workspace/install/ros_gz_interfaces/include/ros_gz_interfaces/ros_gz_interfaces/msg/video_record.hpp
[3.476s] -- Up-to-date: /root/ros2_workspace/install/ros_gz_interfaces/include/ros_gz_interfaces/ros_gz_interfaces/msg/sensor_noise.hpp
[3.478s] -- Up-to-date: /root/ros2_workspace/install/ros_gz_interfaces/include/ros_gz_interfaces/ros_gz_interfaces/msg/contact.hpp
[3.479s] -- Up-to-date: /root/ros2_workspace/install/ros_gz_interfaces/include/ros_gz_interfaces/ros_gz_interfaces/msg/altimeter.hpp
[3.481s] -- Up-to-date: /root/ros2_workspace/install/ros_gz_interfaces/include/ros_gz_interfaces/ros_gz_interfaces/msg/world_reset.hpp
[3.483s] -- Up-to-date: /root/ros2_workspace/install/ros_gz_interfaces/include/ros_gz_interfaces/ros_gz_interfaces/msg/param_vec.hpp
[3.484s] -- Up-to-date: /root/ros2_workspace/install/ros_gz_interfaces/include/ros_gz_interfaces/ros_gz_interfaces/msg/detail
[3.485s] -- Up-to-date: /root/ros2_workspace/install/ros_gz_interfaces/include/ros_gz_interfaces/ros_gz_interfaces/msg/detail/logical_camera_image_model__builder.hpp
[3.487s] -- Up-to-date: /root/ros2_workspace/install/ros_gz_interfaces/include/ros_gz_interfaces/ros_gz_interfaces/msg/detail/sensor_noise__struct.hpp
[3.489s] -- Up-to-date: /root/ros2_workspace/install/ros_gz_interfaces/include/ros_gz_interfaces/ros_gz_interfaces/msg/detail/light__type_support.hpp
[3.492s] -- Up-to-date: /root/ros2_workspace/install/ros_gz_interfaces/include/ros_gz_interfaces/ros_gz_interfaces/msg/detail/joint_wrench__traits.hpp
[3.494s] -- Up-to-date: /root/ros2_workspace/install/ros_gz_interfaces/include/ros_gz_interfaces/ros_gz_interfaces/msg/detail/contacts__struct.hpp
[3.495s] -- Up-to-date: /root/ros2_workspace/install/ros_gz_interfaces/include/ros_gz_interfaces/ros_gz_interfaces/msg/detail/contact__builder.hpp
[3.496s] -- Up-to-date: /root/ros2_workspace/install/ros_gz_interfaces/include/ros_gz_interfaces/ros_gz_interfaces/msg/detail/dataframe__struct.hpp
[3.497s] -- Up-to-date: /root/ros2_workspace/install/ros_gz_interfaces/include/ros_gz_interfaces/ros_gz_interfaces/msg/detail/world_reset__builder.hpp
[3.498s] -- Up-to-date: /root/ros2_workspace/install/ros_gz_interfaces/include/ros_gz_interfaces/ros_gz_interfaces/msg/detail/entity_wrench__traits.hpp
[3.500s] -- Up-to-date: /root/ros2_workspace/install/ros_gz_interfaces/include/ros_gz_interfaces/ros_gz_interfaces/msg/detail/contacts__type_support.hpp
[3.501s] -- Up-to-date: /root/ros2_workspace/install/ros_gz_interfaces/include/ros_gz_interfaces/ros_gz_interfaces/msg/detail/world_control__struct.hpp
[3.502s] -- Up-to-date: /root/ros2_workspace/install/ros_gz_interfaces/include/ros_gz_interfaces/ros_gz_interfaces/msg/detail/light__traits.hpp
[3.503s] -- Up-to-date: /root/ros2_workspace/install/ros_gz_interfaces/include/ros_gz_interfaces/ros_gz_interfaces/msg/detail/sensor_noise__type_support.hpp
[3.504s] -- Up-to-date: /root/ros2_workspace/install/ros_gz_interfaces/include/ros_gz_interfaces/ros_gz_interfaces/msg/detail/video_record__builder.hpp
[3.506s] -- Up-to-date: /root/ros2_workspace/install/ros_gz_interfaces/include/ros_gz_interfaces/ros_gz_interfaces/msg/detail/entity__struct.hpp
[3.508s] -- Up-to-date: /root/ros2_workspace/install/ros_gz_interfaces/include/ros_gz_interfaces/ros_gz_interfaces/msg/detail/track_visual__type_support.hpp
[3.508s] -- Up-to-date: /root/ros2_workspace/install/ros_gz_interfaces/include/ros_gz_interfaces/ros_gz_interfaces/msg/detail/entity_factory__struct.hpp
[3.510s] -- Up-to-date: /root/ros2_workspace/install/ros_gz_interfaces/include/ros_gz_interfaces/ros_gz_interfaces/msg/detail/string_vec__type_support.hpp
[3.511s] -- Up-to-date: /root/ros2_workspace/install/ros_gz_interfaces/include/ros_gz_interfaces/ros_gz_interfaces/msg/detail/dataframe__builder.hpp
[3.511s] -- Up-to-date: /root/ros2_workspace/install/ros_gz_interfaces/include/ros_gz_interfaces/ros_gz_interfaces/msg/detail/altimeter__type_support.hpp
[3.512s] -- Up-to-date: /root/ros2_workspace/install/ros_gz_interfaces/include/ros_gz_interfaces/ros_gz_interfaces/msg/detail/entity_factory__builder.hpp
[3.513s] -- Up-to-date: /root/ros2_workspace/install/ros_gz_interfaces/include/ros_gz_interfaces/ros_gz_interfaces/msg/detail/float32_array__type_support.hpp
[3.515s] -- Up-to-date: /root/ros2_workspace/install/ros_gz_interfaces/include/ros_gz_interfaces/ros_gz_interfaces/msg/detail/video_record__type_support.hpp
[3.515s] -- Up-to-date: /root/ros2_workspace/install/ros_gz_interfaces/include/ros_gz_interfaces/ros_gz_interfaces/msg/detail/gui_camera__struct.hpp
[3.516s] -- Up-to-date: /root/ros2_workspace/install/ros_gz_interfaces/include/ros_gz_interfaces/ros_gz_interfaces/msg/detail/logical_camera_image__traits.hpp
[3.517s] -- Up-to-date: /root/ros2_workspace/install/ros_gz_interfaces/include/ros_gz_interfaces/ros_gz_interfaces/msg/detail/float32_array__struct.hpp
[3.518s] -- Up-to-date: /root/ros2_workspace/install/ros_gz_interfaces/include/ros_gz_interfaces/ros_gz_interfaces/msg/detail/gui_camera__type_support.hpp
[3.519s] -- Up-to-date: /root/ros2_workspace/install/ros_gz_interfaces/include/ros_gz_interfaces/ros_gz_interfaces/msg/detail/logical_camera_image_model__type_support.hpp
[3.520s] -- Up-to-date: /root/ros2_workspace/install/ros_gz_interfaces/include/ros_gz_interfaces/ros_gz_interfaces/msg/detail/logical_camera_image_model__struct.hpp
[3.522s] -- Up-to-date: /root/ros2_workspace/install/ros_gz_interfaces/include/ros_gz_interfaces/ros_gz_interfaces/msg/detail/material_color__struct.hpp
[3.522s] -- Up-to-date: /root/ros2_workspace/install/ros_gz_interfaces/include/ros_gz_interfaces/ros_gz_interfaces/msg/detail/track_visual__struct.hpp
[3.526s] -- Up-to-date: /root/ros2_workspace/install/ros_gz_interfaces/include/ros_gz_interfaces/ros_gz_interfaces/msg/detail/world_reset__traits.hpp
[3.527s] -- Up-to-date: /root/ros2_workspace/install/ros_gz_interfaces/include/ros_gz_interfaces/ros_gz_interfaces/msg/detail/string_vec__struct.hpp
[3.528s] -- Up-to-date: /root/ros2_workspace/install/ros_gz_interfaces/include/ros_gz_interfaces/ros_gz_interfaces/msg/detail/contact__struct.hpp
[3.529s] -- Up-to-date: /root/ros2_workspace/install/ros_gz_interfaces/include/ros_gz_interfaces/ros_gz_interfaces/msg/detail/video_record__traits.hpp
[3.530s] -- Up-to-date: /root/ros2_workspace/install/ros_gz_interfaces/include/ros_gz_interfaces/ros_gz_interfaces/msg/detail/altimeter__traits.hpp
[3.532s] -- Up-to-date: /root/ros2_workspace/install/ros_gz_interfaces/include/ros_gz_interfaces/ros_gz_interfaces/msg/detail/param_vec__traits.hpp
[3.533s] -- Up-to-date: /root/ros2_workspace/install/ros_gz_interfaces/include/ros_gz_interfaces/ros_gz_interfaces/msg/detail/light__struct.hpp
[3.534s] -- Up-to-date: /root/ros2_workspace/install/ros_gz_interfaces/include/ros_gz_interfaces/ros_gz_interfaces/msg/detail/sensor_noise__builder.hpp
[3.535s] -- Up-to-date: /root/ros2_workspace/install/ros_gz_interfaces/include/ros_gz_interfaces/ros_gz_interfaces/msg/detail/dataframe__traits.hpp
[3.536s] -- Up-to-date: /root/ros2_workspace/install/ros_gz_interfaces/include/ros_gz_interfaces/ros_gz_interfaces/msg/detail/material_color__builder.hpp
[3.537s] -- Up-to-date: /root/ros2_workspace/install/ros_gz_interfaces/include/ros_gz_interfaces/ros_gz_interfaces/msg/detail/entity__builder.hpp
[3.537s] -- Up-to-date: /root/ros2_workspace/install/ros_gz_interfaces/include/ros_gz_interfaces/ros_gz_interfaces/msg/detail/entity_wrench__struct.hpp
[3.538s] -- Up-to-date: /root/ros2_workspace/install/ros_gz_interfaces/include/ros_gz_interfaces/ros_gz_interfaces/msg/detail/world_control__traits.hpp
[3.539s] -- Up-to-date: /root/ros2_workspace/install/ros_gz_interfaces/include/ros_gz_interfaces/ros_gz_interfaces/msg/detail/world_reset__type_support.hpp
[3.540s] -- Up-to-date: /root/ros2_workspace/install/ros_gz_interfaces/include/ros_gz_interfaces/ros_gz_interfaces/msg/detail/joint_wrench__struct.hpp
[3.540s] -- Up-to-date: /root/ros2_workspace/install/ros_gz_interfaces/include/ros_gz_interfaces/ros_gz_interfaces/msg/detail/contacts__traits.hpp
[3.541s] -- Up-to-date: /root/ros2_workspace/install/ros_gz_interfaces/include/ros_gz_interfaces/ros_gz_interfaces/msg/detail/dataframe__type_support.hpp
[3.542s] -- Up-to-date: /root/ros2_workspace/install/ros_gz_interfaces/include/ros_gz_interfaces/ros_gz_interfaces/msg/detail/sensor_noise__traits.hpp
[3.543s] -- Up-to-date: /root/ros2_workspace/install/ros_gz_interfaces/include/ros_gz_interfaces/ros_gz_interfaces/msg/detail/altimeter__builder.hpp
[3.544s] -- Up-to-date: /root/ros2_workspace/install/ros_gz_interfaces/include/ros_gz_interfaces/ros_gz_interfaces/msg/detail/track_visual__builder.hpp
[3.546s] -- Up-to-date: /root/ros2_workspace/install/ros_gz_interfaces/include/ros_gz_interfaces/ros_gz_interfaces/msg/detail/joint_wrench__builder.hpp
[3.547s] -- Up-to-date: /root/ros2_workspace/install/ros_gz_interfaces/include/ros_gz_interfaces/ros_gz_interfaces/msg/detail/param_vec__type_support.hpp
[3.549s] -- Up-to-date: /root/ros2_workspace/install/ros_gz_interfaces/include/ros_gz_interfaces/ros_gz_interfaces/msg/detail/world_control__builder.hpp
[3.550s] -- Up-to-date: /root/ros2_workspace/install/ros_gz_interfaces/include/ros_gz_interfaces/ros_gz_interfaces/msg/detail/gui_camera__builder.hpp
[3.550s] -- Up-to-date: /root/ros2_workspace/install/ros_gz_interfaces/include/ros_gz_interfaces/ros_gz_interfaces/msg/detail/entity__traits.hpp
[3.551s] -- Up-to-date: /root/ros2_workspace/install/ros_gz_interfaces/include/ros_gz_interfaces/ros_gz_interfaces/msg/detail/entity_factory__traits.hpp
[3.551s] -- Up-to-date: /root/ros2_workspace/install/ros_gz_interfaces/include/ros_gz_interfaces/ros_gz_interfaces/msg/detail/world_reset__struct.hpp
[3.552s] -- Up-to-date: /root/ros2_workspace/install/ros_gz_interfaces/include/ros_gz_interfaces/ros_gz_interfaces/msg/detail/contact__type_support.hpp
[3.553s] -- Up-to-date: /root/ros2_workspace/install/ros_gz_interfaces/include/ros_gz_interfaces/ros_gz_interfaces/msg/detail/string_vec__traits.hpp
[3.553s] -- Up-to-date: /root/ros2_workspace/install/ros_gz_interfaces/include/ros_gz_interfaces/ros_gz_interfaces/msg/detail/logical_camera_image__type_support.hpp
[3.555s] -- Up-to-date: /root/ros2_workspace/install/ros_gz_interfaces/include/ros_gz_interfaces/ros_gz_interfaces/msg/detail/track_visual__traits.hpp
[3.557s] -- Up-to-date: /root/ros2_workspace/install/ros_gz_interfaces/include/ros_gz_interfaces/ros_gz_interfaces/msg/detail/material_color__type_support.hpp
[3.559s] -- Up-to-date: /root/ros2_workspace/install/ros_gz_interfaces/include/ros_gz_interfaces/ros_gz_interfaces/msg/detail/material_color__traits.hpp
[3.561s] -- Up-to-date: /root/ros2_workspace/install/ros_gz_interfaces/include/ros_gz_interfaces/ros_gz_interfaces/msg/detail/joint_wrench__type_support.hpp
[3.562s] -- Up-to-date: /root/ros2_workspace/install/ros_gz_interfaces/include/ros_gz_interfaces/ros_gz_interfaces/msg/detail/string_vec__builder.hpp
[3.563s] -- Up-to-date: /root/ros2_workspace/install/ros_gz_interfaces/include/ros_gz_interfaces/ros_gz_interfaces/msg/detail/logical_camera_image__builder.hpp
[3.564s] -- Up-to-date: /root/ros2_workspace/install/ros_gz_interfaces/include/ros_gz_interfaces/ros_gz_interfaces/msg/detail/float32_array__traits.hpp
[3.565s] -- Up-to-date: /root/ros2_workspace/install/ros_gz_interfaces/include/ros_gz_interfaces/ros_gz_interfaces/msg/detail/logical_camera_image_model__traits.hpp
[3.566s] -- Up-to-date: /root/ros2_workspace/install/ros_gz_interfaces/include/ros_gz_interfaces/ros_gz_interfaces/msg/detail/entity_factory__type_support.hpp
[3.567s] -- Up-to-date: /root/ros2_workspace/install/ros_gz_interfaces/include/ros_gz_interfaces/ros_gz_interfaces/msg/detail/param_vec__builder.hpp
[3.568s] -- Up-to-date: /root/ros2_workspace/install/ros_gz_interfaces/include/ros_gz_interfaces/ros_gz_interfaces/msg/detail/gui_camera__traits.hpp
[3.569s] -- Up-to-date: /root/ros2_workspace/install/ros_gz_interfaces/include/ros_gz_interfaces/ros_gz_interfaces/msg/detail/logical_camera_image__struct.hpp
[3.570s] -- Up-to-date: /root/ros2_workspace/install/ros_gz_interfaces/include/ros_gz_interfaces/ros_gz_interfaces/msg/detail/altimeter__struct.hpp
[3.571s] -- Up-to-date: /root/ros2_workspace/install/ros_gz_interfaces/include/ros_gz_interfaces/ros_gz_interfaces/msg/detail/entity_wrench__builder.hpp
[3.572s] -- Up-to-date: /root/ros2_workspace/install/ros_gz_interfaces/include/ros_gz_interfaces/ros_gz_interfaces/msg/detail/contacts__builder.hpp
[3.573s] -- Up-to-date: /root/ros2_workspace/install/ros_gz_interfaces/include/ros_gz_interfaces/ros_gz_interfaces/msg/detail/param_vec__struct.hpp
[3.574s] -- Up-to-date: /root/ros2_workspace/install/ros_gz_interfaces/include/ros_gz_interfaces/ros_gz_interfaces/msg/detail/world_control__type_support.hpp
[3.575s] -- Up-to-date: /root/ros2_workspace/install/ros_gz_interfaces/include/ros_gz_interfaces/ros_gz_interfaces/msg/detail/light__builder.hpp
[3.576s] -- Up-to-date: /root/ros2_workspace/install/ros_gz_interfaces/include/ros_gz_interfaces/ros_gz_interfaces/msg/detail/video_record__struct.hpp
[3.578s] -- Up-to-date: /root/ros2_workspace/install/ros_gz_interfaces/include/ros_gz_interfaces/ros_gz_interfaces/msg/detail/entity__type_support.hpp
[3.579s] -- Up-to-date: /root/ros2_workspace/install/ros_gz_interfaces/include/ros_gz_interfaces/ros_gz_interfaces/msg/detail/contact__traits.hpp
[3.580s] -- Up-to-date: /root/ros2_workspace/install/ros_gz_interfaces/include/ros_gz_interfaces/ros_gz_interfaces/msg/detail/float32_array__builder.hpp
[3.582s] -- Up-to-date: /root/ros2_workspace/install/ros_gz_interfaces/include/ros_gz_interfaces/ros_gz_interfaces/msg/detail/entity_wrench__type_support.hpp
[3.585s] -- Up-to-date: /root/ros2_workspace/install/ros_gz_interfaces/include/ros_gz_interfaces/ros_gz_interfaces/msg/rosidl_generator_cpp__visibility_control.hpp
[3.587s] -- Up-to-date: /root/ros2_workspace/install/ros_gz_interfaces/include/ros_gz_interfaces/ros_gz_interfaces/msg/light.hpp
[3.588s] -- Up-to-date: /root/ros2_workspace/install/ros_gz_interfaces/include/ros_gz_interfaces/ros_gz_interfaces/msg/entity_wrench.hpp
[3.589s] -- Up-to-date: /root/ros2_workspace/install/ros_gz_interfaces/include/ros_gz_interfaces/ros_gz_interfaces/msg/dataframe.hpp
[3.590s] -- Up-to-date: /root/ros2_workspace/install/ros_gz_interfaces/include/ros_gz_interfaces/ros_gz_interfaces/msg/contacts.hpp
[3.592s] -- Up-to-date: /root/ros2_workspace/install/ros_gz_interfaces/include/ros_gz_interfaces/ros_gz_interfaces/msg/world_control.hpp
[3.593s] -- Up-to-date: /root/ros2_workspace/install/ros_gz_interfaces/include/ros_gz_interfaces/ros_gz_interfaces/msg/string_vec.hpp
[3.594s] -- Up-to-date: /root/ros2_workspace/install/ros_gz_interfaces/include/ros_gz_interfaces/ros_gz_interfaces/msg/track_visual.hpp
[3.596s] -- Up-to-date: /root/ros2_workspace/install/ros_gz_interfaces/include/ros_gz_interfaces/ros_gz_interfaces/msg/entity_factory.hpp
[3.597s] -- Up-to-date: /root/ros2_workspace/install/ros_gz_interfaces/include/ros_gz_interfaces/ros_gz_interfaces/msg/gui_camera.hpp
[3.598s] -- Up-to-date: /root/ros2_workspace/install/ros_gz_interfaces/include/ros_gz_interfaces/ros_gz_interfaces/msg/entity.hpp
[3.599s] -- Up-to-date: /root/ros2_workspace/install/ros_gz_interfaces/include/ros_gz_interfaces/ros_gz_interfaces/msg/float32_array.hpp
[3.600s] -- Up-to-date: /root/ros2_workspace/install/ros_gz_interfaces/include/ros_gz_interfaces/ros_gz_interfaces/srv
[3.601s] -- Up-to-date: /root/ros2_workspace/install/ros_gz_interfaces/include/ros_gz_interfaces/ros_gz_interfaces/srv/set_entity_pose.hpp
[3.602s] -- Up-to-date: /root/ros2_workspace/install/ros_gz_interfaces/include/ros_gz_interfaces/ros_gz_interfaces/srv/control_world.hpp
[3.604s] -- Up-to-date: /root/ros2_workspace/install/ros_gz_interfaces/include/ros_gz_interfaces/ros_gz_interfaces/srv/detail
[3.605s] -- Up-to-date: /root/ros2_workspace/install/ros_gz_interfaces/include/ros_gz_interfaces/ros_gz_interfaces/srv/detail/set_entity_pose__builder.hpp
[3.605s] -- Up-to-date: /root/ros2_workspace/install/ros_gz_interfaces/include/ros_gz_interfaces/ros_gz_interfaces/srv/detail/spawn_entity__traits.hpp
[3.606s] -- Up-to-date: /root/ros2_workspace/install/ros_gz_interfaces/include/ros_gz_interfaces/ros_gz_interfaces/srv/detail/spawn_entity__builder.hpp
[3.607s] -- Up-to-date: /root/ros2_workspace/install/ros_gz_interfaces/include/ros_gz_interfaces/ros_gz_interfaces/srv/detail/control_world__builder.hpp
[3.608s] -- Up-to-date: /root/ros2_workspace/install/ros_gz_interfaces/include/ros_gz_interfaces/ros_gz_interfaces/srv/detail/set_entity_pose__type_support.hpp
[3.609s] -- Up-to-date: /root/ros2_workspace/install/ros_gz_interfaces/include/ros_gz_interfaces/ros_gz_interfaces/srv/detail/set_entity_pose__traits.hpp
[3.610s] -- Up-to-date: /root/ros2_workspace/install/ros_gz_interfaces/include/ros_gz_interfaces/ros_gz_interfaces/srv/detail/control_world__type_support.hpp
[3.611s] -- Up-to-date: /root/ros2_workspace/install/ros_gz_interfaces/include/ros_gz_interfaces/ros_gz_interfaces/srv/detail/delete_entity__struct.hpp
[3.612s] -- Up-to-date: /root/ros2_workspace/install/ros_gz_interfaces/include/ros_gz_interfaces/ros_gz_interfaces/srv/detail/delete_entity__type_support.hpp
[3.613s] -- Up-to-date: /root/ros2_workspace/install/ros_gz_interfaces/include/ros_gz_interfaces/ros_gz_interfaces/srv/detail/control_world__traits.hpp
[3.614s] -- Up-to-date: /root/ros2_workspace/install/ros_gz_interfaces/include/ros_gz_interfaces/ros_gz_interfaces/srv/detail/delete_entity__builder.hpp
[3.615s] -- Up-to-date: /root/ros2_workspace/install/ros_gz_interfaces/include/ros_gz_interfaces/ros_gz_interfaces/srv/detail/spawn_entity__struct.hpp
[3.617s] -- Up-to-date: /root/ros2_workspace/install/ros_gz_interfaces/include/ros_gz_interfaces/ros_gz_interfaces/srv/detail/set_entity_pose__struct.hpp
[3.618s] -- Up-to-date: /root/ros2_workspace/install/ros_gz_interfaces/include/ros_gz_interfaces/ros_gz_interfaces/srv/detail/spawn_entity__type_support.hpp
[3.619s] -- Up-to-date: /root/ros2_workspace/install/ros_gz_interfaces/include/ros_gz_interfaces/ros_gz_interfaces/srv/detail/control_world__struct.hpp
[3.621s] -- Up-to-date: /root/ros2_workspace/install/ros_gz_interfaces/include/ros_gz_interfaces/ros_gz_interfaces/srv/detail/delete_entity__traits.hpp
[3.623s] -- Up-to-date: /root/ros2_workspace/install/ros_gz_interfaces/include/ros_gz_interfaces/ros_gz_interfaces/srv/spawn_entity.hpp
[3.625s] -- Up-to-date: /root/ros2_workspace/install/ros_gz_interfaces/include/ros_gz_interfaces/ros_gz_interfaces/srv/delete_entity.hpp
[3.626s] -- Up-to-date: /root/ros2_workspace/install/ros_gz_interfaces/include/ros_gz_interfaces/ros_gz_interfaces
[3.628s] -- Up-to-date: /root/ros2_workspace/install/ros_gz_interfaces/include/ros_gz_interfaces/ros_gz_interfaces/msg
[3.630s] -- Up-to-date: /root/ros2_workspace/install/ros_gz_interfaces/include/ros_gz_interfaces/ros_gz_interfaces/msg/rosidl_typesupport_fastrtps_cpp__visibility_control.h
[3.631s] -- Up-to-date: /root/ros2_workspace/install/ros_gz_interfaces/include/ros_gz_interfaces/ros_gz_interfaces/msg/detail
[3.634s] -- Up-to-date: /root/ros2_workspace/install/ros_gz_interfaces/include/ros_gz_interfaces/ros_gz_interfaces/msg/detail/entity_factory__rosidl_typesupport_fastrtps_cpp.hpp
[3.635s] -- Up-to-date: /root/ros2_workspace/install/ros_gz_interfaces/include/ros_gz_interfaces/ros_gz_interfaces/msg/detail/float32_array__rosidl_typesupport_fastrtps_cpp.hpp
[3.636s] -- Up-to-date: /root/ros2_workspace/install/ros_gz_interfaces/include/ros_gz_interfaces/ros_gz_interfaces/msg/detail/video_record__rosidl_typesupport_fastrtps_cpp.hpp
[3.640s] -- Up-to-date: /root/ros2_workspace/install/ros_gz_interfaces/include/ros_gz_interfaces/ros_gz_interfaces/msg/detail/sensor_noise__rosidl_typesupport_fastrtps_cpp.hpp
[3.643s] -- Up-to-date: /root/ros2_workspace/install/ros_gz_interfaces/include/ros_gz_interfaces/ros_gz_interfaces/msg/detail/entity__rosidl_typesupport_fastrtps_cpp.hpp
[3.645s] -- Up-to-date: /root/ros2_workspace/install/ros_gz_interfaces/include/ros_gz_interfaces/ros_gz_interfaces/msg/detail/world_reset__rosidl_typesupport_fastrtps_cpp.hpp
[3.645s] -- Up-to-date: /root/ros2_workspace/install/ros_gz_interfaces/include/ros_gz_interfaces/ros_gz_interfaces/msg/detail/logical_camera_image_model__rosidl_typesupport_fastrtps_cpp.hpp
[3.647s] -- Up-to-date: /root/ros2_workspace/install/ros_gz_interfaces/include/ros_gz_interfaces/ros_gz_interfaces/msg/detail/track_visual__rosidl_typesupport_fastrtps_cpp.hpp
[3.648s] -- Up-to-date: /root/ros2_workspace/install/ros_gz_interfaces/include/ros_gz_interfaces/ros_gz_interfaces/msg/detail/joint_wrench__rosidl_typesupport_fastrtps_cpp.hpp
[3.649s] -- Up-to-date: /root/ros2_workspace/install/ros_gz_interfaces/include/ros_gz_interfaces/ros_gz_interfaces/msg/detail/logical_camera_image__rosidl_typesupport_fastrtps_cpp.hpp
[3.651s] -- Up-to-date: /root/ros2_workspace/install/ros_gz_interfaces/include/ros_gz_interfaces/ros_gz_interfaces/msg/detail/altimeter__rosidl_typesupport_fastrtps_cpp.hpp
[3.652s] -- Up-to-date: /root/ros2_workspace/install/ros_gz_interfaces/include/ros_gz_interfaces/ros_gz_interfaces/msg/detail/param_vec__rosidl_typesupport_fastrtps_cpp.hpp
[3.653s] -- Up-to-date: /root/ros2_workspace/install/ros_gz_interfaces/include/ros_gz_interfaces/ros_gz_interfaces/msg/detail/light__rosidl_typesupport_fastrtps_cpp.hpp
[3.654s] -- Up-to-date: /root/ros2_workspace/install/ros_gz_interfaces/include/ros_gz_interfaces/ros_gz_interfaces/msg/detail/string_vec__rosidl_typesupport_fastrtps_cpp.hpp
[3.655s] -- Up-to-date: /root/ros2_workspace/install/ros_gz_interfaces/include/ros_gz_interfaces/ros_gz_interfaces/msg/detail/dataframe__rosidl_typesupport_fastrtps_cpp.hpp
[3.658s] -- Up-to-date: /root/ros2_workspace/install/ros_gz_interfaces/include/ros_gz_interfaces/ros_gz_interfaces/msg/detail/world_control__rosidl_typesupport_fastrtps_cpp.hpp
[3.660s] -- Up-to-date: /root/ros2_workspace/install/ros_gz_interfaces/include/ros_gz_interfaces/ros_gz_interfaces/msg/detail/contact__rosidl_typesupport_fastrtps_cpp.hpp
[3.661s] -- Up-to-date: /root/ros2_workspace/install/ros_gz_interfaces/include/ros_gz_interfaces/ros_gz_interfaces/msg/detail/dds_fastrtps
[3.665s] -- Up-to-date: /root/ros2_workspace/install/ros_gz_interfaces/include/ros_gz_interfaces/ros_gz_interfaces/msg/detail/entity_wrench__rosidl_typesupport_fastrtps_cpp.hpp
[3.667s] -- Up-to-date: /root/ros2_workspace/install/ros_gz_interfaces/include/ros_gz_interfaces/ros_gz_interfaces/msg/detail/material_color__rosidl_typesupport_fastrtps_cpp.hpp
[3.671s] -- Up-to-date: /root/ros2_workspace/install/ros_gz_interfaces/include/ros_gz_interfaces/ros_gz_interfaces/msg/detail/gui_camera__rosidl_typesupport_fastrtps_cpp.hpp
[3.673s] -- Up-to-date: /root/ros2_workspace/install/ros_gz_interfaces/include/ros_gz_interfaces/ros_gz_interfaces/msg/detail/contacts__rosidl_typesupport_fastrtps_cpp.hpp
[3.676s] -- Up-to-date: /root/ros2_workspace/install/ros_gz_interfaces/include/ros_gz_interfaces/ros_gz_interfaces/srv
[3.680s] -- Up-to-date: /root/ros2_workspace/install/ros_gz_interfaces/include/ros_gz_interfaces/ros_gz_interfaces/srv/detail
[3.685s] -- Up-to-date: /root/ros2_workspace/install/ros_gz_interfaces/include/ros_gz_interfaces/ros_gz_interfaces/srv/detail/spawn_entity__rosidl_typesupport_fastrtps_cpp.hpp
[3.686s] -- Up-to-date: /root/ros2_workspace/install/ros_gz_interfaces/include/ros_gz_interfaces/ros_gz_interfaces/srv/detail/delete_entity__rosidl_typesupport_fastrtps_cpp.hpp
[3.687s] -- Up-to-date: /root/ros2_workspace/install/ros_gz_interfaces/include/ros_gz_interfaces/ros_gz_interfaces/srv/detail/control_world__rosidl_typesupport_fastrtps_cpp.hpp
[3.688s] -- Up-to-date: /root/ros2_workspace/install/ros_gz_interfaces/include/ros_gz_interfaces/ros_gz_interfaces/srv/detail/dds_fastrtps
[3.690s] -- Up-to-date: /root/ros2_workspace/install/ros_gz_interfaces/include/ros_gz_interfaces/ros_gz_interfaces/srv/detail/set_entity_pose__rosidl_typesupport_fastrtps_cpp.hpp
[3.692s] -- Up-to-date: /root/ros2_workspace/install/ros_gz_interfaces/lib/libros_gz_interfaces__rosidl_typesupport_fastrtps_cpp.so
[3.695s] -- Up-to-date: /root/ros2_workspace/install/ros_gz_interfaces/include/ros_gz_interfaces/ros_gz_interfaces
[3.697s] -- Up-to-date: /root/ros2_workspace/install/ros_gz_interfaces/include/ros_gz_interfaces/ros_gz_interfaces/msg
[3.699s] -- Up-to-date: /root/ros2_workspace/install/ros_gz_interfaces/include/ros_gz_interfaces/ros_gz_interfaces/msg/detail
[3.701s] -- Up-to-date: /root/ros2_workspace/install/ros_gz_interfaces/include/ros_gz_interfaces/ros_gz_interfaces/msg/detail/entity__rosidl_typesupport_introspection_c.h
[3.703s] -- Up-to-date: /root/ros2_workspace/install/ros_gz_interfaces/include/ros_gz_interfaces/ros_gz_interfaces/msg/detail/contact__rosidl_typesupport_introspection_c.h
[3.704s] -- Up-to-date: /root/ros2_workspace/install/ros_gz_interfaces/include/ros_gz_interfaces/ros_gz_interfaces/msg/detail/dataframe__rosidl_typesupport_introspection_c.h
[3.705s] -- Up-to-date: /root/ros2_workspace/install/ros_gz_interfaces/include/ros_gz_interfaces/ros_gz_interfaces/msg/detail/float32_array__type_support.c
[3.708s] -- Up-to-date: /root/ros2_workspace/install/ros_gz_interfaces/include/ros_gz_interfaces/ros_gz_interfaces/msg/detail/gui_camera__type_support.c
[3.711s] -- Up-to-date: /root/ros2_workspace/install/ros_gz_interfaces/include/ros_gz_interfaces/ros_gz_interfaces/msg/detail/contact__type_support.c
[3.713s] -- Up-to-date: /root/ros2_workspace/install/ros_gz_interfaces/include/ros_gz_interfaces/ros_gz_interfaces/msg/detail/altimeter__type_support.c
[3.714s] -- Up-to-date: /root/ros2_workspace/install/ros_gz_interfaces/include/ros_gz_interfaces/ros_gz_interfaces/msg/detail/world_reset__rosidl_typesupport_introspection_c.h
[3.715s] -- Up-to-date: /root/ros2_workspace/install/ros_gz_interfaces/include/ros_gz_interfaces/ros_gz_interfaces/msg/detail/sensor_noise__type_support.c
[3.717s] -- Up-to-date: /root/ros2_workspace/install/ros_gz_interfaces/include/ros_gz_interfaces/ros_gz_interfaces/msg/detail/string_vec__type_support.c
[3.719s] -- Up-to-date: /root/ros2_workspace/install/ros_gz_interfaces/include/ros_gz_interfaces/ros_gz_interfaces/msg/detail/float32_array__rosidl_typesupport_introspection_c.h
[3.720s] -- Up-to-date: /root/ros2_workspace/install/ros_gz_interfaces/include/ros_gz_interfaces/ros_gz_interfaces/msg/detail/entity__type_support.c
[3.721s] -- Up-to-date: /root/ros2_workspace/install/ros_gz_interfaces/include/ros_gz_interfaces/ros_gz_interfaces/msg/detail/string_vec__rosidl_typesupport_introspection_c.h
[3.722s] -- Up-to-date: /root/ros2_workspace/install/ros_gz_interfaces/include/ros_gz_interfaces/ros_gz_interfaces/msg/detail/logical_camera_image__rosidl_typesupport_introspection_c.h
[3.723s] -- Up-to-date: /root/ros2_workspace/install/ros_gz_interfaces/include/ros_gz_interfaces/ros_gz_interfaces/msg/detail/logical_camera_image_model__type_support.c
[3.724s] -- Up-to-date: /root/ros2_workspace/install/ros_gz_interfaces/include/ros_gz_interfaces/ros_gz_interfaces/msg/detail/track_visual__rosidl_typesupport_introspection_c.h
[3.725s] -- Up-to-date: /root/ros2_workspace/install/ros_gz_interfaces/include/ros_gz_interfaces/ros_gz_interfaces/msg/detail/world_control__type_support.c
[3.726s] -- Up-to-date: /root/ros2_workspace/install/ros_gz_interfaces/include/ros_gz_interfaces/ros_gz_interfaces/msg/detail/gui_camera__rosidl_typesupport_introspection_c.h
[3.727s] -- Up-to-date: /root/ros2_workspace/install/ros_gz_interfaces/include/ros_gz_interfaces/ros_gz_interfaces/msg/detail/world_reset__type_support.c
[3.728s] -- Up-to-date: /root/ros2_workspace/install/ros_gz_interfaces/include/ros_gz_interfaces/ros_gz_interfaces/msg/detail/light__type_support.c
[3.730s] -- Up-to-date: /root/ros2_workspace/install/ros_gz_interfaces/include/ros_gz_interfaces/ros_gz_interfaces/msg/detail/joint_wrench__type_support.c
[3.730s] -- Up-to-date: /root/ros2_workspace/install/ros_gz_interfaces/include/ros_gz_interfaces/ros_gz_interfaces/msg/detail/entity_factory__rosidl_typesupport_introspection_c.h
[3.731s] -- Up-to-date: /root/ros2_workspace/install/ros_gz_interfaces/include/ros_gz_interfaces/ros_gz_interfaces/msg/detail/light__rosidl_typesupport_introspection_c.h
[3.731s] -- Up-to-date: /root/ros2_workspace/install/ros_gz_interfaces/include/ros_gz_interfaces/ros_gz_interfaces/msg/detail/logical_camera_image_model__rosidl_typesupport_introspection_c.h
[3.732s] -- Up-to-date: /root/ros2_workspace/install/ros_gz_interfaces/include/ros_gz_interfaces/ros_gz_interfaces/msg/detail/entity_wrench__type_support.c
[3.733s] -- Up-to-date: /root/ros2_workspace/install/ros_gz_interfaces/include/ros_gz_interfaces/ros_gz_interfaces/msg/detail/logical_camera_image__type_support.c
[3.734s] -- Up-to-date: /root/ros2_workspace/install/ros_gz_interfaces/include/ros_gz_interfaces/ros_gz_interfaces/msg/detail/altimeter__rosidl_typesupport_introspection_c.h
[3.736s] -- Up-to-date: /root/ros2_workspace/install/ros_gz_interfaces/include/ros_gz_interfaces/ros_gz_interfaces/msg/detail/video_record__rosidl_typesupport_introspection_c.h
[3.738s] -- Up-to-date: /root/ros2_workspace/install/ros_gz_interfaces/include/ros_gz_interfaces/ros_gz_interfaces/msg/detail/contacts__type_support.c
[3.738s] -- Up-to-date: /root/ros2_workspace/install/ros_gz_interfaces/include/ros_gz_interfaces/ros_gz_interfaces/msg/detail/video_record__type_support.c
[3.739s] -- Up-to-date: /root/ros2_workspace/install/ros_gz_interfaces/include/ros_gz_interfaces/ros_gz_interfaces/msg/detail/material_color__type_support.c
[3.741s] -- Up-to-date: /root/ros2_workspace/install/ros_gz_interfaces/include/ros_gz_interfaces/ros_gz_interfaces/msg/detail/track_visual__type_support.c
[3.743s] -- Up-to-date: /root/ros2_workspace/install/ros_gz_interfaces/include/ros_gz_interfaces/ros_gz_interfaces/msg/detail/param_vec__type_support.c
[3.745s] -- Up-to-date: /root/ros2_workspace/install/ros_gz_interfaces/include/ros_gz_interfaces/ros_gz_interfaces/msg/detail/material_color__rosidl_typesupport_introspection_c.h
[3.746s] -- Up-to-date: /root/ros2_workspace/install/ros_gz_interfaces/include/ros_gz_interfaces/ros_gz_interfaces/msg/detail/contacts__rosidl_typesupport_introspection_c.h
[3.747s] -- Up-to-date: /root/ros2_workspace/install/ros_gz_interfaces/include/ros_gz_interfaces/ros_gz_interfaces/msg/detail/sensor_noise__rosidl_typesupport_introspection_c.h
[3.748s] -- Up-to-date: /root/ros2_workspace/install/ros_gz_interfaces/include/ros_gz_interfaces/ros_gz_interfaces/msg/detail/joint_wrench__rosidl_typesupport_introspection_c.h
[3.749s] -- Up-to-date: /root/ros2_workspace/install/ros_gz_interfaces/include/ros_gz_interfaces/ros_gz_interfaces/msg/detail/entity_wrench__rosidl_typesupport_introspection_c.h
[3.751s] -- Up-to-date: /root/ros2_workspace/install/ros_gz_interfaces/include/ros_gz_interfaces/ros_gz_interfaces/msg/detail/dataframe__type_support.c
[3.753s] -- Up-to-date: /root/ros2_workspace/install/ros_gz_interfaces/include/ros_gz_interfaces/ros_gz_interfaces/msg/detail/entity_factory__type_support.c
[3.755s] -- Up-to-date: /root/ros2_workspace/install/ros_gz_interfaces/include/ros_gz_interfaces/ros_gz_interfaces/msg/detail/world_control__rosidl_typesupport_introspection_c.h
[3.756s] -- Up-to-date: /root/ros2_workspace/install/ros_gz_interfaces/include/ros_gz_interfaces/ros_gz_interfaces/msg/detail/param_vec__rosidl_typesupport_introspection_c.h
[3.759s] -- Up-to-date: /root/ros2_workspace/install/ros_gz_interfaces/include/ros_gz_interfaces/ros_gz_interfaces/msg/rosidl_typesupport_introspection_c__visibility_control.h
[3.760s] -- Up-to-date: /root/ros2_workspace/install/ros_gz_interfaces/include/ros_gz_interfaces/ros_gz_interfaces/srv
[3.760s] -- Up-to-date: /root/ros2_workspace/install/ros_gz_interfaces/include/ros_gz_interfaces/ros_gz_interfaces/srv/detail
[3.761s] -- Up-to-date: /root/ros2_workspace/install/ros_gz_interfaces/include/ros_gz_interfaces/ros_gz_interfaces/srv/detail/spawn_entity__type_support.c
[3.761s] -- Up-to-date: /root/ros2_workspace/install/ros_gz_interfaces/include/ros_gz_interfaces/ros_gz_interfaces/srv/detail/spawn_entity__rosidl_typesupport_introspection_c.h
[3.762s] -- Up-to-date: /root/ros2_workspace/install/ros_gz_interfaces/include/ros_gz_interfaces/ros_gz_interfaces/srv/detail/control_world__type_support.c
[3.764s] -- Up-to-date: /root/ros2_workspace/install/ros_gz_interfaces/include/ros_gz_interfaces/ros_gz_interfaces/srv/detail/control_world__rosidl_typesupport_introspection_c.h
[3.765s] -- Up-to-date: /root/ros2_workspace/install/ros_gz_interfaces/include/ros_gz_interfaces/ros_gz_interfaces/srv/detail/delete_entity__rosidl_typesupport_introspection_c.h
[3.766s] -- Up-to-date: /root/ros2_workspace/install/ros_gz_interfaces/include/ros_gz_interfaces/ros_gz_interfaces/srv/detail/delete_entity__type_support.c
[3.767s] -- Up-to-date: /root/ros2_workspace/install/ros_gz_interfaces/include/ros_gz_interfaces/ros_gz_interfaces/srv/detail/set_entity_pose__rosidl_typesupport_introspection_c.h
[3.768s] -- Up-to-date: /root/ros2_workspace/install/ros_gz_interfaces/include/ros_gz_interfaces/ros_gz_interfaces/srv/detail/set_entity_pose__type_support.c
[3.770s] -- Up-to-date: /root/ros2_workspace/install/ros_gz_interfaces/lib/libros_gz_interfaces__rosidl_typesupport_introspection_c.so
[3.772s] -- Up-to-date: /root/ros2_workspace/install/ros_gz_interfaces/lib/libros_gz_interfaces__rosidl_typesupport_c.so
[3.774s] -- Up-to-date: /root/ros2_workspace/install/ros_gz_interfaces/include/ros_gz_interfaces/ros_gz_interfaces
[3.775s] -- Up-to-date: /root/ros2_workspace/install/ros_gz_interfaces/include/ros_gz_interfaces/ros_gz_interfaces/msg
[3.776s] -- Up-to-date: /root/ros2_workspace/install/ros_gz_interfaces/include/ros_gz_interfaces/ros_gz_interfaces/msg/detail
[3.778s] -- Up-to-date: /root/ros2_workspace/install/ros_gz_interfaces/include/ros_gz_interfaces/ros_gz_interfaces/msg/detail/contact__type_support.cpp
[3.779s] -- Up-to-date: /root/ros2_workspace/install/ros_gz_interfaces/include/ros_gz_interfaces/ros_gz_interfaces/msg/detail/joint_wrench__rosidl_typesupport_introspection_cpp.hpp
[3.780s] -- Up-to-date: /root/ros2_workspace/install/ros_gz_interfaces/include/ros_gz_interfaces/ros_gz_interfaces/msg/detail/logical_camera_image__type_support.cpp
[3.780s] -- Up-to-date: /root/ros2_workspace/install/ros_gz_interfaces/include/ros_gz_interfaces/ros_gz_interfaces/msg/detail/joint_wrench__type_support.cpp
[3.781s] -- Up-to-date: /root/ros2_workspace/install/ros_gz_interfaces/include/ros_gz_interfaces/ros_gz_interfaces/msg/detail/material_color__type_support.cpp
[3.782s] -- Up-to-date: /root/ros2_workspace/install/ros_gz_interfaces/include/ros_gz_interfaces/ros_gz_interfaces/msg/detail/altimeter__rosidl_typesupport_introspection_cpp.hpp
[3.786s] -- Up-to-date: /root/ros2_workspace/install/ros_gz_interfaces/include/ros_gz_interfaces/ros_gz_interfaces/msg/detail/entity_factory__type_support.cpp
[3.788s] -- Up-to-date: /root/ros2_workspace/install/ros_gz_interfaces/include/ros_gz_interfaces/ros_gz_interfaces/msg/detail/float32_array__rosidl_typesupport_introspection_cpp.hpp
[3.789s] -- Up-to-date: /root/ros2_workspace/install/ros_gz_interfaces/include/ros_gz_interfaces/ros_gz_interfaces/msg/detail/world_control__type_support.cpp
[3.790s] -- Up-to-date: /root/ros2_workspace/install/ros_gz_interfaces/include/ros_gz_interfaces/ros_gz_interfaces/msg/detail/world_control__rosidl_typesupport_introspection_cpp.hpp
[3.792s] -- Up-to-date: /root/ros2_workspace/install/ros_gz_interfaces/include/ros_gz_interfaces/ros_gz_interfaces/msg/detail/light__rosidl_typesupport_introspection_cpp.hpp
[3.793s] -- Up-to-date: /root/ros2_workspace/install/ros_gz_interfaces/include/ros_gz_interfaces/ros_gz_interfaces/msg/detail/entity__type_support.cpp
[3.794s] -- Up-to-date: /root/ros2_workspace/install/ros_gz_interfaces/include/ros_gz_interfaces/ros_gz_interfaces/msg/detail/entity_wrench__type_support.cpp
[3.795s] -- Up-to-date: /root/ros2_workspace/install/ros_gz_interfaces/include/ros_gz_interfaces/ros_gz_interfaces/msg/detail/track_visual__rosidl_typesupport_introspection_cpp.hpp
[3.797s] -- Up-to-date: /root/ros2_workspace/install/ros_gz_interfaces/include/ros_gz_interfaces/ros_gz_interfaces/msg/detail/logical_camera_image_model__rosidl_typesupport_introspection_cpp.hpp
[3.798s] -- Up-to-date: /root/ros2_workspace/install/ros_gz_interfaces/include/ros_gz_interfaces/ros_gz_interfaces/msg/detail/world_reset__type_support.cpp
[3.800s] -- Up-to-date: /root/ros2_workspace/install/ros_gz_interfaces/include/ros_gz_interfaces/ros_gz_interfaces/msg/detail/dataframe__type_support.cpp
[3.801s] -- Up-to-date: /root/ros2_workspace/install/ros_gz_interfaces/include/ros_gz_interfaces/ros_gz_interfaces/msg/detail/material_color__rosidl_typesupport_introspection_cpp.hpp
[3.802s] -- Up-to-date: /root/ros2_workspace/install/ros_gz_interfaces/include/ros_gz_interfaces/ros_gz_interfaces/msg/detail/dataframe__rosidl_typesupport_introspection_cpp.hpp
[3.802s] -- Up-to-date: /root/ros2_workspace/install/ros_gz_interfaces/include/ros_gz_interfaces/ros_gz_interfaces/msg/detail/param_vec__type_support.cpp
[3.803s] -- Up-to-date: /root/ros2_workspace/install/ros_gz_interfaces/include/ros_gz_interfaces/ros_gz_interfaces/msg/detail/string_vec__rosidl_typesupport_introspection_cpp.hpp
[3.803s] -- Up-to-date: /root/ros2_workspace/install/ros_gz_interfaces/include/ros_gz_interfaces/ros_gz_interfaces/msg/detail/entity__rosidl_typesupport_introspection_cpp.hpp
[3.804s] -- Up-to-date: /root/ros2_workspace/install/ros_gz_interfaces/include/ros_gz_interfaces/ros_gz_interfaces/msg/detail/contact__rosidl_typesupport_introspection_cpp.hpp
[3.806s] -- Up-to-date: /root/ros2_workspace/install/ros_gz_interfaces/include/ros_gz_interfaces/ros_gz_interfaces/msg/detail/logical_camera_image__rosidl_typesupport_introspection_cpp.hpp
[3.807s] -- Up-to-date: /root/ros2_workspace/install/ros_gz_interfaces/include/ros_gz_interfaces/ros_gz_interfaces/msg/detail/logical_camera_image_model__type_support.cpp
[3.808s] -- Up-to-date: /root/ros2_workspace/install/ros_gz_interfaces/include/ros_gz_interfaces/ros_gz_interfaces/msg/detail/gui_camera__type_support.cpp
[3.809s] -- Up-to-date: /root/ros2_workspace/install/ros_gz_interfaces/include/ros_gz_interfaces/ros_gz_interfaces/msg/detail/gui_camera__rosidl_typesupport_introspection_cpp.hpp
[3.811s] -- Up-to-date: /root/ros2_workspace/install/ros_gz_interfaces/include/ros_gz_interfaces/ros_gz_interfaces/msg/detail/contacts__rosidl_typesupport_introspection_cpp.hpp
[3.813s] -- Up-to-date: /root/ros2_workspace/install/ros_gz_interfaces/include/ros_gz_interfaces/ros_gz_interfaces/msg/detail/entity_wrench__rosidl_typesupport_introspection_cpp.hpp
[3.815s] -- Up-to-date: /root/ros2_workspace/install/ros_gz_interfaces/include/ros_gz_interfaces/ros_gz_interfaces/msg/detail/sensor_noise__rosidl_typesupport_introspection_cpp.hpp
[3.817s] -- Up-to-date: /root/ros2_workspace/install/ros_gz_interfaces/include/ros_gz_interfaces/ros_gz_interfaces/msg/detail/light__type_support.cpp
[3.818s] -- Up-to-date: /root/ros2_workspace/install/ros_gz_interfaces/include/ros_gz_interfaces/ros_gz_interfaces/msg/detail/video_record__rosidl_typesupport_introspection_cpp.hpp
[3.820s] -- Up-to-date: /root/ros2_workspace/install/ros_gz_interfaces/include/ros_gz_interfaces/ros_gz_interfaces/msg/detail/contacts__type_support.cpp
[3.821s] -- Up-to-date: /root/ros2_workspace/install/ros_gz_interfaces/include/ros_gz_interfaces/ros_gz_interfaces/msg/detail/param_vec__rosidl_typesupport_introspection_cpp.hpp
[3.826s] -- Up-to-date: /root/ros2_workspace/install/ros_gz_interfaces/include/ros_gz_interfaces/ros_gz_interfaces/msg/detail/world_reset__rosidl_typesupport_introspection_cpp.hpp
[3.827s] -- Up-to-date: /root/ros2_workspace/install/ros_gz_interfaces/include/ros_gz_interfaces/ros_gz_interfaces/msg/detail/sensor_noise__type_support.cpp
[3.828s] -- Up-to-date: /root/ros2_workspace/install/ros_gz_interfaces/include/ros_gz_interfaces/ros_gz_interfaces/msg/detail/track_visual__type_support.cpp
[3.830s] -- Up-to-date: /root/ros2_workspace/install/ros_gz_interfaces/include/ros_gz_interfaces/ros_gz_interfaces/msg/detail/string_vec__type_support.cpp
[3.832s] -- Up-to-date: /root/ros2_workspace/install/ros_gz_interfaces/include/ros_gz_interfaces/ros_gz_interfaces/msg/detail/entity_factory__rosidl_typesupport_introspection_cpp.hpp
[3.833s] -- Up-to-date: /root/ros2_workspace/install/ros_gz_interfaces/include/ros_gz_interfaces/ros_gz_interfaces/msg/detail/float32_array__type_support.cpp
[3.834s] -- Up-to-date: /root/ros2_workspace/install/ros_gz_interfaces/include/ros_gz_interfaces/ros_gz_interfaces/msg/detail/altimeter__type_support.cpp
[3.835s] -- Up-to-date: /root/ros2_workspace/install/ros_gz_interfaces/include/ros_gz_interfaces/ros_gz_interfaces/msg/detail/video_record__type_support.cpp
[3.837s] -- Up-to-date: /root/ros2_workspace/install/ros_gz_interfaces/include/ros_gz_interfaces/ros_gz_interfaces/srv
[3.839s] -- Up-to-date: /root/ros2_workspace/install/ros_gz_interfaces/include/ros_gz_interfaces/ros_gz_interfaces/srv/detail
[3.842s] -- Up-to-date: /root/ros2_workspace/install/ros_gz_interfaces/include/ros_gz_interfaces/ros_gz_interfaces/srv/detail/spawn_entity__rosidl_typesupport_introspection_cpp.hpp
[3.846s] -- Up-to-date: /root/ros2_workspace/install/ros_gz_interfaces/include/ros_gz_interfaces/ros_gz_interfaces/srv/detail/spawn_entity__type_support.cpp
[3.848s] -- Up-to-date: /root/ros2_workspace/install/ros_gz_interfaces/include/ros_gz_interfaces/ros_gz_interfaces/srv/detail/control_world__type_support.cpp
[3.851s] -- Up-to-date: /root/ros2_workspace/install/ros_gz_interfaces/include/ros_gz_interfaces/ros_gz_interfaces/srv/detail/control_world__rosidl_typesupport_introspection_cpp.hpp
[3.853s] -- Up-to-date: /root/ros2_workspace/install/ros_gz_interfaces/include/ros_gz_interfaces/ros_gz_interfaces/srv/detail/set_entity_pose__rosidl_typesupport_introspection_cpp.hpp
[3.855s] -- Up-to-date: /root/ros2_workspace/install/ros_gz_interfaces/include/ros_gz_interfaces/ros_gz_interfaces/srv/detail/delete_entity__rosidl_typesupport_introspection_cpp.hpp
[3.858s] -- Up-to-date: /root/ros2_workspace/install/ros_gz_interfaces/include/ros_gz_interfaces/ros_gz_interfaces/srv/detail/delete_entity__type_support.cpp
[3.861s] -- Up-to-date: /root/ros2_workspace/install/ros_gz_interfaces/include/ros_gz_interfaces/ros_gz_interfaces/srv/detail/set_entity_pose__type_support.cpp
[3.865s] -- Up-to-date: /root/ros2_workspace/install/ros_gz_interfaces/lib/libros_gz_interfaces__rosidl_typesupport_introspection_cpp.so
[3.874s] -- Up-to-date: /root/ros2_workspace/install/ros_gz_interfaces/lib/libros_gz_interfaces__rosidl_typesupport_cpp.so
[3.881s] -- Up-to-date: /root/ros2_workspace/install/ros_gz_interfaces/share/ros_gz_interfaces/environment/pythonpath.sh
[3.884s] -- Up-to-date: /root/ros2_workspace/install/ros_gz_interfaces/share/ros_gz_interfaces/environment/pythonpath.dsv
[3.887s] -- Up-to-date: /root/ros2_workspace/install/ros_gz_interfaces/local/lib/python3.10/dist-packages/ros_gz_interfaces-3.0.5-py3.10.egg-info
[3.890s] -- Installing: /root/ros2_workspace/install/ros_gz_interfaces/local/lib/python3.10/dist-packages/ros_gz_interfaces-3.0.5-py3.10.egg-info/PKG-INFO
[3.899s] -- Installing: /root/ros2_workspace/install/ros_gz_interfaces/local/lib/python3.10/dist-packages/ros_gz_interfaces-3.0.5-py3.10.egg-info/SOURCES.txt
[3.909s] -- Installing: /root/ros2_workspace/install/ros_gz_interfaces/local/lib/python3.10/dist-packages/ros_gz_interfaces-3.0.5-py3.10.egg-info/top_level.txt
[3.913s] -- Installing: /root/ros2_workspace/install/ros_gz_interfaces/local/lib/python3.10/dist-packages/ros_gz_interfaces-3.0.5-py3.10.egg-info/dependency_links.txt
[3.921s] -- Up-to-date: /root/ros2_workspace/install/ros_gz_interfaces/local/lib/python3.10/dist-packages/ros_gz_interfaces
[3.923s] -- Up-to-date: /root/ros2_workspace/install/ros_gz_interfaces/local/lib/python3.10/dist-packages/ros_gz_interfaces/ros_gz_interfaces_s__rosidl_typesupport_introspection_c.cpython-310-aarch64-linux-gnu.so
[3.924s] -- Up-to-date: /root/ros2_workspace/install/ros_gz_interfaces/local/lib/python3.10/dist-packages/ros_gz_interfaces/msg
[3.926s] -- Up-to-date: /root/ros2_workspace/install/ros_gz_interfaces/local/lib/python3.10/dist-packages/ros_gz_interfaces/msg/_track_visual_s.c
[3.926s] -- Up-to-date: /root/ros2_workspace/install/ros_gz_interfaces/local/lib/python3.10/dist-packages/ros_gz_interfaces/msg/_gui_camera.py
[3.927s] -- Up-to-date: /root/ros2_workspace/install/ros_gz_interfaces/local/lib/python3.10/dist-packages/ros_gz_interfaces/msg/_world_reset_s.c
[3.928s] -- Up-to-date: /root/ros2_workspace/install/ros_gz_interfaces/local/lib/python3.10/dist-packages/ros_gz_interfaces/msg/_world_reset.py
[3.928s] -- Up-to-date: /root/ros2_workspace/install/ros_gz_interfaces/local/lib/python3.10/dist-packages/ros_gz_interfaces/msg/_contacts.py
[3.929s] -- Up-to-date: /root/ros2_workspace/install/ros_gz_interfaces/local/lib/python3.10/dist-packages/ros_gz_interfaces/msg/_dataframe.py
[3.930s] -- Up-to-date: /root/ros2_workspace/install/ros_gz_interfaces/local/lib/python3.10/dist-packages/ros_gz_interfaces/msg/_sensor_noise.py
[3.931s] -- Up-to-date: /root/ros2_workspace/install/ros_gz_interfaces/local/lib/python3.10/dist-packages/ros_gz_interfaces/msg/_material_color_s.c
[3.931s] -- Up-to-date: /root/ros2_workspace/install/ros_gz_interfaces/local/lib/python3.10/dist-packages/ros_gz_interfaces/msg/_entity_factory.py
[3.932s] -- Up-to-date: /root/ros2_workspace/install/ros_gz_interfaces/local/lib/python3.10/dist-packages/ros_gz_interfaces/msg/_logical_camera_image_model.py
[3.933s] -- Up-to-date: /root/ros2_workspace/install/ros_gz_interfaces/local/lib/python3.10/dist-packages/ros_gz_interfaces/msg/_logical_camera_image_model_s.c
[3.934s] -- Up-to-date: /root/ros2_workspace/install/ros_gz_interfaces/local/lib/python3.10/dist-packages/ros_gz_interfaces/msg/_light_s.c
[3.935s] -- Up-to-date: /root/ros2_workspace/install/ros_gz_interfaces/local/lib/python3.10/dist-packages/ros_gz_interfaces/msg/_float32_array.py
[3.936s] -- Up-to-date: /root/ros2_workspace/install/ros_gz_interfaces/local/lib/python3.10/dist-packages/ros_gz_interfaces/msg/_world_control.py
[3.938s] -- Up-to-date: /root/ros2_workspace/install/ros_gz_interfaces/local/lib/python3.10/dist-packages/ros_gz_interfaces/msg/_entity.py
[3.938s] -- Up-to-date: /root/ros2_workspace/install/ros_gz_interfaces/local/lib/python3.10/dist-packages/ros_gz_interfaces/msg/_light.py
[3.939s] -- Up-to-date: /root/ros2_workspace/install/ros_gz_interfaces/local/lib/python3.10/dist-packages/ros_gz_interfaces/msg/__init__.py
[3.940s] -- Up-to-date: /root/ros2_workspace/install/ros_gz_interfaces/local/lib/python3.10/dist-packages/ros_gz_interfaces/msg/_contact_s.c
[3.941s] -- Up-to-date: /root/ros2_workspace/install/ros_gz_interfaces/local/lib/python3.10/dist-packages/ros_gz_interfaces/msg/_sensor_noise_s.c
[3.941s] -- Up-to-date: /root/ros2_workspace/install/ros_gz_interfaces/local/lib/python3.10/dist-packages/ros_gz_interfaces/msg/_logical_camera_image.py
[3.942s] -- Up-to-date: /root/ros2_workspace/install/ros_gz_interfaces/local/lib/python3.10/dist-packages/ros_gz_interfaces/msg/_altimeter.py
[3.942s] -- Up-to-date: /root/ros2_workspace/install/ros_gz_interfaces/local/lib/python3.10/dist-packages/ros_gz_interfaces/msg/_logical_camera_image_s.c
[3.943s] -- Up-to-date: /root/ros2_workspace/install/ros_gz_interfaces/local/lib/python3.10/dist-packages/ros_gz_interfaces/msg/_joint_wrench.py
[3.944s] -- Up-to-date: /root/ros2_workspace/install/ros_gz_interfaces/local/lib/python3.10/dist-packages/ros_gz_interfaces/msg/_video_record.py
[3.944s] -- Up-to-date: /root/ros2_workspace/install/ros_gz_interfaces/local/lib/python3.10/dist-packages/ros_gz_interfaces/msg/_entity_wrench.py
[3.945s] -- Up-to-date: /root/ros2_workspace/install/ros_gz_interfaces/local/lib/python3.10/dist-packages/ros_gz_interfaces/msg/_entity_wrench_s.c
[3.945s] -- Up-to-date: /root/ros2_workspace/install/ros_gz_interfaces/local/lib/python3.10/dist-packages/ros_gz_interfaces/msg/_param_vec.py
[3.946s] -- Up-to-date: /root/ros2_workspace/install/ros_gz_interfaces/local/lib/python3.10/dist-packages/ros_gz_interfaces/msg/_contacts_s.c
[3.946s] -- Up-to-date: /root/ros2_workspace/install/ros_gz_interfaces/local/lib/python3.10/dist-packages/ros_gz_interfaces/msg/_video_record_s.c
[3.946s] -- Up-to-date: /root/ros2_workspace/install/ros_gz_interfaces/local/lib/python3.10/dist-packages/ros_gz_interfaces/msg/_material_color.py
[3.947s] -- Up-to-date: /root/ros2_workspace/install/ros_gz_interfaces/local/lib/python3.10/dist-packages/ros_gz_interfaces/msg/_altimeter_s.c
[3.947s] -- Up-to-date: /root/ros2_workspace/install/ros_gz_interfaces/local/lib/python3.10/dist-packages/ros_gz_interfaces/msg/_world_control_s.c
[3.948s] -- Up-to-date: /root/ros2_workspace/install/ros_gz_interfaces/local/lib/python3.10/dist-packages/ros_gz_interfaces/msg/_entity_s.c
[3.949s] -- Up-to-date: /root/ros2_workspace/install/ros_gz_interfaces/local/lib/python3.10/dist-packages/ros_gz_interfaces/msg/_entity_factory_s.c
[3.950s] -- Up-to-date: /root/ros2_workspace/install/ros_gz_interfaces/local/lib/python3.10/dist-packages/ros_gz_interfaces/msg/_param_vec_s.c
[3.951s] -- Up-to-date: /root/ros2_workspace/install/ros_gz_interfaces/local/lib/python3.10/dist-packages/ros_gz_interfaces/msg/_joint_wrench_s.c
[3.952s] -- Up-to-date: /root/ros2_workspace/install/ros_gz_interfaces/local/lib/python3.10/dist-packages/ros_gz_interfaces/msg/_gui_camera_s.c
[3.952s] -- Up-to-date: /root/ros2_workspace/install/ros_gz_interfaces/local/lib/python3.10/dist-packages/ros_gz_interfaces/msg/_track_visual.py
[3.954s] -- Up-to-date: /root/ros2_workspace/install/ros_gz_interfaces/local/lib/python3.10/dist-packages/ros_gz_interfaces/msg/_contact.py
[3.955s] -- Up-to-date: /root/ros2_workspace/install/ros_gz_interfaces/local/lib/python3.10/dist-packages/ros_gz_interfaces/msg/_string_vec_s.c
[3.956s] -- Up-to-date: /root/ros2_workspace/install/ros_gz_interfaces/local/lib/python3.10/dist-packages/ros_gz_interfaces/msg/_float32_array_s.c
[3.957s] -- Up-to-date: /root/ros2_workspace/install/ros_gz_interfaces/local/lib/python3.10/dist-packages/ros_gz_interfaces/msg/_dataframe_s.c
[3.958s] -- Up-to-date: /root/ros2_workspace/install/ros_gz_interfaces/local/lib/python3.10/dist-packages/ros_gz_interfaces/msg/_string_vec.py
[3.959s] -- Up-to-date: /root/ros2_workspace/install/ros_gz_interfaces/local/lib/python3.10/dist-packages/ros_gz_interfaces/_ros_gz_interfaces_s.ep.rosidl_typesupport_fastrtps_c.c
[3.960s] -- Up-to-date: /root/ros2_workspace/install/ros_gz_interfaces/local/lib/python3.10/dist-packages/ros_gz_interfaces/ros_gz_interfaces_s__rosidl_typesupport_fastrtps_c.cpython-310-aarch64-linux-gnu.so
[3.961s] -- Up-to-date: /root/ros2_workspace/install/ros_gz_interfaces/local/lib/python3.10/dist-packages/ros_gz_interfaces/__init__.py
[3.962s] -- Up-to-date: /root/ros2_workspace/install/ros_gz_interfaces/local/lib/python3.10/dist-packages/ros_gz_interfaces/_ros_gz_interfaces_s.ep.rosidl_typesupport_c.c
[3.963s] -- Up-to-date: /root/ros2_workspace/install/ros_gz_interfaces/local/lib/python3.10/dist-packages/ros_gz_interfaces/ros_gz_interfaces_s__rosidl_typesupport_c.cpython-310-aarch64-linux-gnu.so
[3.964s] -- Up-to-date: /root/ros2_workspace/install/ros_gz_interfaces/local/lib/python3.10/dist-packages/ros_gz_interfaces/_ros_gz_interfaces_s.ep.rosidl_typesupport_introspection_c.c
[3.965s] -- Up-to-date: /root/ros2_workspace/install/ros_gz_interfaces/local/lib/python3.10/dist-packages/ros_gz_interfaces/libros_gz_interfaces__rosidl_generator_py.so
[3.967s] -- Up-to-date: /root/ros2_workspace/install/ros_gz_interfaces/local/lib/python3.10/dist-packages/ros_gz_interfaces/srv
[3.968s] -- Up-to-date: /root/ros2_workspace/install/ros_gz_interfaces/local/lib/python3.10/dist-packages/ros_gz_interfaces/srv/_control_world_s.c
[3.969s] -- Up-to-date: /root/ros2_workspace/install/ros_gz_interfaces/local/lib/python3.10/dist-packages/ros_gz_interfaces/srv/_spawn_entity_s.c
[3.969s] -- Up-to-date: /root/ros2_workspace/install/ros_gz_interfaces/local/lib/python3.10/dist-packages/ros_gz_interfaces/srv/_control_world.py
[3.970s] -- Up-to-date: /root/ros2_workspace/install/ros_gz_interfaces/local/lib/python3.10/dist-packages/ros_gz_interfaces/srv/_delete_entity.py
[3.972s] -- Up-to-date: /root/ros2_workspace/install/ros_gz_interfaces/local/lib/python3.10/dist-packages/ros_gz_interfaces/srv/_set_entity_pose_s.c
[3.973s] -- Up-to-date: /root/ros2_workspace/install/ros_gz_interfaces/local/lib/python3.10/dist-packages/ros_gz_interfaces/srv/__init__.py
[3.974s] -- Up-to-date: /root/ros2_workspace/install/ros_gz_interfaces/local/lib/python3.10/dist-packages/ros_gz_interfaces/srv/_set_entity_pose.py
[3.975s] -- Up-to-date: /root/ros2_workspace/install/ros_gz_interfaces/local/lib/python3.10/dist-packages/ros_gz_interfaces/srv/_spawn_entity.py
[3.976s] -- Up-to-date: /root/ros2_workspace/install/ros_gz_interfaces/local/lib/python3.10/dist-packages/ros_gz_interfaces/srv/_delete_entity_s.c
[4.138s] Listing '/root/ros2_workspace/install/ros_gz_interfaces/local/lib/python3.10/dist-packages/ros_gz_interfaces'...
[4.142s] Listing '/root/ros2_workspace/install/ros_gz_interfaces/local/lib/python3.10/dist-packages/ros_gz_interfaces/msg'...
[4.143s] Listing '/root/ros2_workspace/install/ros_gz_interfaces/local/lib/python3.10/dist-packages/ros_gz_interfaces/srv'...
[4.144s] -- Up-to-date: /root/ros2_workspace/install/ros_gz_interfaces/local/lib/python3.10/dist-packages/ros_gz_interfaces/ros_gz_interfaces_s__rosidl_typesupport_fastrtps_c.cpython-310-aarch64-linux-gnu.so
[4.155s] -- Up-to-date: /root/ros2_workspace/install/ros_gz_interfaces/local/lib/python3.10/dist-packages/ros_gz_interfaces/ros_gz_interfaces_s__rosidl_typesupport_introspection_c.cpython-310-aarch64-linux-gnu.so
[4.158s] -- Up-to-date: /root/ros2_workspace/install/ros_gz_interfaces/local/lib/python3.10/dist-packages/ros_gz_interfaces/ros_gz_interfaces_s__rosidl_typesupport_c.cpython-310-aarch64-linux-gnu.so
[4.168s] -- Up-to-date: /root/ros2_workspace/install/ros_gz_interfaces/lib/libros_gz_interfaces__rosidl_generator_py.so
[4.175s] -- Up-to-date: /root/ros2_workspace/install/ros_gz_interfaces/share/ros_gz_interfaces/msg/Altimeter.idl
[4.178s] -- Up-to-date: /root/ros2_workspace/install/ros_gz_interfaces/share/ros_gz_interfaces/msg/Contact.idl
[4.179s] -- Up-to-date: /root/ros2_workspace/install/ros_gz_interfaces/share/ros_gz_interfaces/msg/Contacts.idl
[4.182s] -- Up-to-date: /root/ros2_workspace/install/ros_gz_interfaces/share/ros_gz_interfaces/msg/Dataframe.idl
[4.188s] -- Up-to-date: /root/ros2_workspace/install/ros_gz_interfaces/share/ros_gz_interfaces/msg/Entity.idl
[4.190s] -- Up-to-date: /root/ros2_workspace/install/ros_gz_interfaces/share/ros_gz_interfaces/msg/EntityFactory.idl
[4.191s] -- Up-to-date: /root/ros2_workspace/install/ros_gz_interfaces/share/ros_gz_interfaces/msg/EntityWrench.idl
[4.192s] -- Up-to-date: /root/ros2_workspace/install/ros_gz_interfaces/share/ros_gz_interfaces/msg/Float32Array.idl
[4.193s] -- Up-to-date: /root/ros2_workspace/install/ros_gz_interfaces/share/ros_gz_interfaces/msg/GuiCamera.idl
[4.195s] -- Up-to-date: /root/ros2_workspace/install/ros_gz_interfaces/share/ros_gz_interfaces/msg/JointWrench.idl
[4.196s] -- Up-to-date: /root/ros2_workspace/install/ros_gz_interfaces/share/ros_gz_interfaces/msg/Light.idl
[4.197s] -- Up-to-date: /root/ros2_workspace/install/ros_gz_interfaces/share/ros_gz_interfaces/msg/LogicalCameraImage.idl
[4.198s] -- Up-to-date: /root/ros2_workspace/install/ros_gz_interfaces/share/ros_gz_interfaces/msg/LogicalCameraImageModel.idl
[4.199s] -- Up-to-date: /root/ros2_workspace/install/ros_gz_interfaces/share/ros_gz_interfaces/msg/MaterialColor.idl
[4.201s] -- Up-to-date: /root/ros2_workspace/install/ros_gz_interfaces/share/ros_gz_interfaces/msg/ParamVec.idl
[4.201s] -- Up-to-date: /root/ros2_workspace/install/ros_gz_interfaces/share/ros_gz_interfaces/msg/SensorNoise.idl
[4.202s] -- Up-to-date: /root/ros2_workspace/install/ros_gz_interfaces/share/ros_gz_interfaces/msg/StringVec.idl
[4.203s] -- Up-to-date: /root/ros2_workspace/install/ros_gz_interfaces/share/ros_gz_interfaces/msg/TrackVisual.idl
[4.204s] -- Up-to-date: /root/ros2_workspace/install/ros_gz_interfaces/share/ros_gz_interfaces/msg/VideoRecord.idl
[4.205s] -- Up-to-date: /root/ros2_workspace/install/ros_gz_interfaces/share/ros_gz_interfaces/msg/WorldControl.idl
[4.206s] -- Up-to-date: /root/ros2_workspace/install/ros_gz_interfaces/share/ros_gz_interfaces/msg/WorldReset.idl
[4.207s] -- Up-to-date: /root/ros2_workspace/install/ros_gz_interfaces/share/ros_gz_interfaces/srv/ControlWorld.idl
[4.211s] -- Up-to-date: /root/ros2_workspace/install/ros_gz_interfaces/share/ros_gz_interfaces/srv/DeleteEntity.idl
[4.212s] -- Up-to-date: /root/ros2_workspace/install/ros_gz_interfaces/share/ros_gz_interfaces/srv/SetEntityPose.idl
[4.213s] -- Up-to-date: /root/ros2_workspace/install/ros_gz_interfaces/share/ros_gz_interfaces/srv/SpawnEntity.idl
[4.214s] -- Up-to-date: /root/ros2_workspace/install/ros_gz_interfaces/share/ros_gz_interfaces/msg/Altimeter.msg
[4.215s] -- Up-to-date: /root/ros2_workspace/install/ros_gz_interfaces/share/ros_gz_interfaces/msg/Contact.msg
[4.217s] -- Up-to-date: /root/ros2_workspace/install/ros_gz_interfaces/share/ros_gz_interfaces/msg/Contacts.msg
[4.218s] -- Up-to-date: /root/ros2_workspace/install/ros_gz_interfaces/share/ros_gz_interfaces/msg/Dataframe.msg
[4.219s] -- Up-to-date: /root/ros2_workspace/install/ros_gz_interfaces/share/ros_gz_interfaces/msg/Entity.msg
[4.221s] -- Up-to-date: /root/ros2_workspace/install/ros_gz_interfaces/share/ros_gz_interfaces/msg/EntityFactory.msg
[4.222s] -- Up-to-date: /root/ros2_workspace/install/ros_gz_interfaces/share/ros_gz_interfaces/msg/EntityWrench.msg
[4.224s] -- Up-to-date: /root/ros2_workspace/install/ros_gz_interfaces/share/ros_gz_interfaces/msg/Float32Array.msg
[4.226s] -- Up-to-date: /root/ros2_workspace/install/ros_gz_interfaces/share/ros_gz_interfaces/msg/GuiCamera.msg
[4.227s] -- Up-to-date: /root/ros2_workspace/install/ros_gz_interfaces/share/ros_gz_interfaces/msg/JointWrench.msg
[4.229s] -- Up-to-date: /root/ros2_workspace/install/ros_gz_interfaces/share/ros_gz_interfaces/msg/Light.msg
[4.230s] -- Up-to-date: /root/ros2_workspace/install/ros_gz_interfaces/share/ros_gz_interfaces/msg/LogicalCameraImage.msg
[4.232s] -- Up-to-date: /root/ros2_workspace/install/ros_gz_interfaces/share/ros_gz_interfaces/msg/LogicalCameraImageModel.msg
[4.233s] -- Up-to-date: /root/ros2_workspace/install/ros_gz_interfaces/share/ros_gz_interfaces/msg/MaterialColor.msg
[4.234s] -- Up-to-date: /root/ros2_workspace/install/ros_gz_interfaces/share/ros_gz_interfaces/msg/ParamVec.msg
[4.235s] -- Up-to-date: /root/ros2_workspace/install/ros_gz_interfaces/share/ros_gz_interfaces/msg/SensorNoise.msg
[4.236s] -- Up-to-date: /root/ros2_workspace/install/ros_gz_interfaces/share/ros_gz_interfaces/msg/StringVec.msg
[4.237s] -- Up-to-date: /root/ros2_workspace/install/ros_gz_interfaces/share/ros_gz_interfaces/msg/TrackVisual.msg
[4.237s] -- Up-to-date: /root/ros2_workspace/install/ros_gz_interfaces/share/ros_gz_interfaces/msg/VideoRecord.msg
[4.239s] -- Up-to-date: /root/ros2_workspace/install/ros_gz_interfaces/share/ros_gz_interfaces/msg/WorldControl.msg
[4.241s] -- Up-to-date: /root/ros2_workspace/install/ros_gz_interfaces/share/ros_gz_interfaces/msg/WorldReset.msg
[4.242s] -- Up-to-date: /root/ros2_workspace/install/ros_gz_interfaces/share/ros_gz_interfaces/srv/ControlWorld.srv
[4.244s] -- Up-to-date: /root/ros2_workspace/install/ros_gz_interfaces/share/ros_gz_interfaces/srv/ControlWorld_Request.msg
[4.247s] -- Up-to-date: /root/ros2_workspace/install/ros_gz_interfaces/share/ros_gz_interfaces/srv/ControlWorld_Response.msg
[4.249s] -- Up-to-date: /root/ros2_workspace/install/ros_gz_interfaces/share/ros_gz_interfaces/srv/DeleteEntity.srv
[4.249s] -- Up-to-date: /root/ros2_workspace/install/ros_gz_interfaces/share/ros_gz_interfaces/srv/DeleteEntity_Request.msg
[4.251s] -- Up-to-date: /root/ros2_workspace/install/ros_gz_interfaces/share/ros_gz_interfaces/srv/DeleteEntity_Response.msg
[4.253s] -- Up-to-date: /root/ros2_workspace/install/ros_gz_interfaces/share/ros_gz_interfaces/srv/SetEntityPose.srv
[4.254s] -- Up-to-date: /root/ros2_workspace/install/ros_gz_interfaces/share/ros_gz_interfaces/srv/SetEntityPose_Request.msg
[4.255s] -- Up-to-date: /root/ros2_workspace/install/ros_gz_interfaces/share/ros_gz_interfaces/srv/SetEntityPose_Response.msg
[4.257s] -- Up-to-date: /root/ros2_workspace/install/ros_gz_interfaces/share/ros_gz_interfaces/srv/SpawnEntity.srv
[4.258s] -- Up-to-date: /root/ros2_workspace/install/ros_gz_interfaces/share/ros_gz_interfaces/srv/SpawnEntity_Request.msg
[4.260s] -- Up-to-date: /root/ros2_workspace/install/ros_gz_interfaces/share/ros_gz_interfaces/srv/SpawnEntity_Response.msg
[4.263s] -- Up-to-date: /root/ros2_workspace/install/ros_gz_interfaces/share/ament_index/resource_index/package_run_dependencies/ros_gz_interfaces
[4.268s] -- Up-to-date: /root/ros2_workspace/install/ros_gz_interfaces/share/ament_index/resource_index/parent_prefix_path/ros_gz_interfaces
[4.269s] -- Up-to-date: /root/ros2_workspace/install/ros_gz_interfaces/share/ros_gz_interfaces/environment/ament_prefix_path.sh
[4.270s] -- Up-to-date: /root/ros2_workspace/install/ros_gz_interfaces/share/ros_gz_interfaces/environment/ament_prefix_path.dsv
[4.271s] -- Up-to-date: /root/ros2_workspace/install/ros_gz_interfaces/share/ros_gz_interfaces/environment/path.sh
[4.272s] -- Up-to-date: /root/ros2_workspace/install/ros_gz_interfaces/share/ros_gz_interfaces/environment/path.dsv
[4.274s] -- Up-to-date: /root/ros2_workspace/install/ros_gz_interfaces/share/ros_gz_interfaces/local_setup.bash
[4.274s] -- Up-to-date: /root/ros2_workspace/install/ros_gz_interfaces/share/ros_gz_interfaces/local_setup.sh
[4.276s] -- Up-to-date: /root/ros2_workspace/install/ros_gz_interfaces/share/ros_gz_interfaces/local_setup.zsh
[4.277s] -- Up-to-date: /root/ros2_workspace/install/ros_gz_interfaces/share/ros_gz_interfaces/local_setup.dsv
[4.278s] -- Installing: /root/ros2_workspace/install/ros_gz_interfaces/share/ros_gz_interfaces/package.dsv
[4.290s] -- Up-to-date: /root/ros2_workspace/install/ros_gz_interfaces/share/ament_index/resource_index/packages/ros_gz_interfaces
[4.296s] -- Up-to-date: /root/ros2_workspace/install/ros_gz_interfaces/share/ros_gz_interfaces/cmake/export_ros_gz_interfaces__rosidl_generator_cExport.cmake
[4.297s] -- Up-to-date: /root/ros2_workspace/install/ros_gz_interfaces/share/ros_gz_interfaces/cmake/export_ros_gz_interfaces__rosidl_generator_cExport-noconfig.cmake
[4.303s] -- Up-to-date: /root/ros2_workspace/install/ros_gz_interfaces/share/ros_gz_interfaces/cmake/export_ros_gz_interfaces__rosidl_typesupport_fastrtps_cExport.cmake
[4.310s] -- Up-to-date: /root/ros2_workspace/install/ros_gz_interfaces/share/ros_gz_interfaces/cmake/export_ros_gz_interfaces__rosidl_typesupport_fastrtps_cExport-noconfig.cmake
[4.319s] -- Up-to-date: /root/ros2_workspace/install/ros_gz_interfaces/share/ros_gz_interfaces/cmake/export_ros_gz_interfaces__rosidl_generator_cppExport.cmake
[4.324s] -- Up-to-date: /root/ros2_workspace/install/ros_gz_interfaces/share/ros_gz_interfaces/cmake/export_ros_gz_interfaces__rosidl_typesupport_fastrtps_cppExport.cmake
[4.325s] -- Up-to-date: /root/ros2_workspace/install/ros_gz_interfaces/share/ros_gz_interfaces/cmake/export_ros_gz_interfaces__rosidl_typesupport_fastrtps_cppExport-noconfig.cmake
[4.329s] -- Up-to-date: /root/ros2_workspace/install/ros_gz_interfaces/share/ros_gz_interfaces/cmake/ros_gz_interfaces__rosidl_typesupport_introspection_cExport.cmake
[4.330s] -- Up-to-date: /root/ros2_workspace/install/ros_gz_interfaces/share/ros_gz_interfaces/cmake/ros_gz_interfaces__rosidl_typesupport_introspection_cExport-noconfig.cmake
[4.334s] -- Up-to-date: /root/ros2_workspace/install/ros_gz_interfaces/share/ros_gz_interfaces/cmake/ros_gz_interfaces__rosidl_typesupport_cExport.cmake
[4.336s] -- Up-to-date: /root/ros2_workspace/install/ros_gz_interfaces/share/ros_gz_interfaces/cmake/ros_gz_interfaces__rosidl_typesupport_cExport-noconfig.cmake
[4.342s] -- Up-to-date: /root/ros2_workspace/install/ros_gz_interfaces/share/ros_gz_interfaces/cmake/ros_gz_interfaces__rosidl_typesupport_introspection_cppExport.cmake
[4.345s] -- Up-to-date: /root/ros2_workspace/install/ros_gz_interfaces/share/ros_gz_interfaces/cmake/ros_gz_interfaces__rosidl_typesupport_introspection_cppExport-noconfig.cmake
[4.355s] -- Up-to-date: /root/ros2_workspace/install/ros_gz_interfaces/share/ros_gz_interfaces/cmake/ros_gz_interfaces__rosidl_typesupport_cppExport.cmake
[4.357s] -- Up-to-date: /root/ros2_workspace/install/ros_gz_interfaces/share/ros_gz_interfaces/cmake/ros_gz_interfaces__rosidl_typesupport_cppExport-noconfig.cmake
[4.364s] -- Up-to-date: /root/ros2_workspace/install/ros_gz_interfaces/share/ros_gz_interfaces/cmake/export_ros_gz_interfaces__rosidl_generator_pyExport.cmake
[4.377s] -- Up-to-date: /root/ros2_workspace/install/ros_gz_interfaces/share/ros_gz_interfaces/cmake/export_ros_gz_interfaces__rosidl_generator_pyExport-noconfig.cmake
[4.380s] -- Up-to-date: /root/ros2_workspace/install/ros_gz_interfaces/share/ros_gz_interfaces/cmake/rosidl_cmake-extras.cmake
[4.408s] -- Up-to-date: /root/ros2_workspace/install/ros_gz_interfaces/share/ros_gz_interfaces/cmake/ament_cmake_export_dependencies-extras.cmake
[4.412s] -- Up-to-date: /root/ros2_workspace/install/ros_gz_interfaces/share/ros_gz_interfaces/cmake/ament_cmake_export_include_directories-extras.cmake
[4.420s] -- Up-to-date: /root/ros2_workspace/install/ros_gz_interfaces/share/ros_gz_interfaces/cmake/ament_cmake_export_libraries-extras.cmake
[4.424s] -- Up-to-date: /root/ros2_workspace/install/ros_gz_interfaces/share/ros_gz_interfaces/cmake/ament_cmake_export_targets-extras.cmake
[4.437s] -- Up-to-date: /root/ros2_workspace/install/ros_gz_interfaces/share/ros_gz_interfaces/cmake/rosidl_cmake_export_typesupport_targets-extras.cmake
[4.485s] -- Up-to-date: /root/ros2_workspace/install/ros_gz_interfaces/share/ros_gz_interfaces/cmake/rosidl_cmake_export_typesupport_libraries-extras.cmake
[4.490s] -- Up-to-date: /root/ros2_workspace/install/ros_gz_interfaces/share/ros_gz_interfaces/cmake/ros_gz_interfacesConfig.cmake
[4.506s] -- Up-to-date: /root/ros2_workspace/install/ros_gz_interfaces/share/ros_gz_interfaces/cmake/ros_gz_interfacesConfig-version.cmake
[4.520s] -- Up-to-date: /root/ros2_workspace/install/ros_gz_interfaces/share/ros_gz_interfaces/package.xml
[4.529s] Invoked command in '/root/ros2_workspace/build/ros_gz_interfaces' returned '0': CMAKE_PREFIX_PATH=/opt/ros/humble /usr/bin/cmake --install /root/ros2_workspace/build/ros_gz_interfaces
